2019-04-13 13:44:37.184  INFO 12184 --- [main] r.n.j.c.validator.CityCodeValidatorTest  : Starting CityCodeValidatorTest on RRoschinNB with PID 12184 (started by romros in C:\notwork\np-job-task\np-task-java)
2019-04-13 13:44:37.185 DEBUG 12184 --- [main] r.n.j.c.validator.CityCodeValidatorTest  : Running with Spring Boot v2.1.4.RELEASE, Spring v5.1.6.RELEASE
2019-04-13 13:44:37.186  INFO 12184 --- [main] r.n.j.c.validator.CityCodeValidatorTest  : The following profiles are active: unit-test
2019-04-13 13:44:38.771  WARN 12184 --- [main] o.s.w.c.s.GenericWebApplicationContext   : Exception encountered during context initialization - cancelling refresh attempt: org.springframework.beans.factory.BeanCreationException: Error creating bean with name 'applicationConfig': Injection of autowired dependencies failed; nested exception is java.lang.IllegalArgumentException: Could not resolve placeholder 'amadeus.api.key' in value "${amadeus.api.key}"
2019-04-13 13:44:38.816  INFO 12184 --- [main] ConditionEvaluationReportLoggingListener : 

Error starting ApplicationContext. To display the conditions report re-run your application with 'debug' enabled.
2019-04-13 13:44:38.822 ERROR 12184 --- [main] o.s.boot.SpringApplication               : Application run failed

org.springframework.beans.factory.BeanCreationException: Error creating bean with name 'applicationConfig': Injection of autowired dependencies failed; nested exception is java.lang.IllegalArgumentException: Could not resolve placeholder 'amadeus.api.key' in value "${amadeus.api.key}"
	at org.springframework.beans.factory.annotation.AutowiredAnnotationBeanPostProcessor.postProcessProperties(AutowiredAnnotationBeanPostProcessor.java:380)
	at org.springframework.beans.factory.support.AbstractAutowireCapableBeanFactory.populateBean(AbstractAutowireCapableBeanFactory.java:1411)
	at org.springframework.beans.factory.support.AbstractAutowireCapableBeanFactory.doCreateBean(AbstractAutowireCapableBeanFactory.java:592)
	at org.springframework.beans.factory.support.AbstractAutowireCapableBeanFactory.createBean(AbstractAutowireCapableBeanFactory.java:515)
	at org.springframework.beans.factory.support.AbstractBeanFactory.lambda$doGetBean$0(AbstractBeanFactory.java:320)
	at org.springframework.beans.factory.support.DefaultSingletonBeanRegistry.getSingleton(DefaultSingletonBeanRegistry.java:222)
	at org.springframework.beans.factory.support.AbstractBeanFactory.doGetBean(AbstractBeanFactory.java:318)
	at org.springframework.beans.factory.support.AbstractBeanFactory.getBean(AbstractBeanFactory.java:199)
	at org.springframework.beans.factory.support.DefaultListableBeanFactory.preInstantiateSingletons(DefaultListableBeanFactory.java:849)
	at org.springframework.context.support.AbstractApplicationContext.finishBeanFactoryInitialization(AbstractApplicationContext.java:877)
	at org.springframework.context.support.AbstractApplicationContext.refresh(AbstractApplicationContext.java:549)
	at org.springframework.boot.SpringApplication.refresh(SpringApplication.java:775)
	at org.springframework.boot.SpringApplication.refreshContext(SpringApplication.java:397)
	at org.springframework.boot.SpringApplication.run(SpringApplication.java:316)
	at org.springframework.boot.test.context.SpringBootContextLoader.loadContext(SpringBootContextLoader.java:127)
	at org.springframework.test.context.cache.DefaultCacheAwareContextLoaderDelegate.loadContextInternal(DefaultCacheAwareContextLoaderDelegate.java:99)
	at org.springframework.test.context.cache.DefaultCacheAwareContextLoaderDelegate.loadContext(DefaultCacheAwareContextLoaderDelegate.java:117)
	at org.springframework.test.context.support.DefaultTestContext.getApplicationContext(DefaultTestContext.java:108)
	at org.springframework.test.context.web.ServletTestExecutionListener.setUpRequestContextIfNecessary(ServletTestExecutionListener.java:190)
	at org.springframework.test.context.web.ServletTestExecutionListener.prepareTestInstance(ServletTestExecutionListener.java:132)
	at org.springframework.test.context.TestContextManager.prepareTestInstance(TestContextManager.java:246)
	at org.springframework.test.context.junit4.SpringJUnit4ClassRunner.createTest(SpringJUnit4ClassRunner.java:227)
	at org.springframework.test.context.junit4.SpringJUnit4ClassRunner$1.runReflectiveCall(SpringJUnit4ClassRunner.java:289)
	at org.junit.internal.runners.model.ReflectiveCallable.run(ReflectiveCallable.java:12)
	at org.springframework.test.context.junit4.SpringJUnit4ClassRunner.methodBlock(SpringJUnit4ClassRunner.java:291)
	at org.springframework.test.context.junit4.SpringJUnit4ClassRunner.runChild(SpringJUnit4ClassRunner.java:246)
	at org.springframework.test.context.junit4.SpringJUnit4ClassRunner.runChild(SpringJUnit4ClassRunner.java:97)
	at org.junit.runners.ParentRunner$3.run(ParentRunner.java:290)
	at org.junit.runners.ParentRunner$1.schedule(ParentRunner.java:71)
	at org.junit.runners.ParentRunner.runChildren(ParentRunner.java:288)
	at org.junit.runners.ParentRunner.access$000(ParentRunner.java:58)
	at org.junit.runners.ParentRunner$2.evaluate(ParentRunner.java:268)
	at org.springframework.test.context.junit4.statements.RunBeforeTestClassCallbacks.evaluate(RunBeforeTestClassCallbacks.java:61)
	at org.springframework.test.context.junit4.statements.RunAfterTestClassCallbacks.evaluate(RunAfterTestClassCallbacks.java:70)
	at org.junit.runners.ParentRunner.run(ParentRunner.java:363)
	at org.springframework.test.context.junit4.SpringJUnit4ClassRunner.run(SpringJUnit4ClassRunner.java:190)
	at org.junit.runner.JUnitCore.run(JUnitCore.java:137)
	at com.intellij.junit4.JUnit4IdeaTestRunner.startRunnerWithArgs(JUnit4IdeaTestRunner.java:68)
	at com.intellij.rt.execution.junit.IdeaTestRunner$Repeater.startRunnerWithArgs(IdeaTestRunner.java:47)
	at com.intellij.rt.execution.junit.JUnitStarter.prepareStreamsAndStart(JUnitStarter.java:242)
	at com.intellij.rt.execution.junit.JUnitStarter.main(JUnitStarter.java:70)
Caused by: java.lang.IllegalArgumentException: Could not resolve placeholder 'amadeus.api.key' in value "${amadeus.api.key}"
	at org.springframework.util.PropertyPlaceholderHelper.parseStringValue(PropertyPlaceholderHelper.java:172)
	at org.springframework.util.PropertyPlaceholderHelper.replacePlaceholders(PropertyPlaceholderHelper.java:124)
	at org.springframework.core.env.AbstractPropertyResolver.doResolvePlaceholders(AbstractPropertyResolver.java:237)
	at org.springframework.core.env.AbstractPropertyResolver.resolveRequiredPlaceholders(AbstractPropertyResolver.java:211)
	at org.springframework.context.support.PropertySourcesPlaceholderConfigurer.lambda$processProperties$0(PropertySourcesPlaceholderConfigurer.java:175)
	at org.springframework.beans.factory.support.AbstractBeanFactory.resolveEmbeddedValue(AbstractBeanFactory.java:851)
	at org.springframework.beans.factory.support.DefaultListableBeanFactory.doResolveDependency(DefaultListableBeanFactory.java:1188)
	at org.springframework.beans.factory.support.DefaultListableBeanFactory.resolveDependency(DefaultListableBeanFactory.java:1167)
	at org.springframework.beans.factory.annotation.AutowiredAnnotationBeanPostProcessor$AutowiredFieldElement.inject(AutowiredAnnotationBeanPostProcessor.java:593)
	at org.springframework.beans.factory.annotation.InjectionMetadata.inject(InjectionMetadata.java:90)
	at org.springframework.beans.factory.annotation.AutowiredAnnotationBeanPostProcessor.postProcessProperties(AutowiredAnnotationBeanPostProcessor.java:374)
	... 40 common frames omitted

2019-04-13 13:44:38.826 ERROR 12184 --- [main] o.s.test.context.TestContextManager      : Caught exception while allowing TestExecutionListener [org.springframework.test.context.web.ServletTestExecutionListener@41488b16] to prepare test instance [rr.np.job.controller.validator.CityCodeValidatorTest@37b57b54]

java.lang.IllegalStateException: Failed to load ApplicationContext
	at org.springframework.test.context.cache.DefaultCacheAwareContextLoaderDelegate.loadContext(DefaultCacheAwareContextLoaderDelegate.java:125)
	at org.springframework.test.context.support.DefaultTestContext.getApplicationContext(DefaultTestContext.java:108)
	at org.springframework.test.context.web.ServletTestExecutionListener.setUpRequestContextIfNecessary(ServletTestExecutionListener.java:190)
	at org.springframework.test.context.web.ServletTestExecutionListener.prepareTestInstance(ServletTestExecutionListener.java:132)
	at org.springframework.test.context.TestContextManager.prepareTestInstance(TestContextManager.java:246)
	at org.springframework.test.context.junit4.SpringJUnit4ClassRunner.createTest(SpringJUnit4ClassRunner.java:227)
	at org.springframework.test.context.junit4.SpringJUnit4ClassRunner$1.runReflectiveCall(SpringJUnit4ClassRunner.java:289)
	at org.junit.internal.runners.model.ReflectiveCallable.run(ReflectiveCallable.java:12)
	at org.springframework.test.context.junit4.SpringJUnit4ClassRunner.methodBlock(SpringJUnit4ClassRunner.java:291)
	at org.springframework.test.context.junit4.SpringJUnit4ClassRunner.runChild(SpringJUnit4ClassRunner.java:246)
	at org.springframework.test.context.junit4.SpringJUnit4ClassRunner.runChild(SpringJUnit4ClassRunner.java:97)
	at org.junit.runners.ParentRunner$3.run(ParentRunner.java:290)
	at org.junit.runners.ParentRunner$1.schedule(ParentRunner.java:71)
	at org.junit.runners.ParentRunner.runChildren(ParentRunner.java:288)
	at org.junit.runners.ParentRunner.access$000(ParentRunner.java:58)
	at org.junit.runners.ParentRunner$2.evaluate(ParentRunner.java:268)
	at org.springframework.test.context.junit4.statements.RunBeforeTestClassCallbacks.evaluate(RunBeforeTestClassCallbacks.java:61)
	at org.springframework.test.context.junit4.statements.RunAfterTestClassCallbacks.evaluate(RunAfterTestClassCallbacks.java:70)
	at org.junit.runners.ParentRunner.run(ParentRunner.java:363)
	at org.springframework.test.context.junit4.SpringJUnit4ClassRunner.run(SpringJUnit4ClassRunner.java:190)
	at org.junit.runner.JUnitCore.run(JUnitCore.java:137)
	at com.intellij.junit4.JUnit4IdeaTestRunner.startRunnerWithArgs(JUnit4IdeaTestRunner.java:68)
	at com.intellij.rt.execution.junit.IdeaTestRunner$Repeater.startRunnerWithArgs(IdeaTestRunner.java:47)
	at com.intellij.rt.execution.junit.JUnitStarter.prepareStreamsAndStart(JUnitStarter.java:242)
	at com.intellij.rt.execution.junit.JUnitStarter.main(JUnitStarter.java:70)
Caused by: org.springframework.beans.factory.BeanCreationException: Error creating bean with name 'applicationConfig': Injection of autowired dependencies failed; nested exception is java.lang.IllegalArgumentException: Could not resolve placeholder 'amadeus.api.key' in value "${amadeus.api.key}"
	at org.springframework.beans.factory.annotation.AutowiredAnnotationBeanPostProcessor.postProcessProperties(AutowiredAnnotationBeanPostProcessor.java:380)
	at org.springframework.beans.factory.support.AbstractAutowireCapableBeanFactory.populateBean(AbstractAutowireCapableBeanFactory.java:1411)
	at org.springframework.beans.factory.support.AbstractAutowireCapableBeanFactory.doCreateBean(AbstractAutowireCapableBeanFactory.java:592)
	at org.springframework.beans.factory.support.AbstractAutowireCapableBeanFactory.createBean(AbstractAutowireCapableBeanFactory.java:515)
	at org.springframework.beans.factory.support.AbstractBeanFactory.lambda$doGetBean$0(AbstractBeanFactory.java:320)
	at org.springframework.beans.factory.support.DefaultSingletonBeanRegistry.getSingleton(DefaultSingletonBeanRegistry.java:222)
	at org.springframework.beans.factory.support.AbstractBeanFactory.doGetBean(AbstractBeanFactory.java:318)
	at org.springframework.beans.factory.support.AbstractBeanFactory.getBean(AbstractBeanFactory.java:199)
	at org.springframework.beans.factory.support.DefaultListableBeanFactory.preInstantiateSingletons(DefaultListableBeanFactory.java:849)
	at org.springframework.context.support.AbstractApplicationContext.finishBeanFactoryInitialization(AbstractApplicationContext.java:877)
	at org.springframework.context.support.AbstractApplicationContext.refresh(AbstractApplicationContext.java:549)
	at org.springframework.boot.SpringApplication.refresh(SpringApplication.java:775)
	at org.springframework.boot.SpringApplication.refreshContext(SpringApplication.java:397)
	at org.springframework.boot.SpringApplication.run(SpringApplication.java:316)
	at org.springframework.boot.test.context.SpringBootContextLoader.loadContext(SpringBootContextLoader.java:127)
	at org.springframework.test.context.cache.DefaultCacheAwareContextLoaderDelegate.loadContextInternal(DefaultCacheAwareContextLoaderDelegate.java:99)
	at org.springframework.test.context.cache.DefaultCacheAwareContextLoaderDelegate.loadContext(DefaultCacheAwareContextLoaderDelegate.java:117)
	... 24 common frames omitted
Caused by: java.lang.IllegalArgumentException: Could not resolve placeholder 'amadeus.api.key' in value "${amadeus.api.key}"
	at org.springframework.util.PropertyPlaceholderHelper.parseStringValue(PropertyPlaceholderHelper.java:172)
	at org.springframework.util.PropertyPlaceholderHelper.replacePlaceholders(PropertyPlaceholderHelper.java:124)
	at org.springframework.core.env.AbstractPropertyResolver.doResolvePlaceholders(AbstractPropertyResolver.java:237)
	at org.springframework.core.env.AbstractPropertyResolver.resolveRequiredPlaceholders(AbstractPropertyResolver.java:211)
	at org.springframework.context.support.PropertySourcesPlaceholderConfigurer.lambda$processProperties$0(PropertySourcesPlaceholderConfigurer.java:175)
	at org.springframework.beans.factory.support.AbstractBeanFactory.resolveEmbeddedValue(AbstractBeanFactory.java:851)
	at org.springframework.beans.factory.support.DefaultListableBeanFactory.doResolveDependency(DefaultListableBeanFactory.java:1188)
	at org.springframework.beans.factory.support.DefaultListableBeanFactory.resolveDependency(DefaultListableBeanFactory.java:1167)
	at org.springframework.beans.factory.annotation.AutowiredAnnotationBeanPostProcessor$AutowiredFieldElement.inject(AutowiredAnnotationBeanPostProcessor.java:593)
	at org.springframework.beans.factory.annotation.InjectionMetadata.inject(InjectionMetadata.java:90)
	at org.springframework.beans.factory.annotation.AutowiredAnnotationBeanPostProcessor.postProcessProperties(AutowiredAnnotationBeanPostProcessor.java:374)
	... 40 common frames omitted

2019-04-13 13:45:35.490  INFO 15696 --- [main] r.n.j.c.validator.CityCodeValidatorTest  : Starting CityCodeValidatorTest on RRoschinNB with PID 15696 (started by romros in C:\notwork\np-job-task\np-task-java)
2019-04-13 13:45:35.492 DEBUG 15696 --- [main] r.n.j.c.validator.CityCodeValidatorTest  : Running with Spring Boot v2.1.4.RELEASE, Spring v5.1.6.RELEASE
2019-04-13 13:45:35.493  INFO 15696 --- [main] r.n.j.c.validator.CityCodeValidatorTest  : The following profiles are active: unit-test
2019-04-13 13:45:37.080 DEBUG 15696 --- [main] o.h.v.i.e.resolver.TraversableResolvers  : Cannot find javax.persistence.Persistence on classpath. Assuming non JPA 2 environment. All properties will per default be traversable.
2019-04-13 13:45:37.084 DEBUG 15696 --- [main] .h.v.m.ResourceBundleMessageInterpolator : Loaded expression factory via original TCCL
2019-04-13 13:45:37.096 DEBUG 15696 --- [main] o.h.v.i.e.resolver.TraversableResolvers  : Cannot find javax.persistence.Persistence on classpath. Assuming non JPA 2 environment. All properties will per default be traversable.
2019-04-13 13:45:37.097 DEBUG 15696 --- [main] o.h.v.internal.engine.ConfigurationImpl  : Setting custom MessageInterpolator of type org.springframework.validation.beanvalidation.LocaleContextMessageInterpolator
2019-04-13 13:45:37.099 DEBUG 15696 --- [main] o.h.v.internal.engine.ConfigurationImpl  : Setting custom ConstraintValidatorFactory of type org.springframework.validation.beanvalidation.SpringConstraintValidatorFactory
2019-04-13 13:45:37.100 DEBUG 15696 --- [main] o.h.v.internal.engine.ConfigurationImpl  : Setting custom ParameterNameProvider of type org.springframework.validation.beanvalidation.LocalValidatorFactoryBean$1
2019-04-13 13:45:37.101 DEBUG 15696 --- [main] o.h.v.i.xml.config.ValidationXmlParser   : Trying to load META-INF/validation.xml for XML based Validator configuration.
2019-04-13 13:45:37.101 DEBUG 15696 --- [main] o.h.v.i.xml.config.ResourceLoaderHelper  : Trying to load META-INF/validation.xml via user class loader
2019-04-13 13:45:37.103 DEBUG 15696 --- [main] o.h.v.i.xml.config.ResourceLoaderHelper  : Trying to load META-INF/validation.xml via TCCL
2019-04-13 13:45:37.103 DEBUG 15696 --- [main] o.h.v.i.xml.config.ResourceLoaderHelper  : Trying to load META-INF/validation.xml via Hibernate Validator's class loader
2019-04-13 13:45:37.103 DEBUG 15696 --- [main] o.h.v.i.xml.config.ValidationXmlParser   : No META-INF/validation.xml found. Using annotation based configuration only.
2019-04-13 13:45:37.113 DEBUG 15696 --- [main] o.h.v.i.engine.ValidatorFactoryImpl      : HV000234: Using org.springframework.validation.beanvalidation.LocaleContextMessageInterpolator as ValidatorFactory-scoped message interpolator.
2019-04-13 13:45:37.113 DEBUG 15696 --- [main] o.h.v.i.engine.ValidatorFactoryImpl      : HV000234: Using org.hibernate.validator.internal.engine.resolver.TraverseAllTraversableResolver as ValidatorFactory-scoped traversable resolver.
2019-04-13 13:45:37.113 DEBUG 15696 --- [main] o.h.v.i.engine.ValidatorFactoryImpl      : HV000234: Using org.hibernate.validator.internal.util.ExecutableParameterNameProvider as ValidatorFactory-scoped parameter name provider.
2019-04-13 13:45:37.114 DEBUG 15696 --- [main] o.h.v.i.engine.ValidatorFactoryImpl      : HV000234: Using org.hibernate.validator.internal.engine.DefaultClockProvider as ValidatorFactory-scoped clock provider.
2019-04-13 13:45:37.115 DEBUG 15696 --- [main] o.h.v.i.engine.ValidatorFactoryImpl      : HV000234: Using org.hibernate.validator.internal.engine.scripting.DefaultScriptEvaluatorFactory as ValidatorFactory-scoped script evaluator factory.
2019-04-13 13:45:37.477  INFO 15696 --- [main] o.s.s.concurrent.ThreadPoolTaskExecutor  : Initializing ExecutorService 'applicationTaskExecutor'
2019-04-13 13:45:38.293  INFO 15696 --- [main] r.n.j.c.validator.CityCodeValidatorTest  : Started CityCodeValidatorTest in 3.718 seconds (JVM running for 4.925)
2019-04-13 13:45:38.829 DEBUG 15696 --- [main] r.n.j.c.validator.HotelSearchValidator   : unit-test Validation for CityCode failed. CityCode.lenght = 5.
2019-04-13 13:45:38.900  INFO 15696 --- [Thread-1] o.s.s.concurrent.ThreadPoolTaskExecutor  : Shutting down ExecutorService 'applicationTaskExecutor'
2019-04-13 13:54:51.323  INFO 10756 --- [main] n.j.c.v.CheckInCheckOutDateValidatorTest : Starting CheckInCheckOutDateValidatorTest on RRoschinNB with PID 10756 (started by romros in C:\notwork\np-job-task\np-task-java)
2019-04-13 13:54:51.325 DEBUG 10756 --- [main] n.j.c.v.CheckInCheckOutDateValidatorTest : Running with Spring Boot v2.1.4.RELEASE, Spring v5.1.6.RELEASE
2019-04-13 13:54:51.325  INFO 10756 --- [main] n.j.c.v.CheckInCheckOutDateValidatorTest : The following profiles are active: unit-test
2019-04-13 13:54:52.867 DEBUG 10756 --- [main] o.h.v.i.e.resolver.TraversableResolvers  : Cannot find javax.persistence.Persistence on classpath. Assuming non JPA 2 environment. All properties will per default be traversable.
2019-04-13 13:54:52.871 DEBUG 10756 --- [main] .h.v.m.ResourceBundleMessageInterpolator : Loaded expression factory via original TCCL
2019-04-13 13:54:52.881 DEBUG 10756 --- [main] o.h.v.i.e.resolver.TraversableResolvers  : Cannot find javax.persistence.Persistence on classpath. Assuming non JPA 2 environment. All properties will per default be traversable.
2019-04-13 13:54:52.882 DEBUG 10756 --- [main] o.h.v.internal.engine.ConfigurationImpl  : Setting custom MessageInterpolator of type org.springframework.validation.beanvalidation.LocaleContextMessageInterpolator
2019-04-13 13:54:52.883 DEBUG 10756 --- [main] o.h.v.internal.engine.ConfigurationImpl  : Setting custom ConstraintValidatorFactory of type org.springframework.validation.beanvalidation.SpringConstraintValidatorFactory
2019-04-13 13:54:52.884 DEBUG 10756 --- [main] o.h.v.internal.engine.ConfigurationImpl  : Setting custom ParameterNameProvider of type org.springframework.validation.beanvalidation.LocalValidatorFactoryBean$1
2019-04-13 13:54:52.886 DEBUG 10756 --- [main] o.h.v.i.xml.config.ValidationXmlParser   : Trying to load META-INF/validation.xml for XML based Validator configuration.
2019-04-13 13:54:52.886 DEBUG 10756 --- [main] o.h.v.i.xml.config.ResourceLoaderHelper  : Trying to load META-INF/validation.xml via user class loader
2019-04-13 13:54:52.886 DEBUG 10756 --- [main] o.h.v.i.xml.config.ResourceLoaderHelper  : Trying to load META-INF/validation.xml via TCCL
2019-04-13 13:54:52.887 DEBUG 10756 --- [main] o.h.v.i.xml.config.ResourceLoaderHelper  : Trying to load META-INF/validation.xml via Hibernate Validator's class loader
2019-04-13 13:54:52.887 DEBUG 10756 --- [main] o.h.v.i.xml.config.ValidationXmlParser   : No META-INF/validation.xml found. Using annotation based configuration only.
2019-04-13 13:54:52.896 DEBUG 10756 --- [main] o.h.v.i.engine.ValidatorFactoryImpl      : HV000234: Using org.springframework.validation.beanvalidation.LocaleContextMessageInterpolator as ValidatorFactory-scoped message interpolator.
2019-04-13 13:54:52.897 DEBUG 10756 --- [main] o.h.v.i.engine.ValidatorFactoryImpl      : HV000234: Using org.hibernate.validator.internal.engine.resolver.TraverseAllTraversableResolver as ValidatorFactory-scoped traversable resolver.
2019-04-13 13:54:52.898 DEBUG 10756 --- [main] o.h.v.i.engine.ValidatorFactoryImpl      : HV000234: Using org.hibernate.validator.internal.util.ExecutableParameterNameProvider as ValidatorFactory-scoped parameter name provider.
2019-04-13 13:54:52.898 DEBUG 10756 --- [main] o.h.v.i.engine.ValidatorFactoryImpl      : HV000234: Using org.hibernate.validator.internal.engine.DefaultClockProvider as ValidatorFactory-scoped clock provider.
2019-04-13 13:54:52.899 DEBUG 10756 --- [main] o.h.v.i.engine.ValidatorFactoryImpl      : HV000234: Using org.hibernate.validator.internal.engine.scripting.DefaultScriptEvaluatorFactory as ValidatorFactory-scoped script evaluator factory.
2019-04-13 13:54:53.247  INFO 10756 --- [main] o.s.s.concurrent.ThreadPoolTaskExecutor  : Initializing ExecutorService 'applicationTaskExecutor'
2019-04-13 13:54:53.998  INFO 10756 --- [main] n.j.c.v.CheckInCheckOutDateValidatorTest : Started CheckInCheckOutDateValidatorTest in 3.5 seconds (JVM running for 4.743)
2019-04-13 13:54:54.421  INFO 10756 --- [main] r.n.j.c.v.CheckInCheckOutDateValidator   : unit-test Validation for CheckInDate and CheckOutDate is finished. No validation errors.
2019-04-13 13:54:54.498  INFO 10756 --- [Thread-1] o.s.s.concurrent.ThreadPoolTaskExecutor  : Shutting down ExecutorService 'applicationTaskExecutor'
2019-04-13 13:56:08.405  INFO 15480 --- [main] n.j.c.v.CheckInCheckOutDateValidatorTest : Starting CheckInCheckOutDateValidatorTest on RRoschinNB with PID 15480 (started by romros in C:\notwork\np-job-task\np-task-java)
2019-04-13 13:56:08.407 DEBUG 15480 --- [main] n.j.c.v.CheckInCheckOutDateValidatorTest : Running with Spring Boot v2.1.4.RELEASE, Spring v5.1.6.RELEASE
2019-04-13 13:56:08.407  INFO 15480 --- [main] n.j.c.v.CheckInCheckOutDateValidatorTest : The following profiles are active: unit-test
2019-04-13 13:56:09.988 DEBUG 15480 --- [main] o.h.v.i.e.resolver.TraversableResolvers  : Cannot find javax.persistence.Persistence on classpath. Assuming non JPA 2 environment. All properties will per default be traversable.
2019-04-13 13:56:09.991 DEBUG 15480 --- [main] .h.v.m.ResourceBundleMessageInterpolator : Loaded expression factory via original TCCL
2019-04-13 13:56:09.999 DEBUG 15480 --- [main] o.h.v.i.e.resolver.TraversableResolvers  : Cannot find javax.persistence.Persistence on classpath. Assuming non JPA 2 environment. All properties will per default be traversable.
2019-04-13 13:56:10.000 DEBUG 15480 --- [main] o.h.v.internal.engine.ConfigurationImpl  : Setting custom MessageInterpolator of type org.springframework.validation.beanvalidation.LocaleContextMessageInterpolator
2019-04-13 13:56:10.001 DEBUG 15480 --- [main] o.h.v.internal.engine.ConfigurationImpl  : Setting custom ConstraintValidatorFactory of type org.springframework.validation.beanvalidation.SpringConstraintValidatorFactory
2019-04-13 13:56:10.002 DEBUG 15480 --- [main] o.h.v.internal.engine.ConfigurationImpl  : Setting custom ParameterNameProvider of type org.springframework.validation.beanvalidation.LocalValidatorFactoryBean$1
2019-04-13 13:56:10.004 DEBUG 15480 --- [main] o.h.v.i.xml.config.ValidationXmlParser   : Trying to load META-INF/validation.xml for XML based Validator configuration.
2019-04-13 13:56:10.004 DEBUG 15480 --- [main] o.h.v.i.xml.config.ResourceLoaderHelper  : Trying to load META-INF/validation.xml via user class loader
2019-04-13 13:56:10.004 DEBUG 15480 --- [main] o.h.v.i.xml.config.ResourceLoaderHelper  : Trying to load META-INF/validation.xml via TCCL
2019-04-13 13:56:10.005 DEBUG 15480 --- [main] o.h.v.i.xml.config.ResourceLoaderHelper  : Trying to load META-INF/validation.xml via Hibernate Validator's class loader
2019-04-13 13:56:10.005 DEBUG 15480 --- [main] o.h.v.i.xml.config.ValidationXmlParser   : No META-INF/validation.xml found. Using annotation based configuration only.
2019-04-13 13:56:10.012 DEBUG 15480 --- [main] o.h.v.i.engine.ValidatorFactoryImpl      : HV000234: Using org.springframework.validation.beanvalidation.LocaleContextMessageInterpolator as ValidatorFactory-scoped message interpolator.
2019-04-13 13:56:10.012 DEBUG 15480 --- [main] o.h.v.i.engine.ValidatorFactoryImpl      : HV000234: Using org.hibernate.validator.internal.engine.resolver.TraverseAllTraversableResolver as ValidatorFactory-scoped traversable resolver.
2019-04-13 13:56:10.013 DEBUG 15480 --- [main] o.h.v.i.engine.ValidatorFactoryImpl      : HV000234: Using org.hibernate.validator.internal.util.ExecutableParameterNameProvider as ValidatorFactory-scoped parameter name provider.
2019-04-13 13:56:10.014 DEBUG 15480 --- [main] o.h.v.i.engine.ValidatorFactoryImpl      : HV000234: Using org.hibernate.validator.internal.engine.DefaultClockProvider as ValidatorFactory-scoped clock provider.
2019-04-13 13:56:10.014 DEBUG 15480 --- [main] o.h.v.i.engine.ValidatorFactoryImpl      : HV000234: Using org.hibernate.validator.internal.engine.scripting.DefaultScriptEvaluatorFactory as ValidatorFactory-scoped script evaluator factory.
2019-04-13 13:56:10.355  INFO 15480 --- [main] o.s.s.concurrent.ThreadPoolTaskExecutor  : Initializing ExecutorService 'applicationTaskExecutor'
2019-04-13 13:56:11.134  INFO 15480 --- [main] n.j.c.v.CheckInCheckOutDateValidatorTest : Started CheckInCheckOutDateValidatorTest in 3.6 seconds (JVM running for 4.82)
2019-04-13 13:56:11.574  INFO 15480 --- [main] r.n.j.c.v.CheckInCheckOutDateValidator   : unit-test Validation for CheckInDate and CheckOutDate is finished. No validation errors.
2019-04-13 13:56:11.644  INFO 15480 --- [Thread-1] o.s.s.concurrent.ThreadPoolTaskExecutor  : Shutting down ExecutorService 'applicationTaskExecutor'
2019-04-13 13:56:50.975  INFO 8592 --- [main] n.j.c.v.CheckInCheckOutDateValidatorTest : Starting CheckInCheckOutDateValidatorTest on RRoschinNB with PID 8592 (started by romros in C:\notwork\np-job-task\np-task-java)
2019-04-13 13:56:50.977 DEBUG 8592 --- [main] n.j.c.v.CheckInCheckOutDateValidatorTest : Running with Spring Boot v2.1.4.RELEASE, Spring v5.1.6.RELEASE
2019-04-13 13:56:50.977  INFO 8592 --- [main] n.j.c.v.CheckInCheckOutDateValidatorTest : The following profiles are active: unit-test
2019-04-13 13:56:52.496 DEBUG 8592 --- [main] o.h.v.i.e.resolver.TraversableResolvers  : Cannot find javax.persistence.Persistence on classpath. Assuming non JPA 2 environment. All properties will per default be traversable.
2019-04-13 13:56:52.500 DEBUG 8592 --- [main] .h.v.m.ResourceBundleMessageInterpolator : Loaded expression factory via original TCCL
2019-04-13 13:56:52.511 DEBUG 8592 --- [main] o.h.v.i.e.resolver.TraversableResolvers  : Cannot find javax.persistence.Persistence on classpath. Assuming non JPA 2 environment. All properties will per default be traversable.
2019-04-13 13:56:52.512 DEBUG 8592 --- [main] o.h.v.internal.engine.ConfigurationImpl  : Setting custom MessageInterpolator of type org.springframework.validation.beanvalidation.LocaleContextMessageInterpolator
2019-04-13 13:56:52.513 DEBUG 8592 --- [main] o.h.v.internal.engine.ConfigurationImpl  : Setting custom ConstraintValidatorFactory of type org.springframework.validation.beanvalidation.SpringConstraintValidatorFactory
2019-04-13 13:56:52.514 DEBUG 8592 --- [main] o.h.v.internal.engine.ConfigurationImpl  : Setting custom ParameterNameProvider of type org.springframework.validation.beanvalidation.LocalValidatorFactoryBean$1
2019-04-13 13:56:52.516 DEBUG 8592 --- [main] o.h.v.i.xml.config.ValidationXmlParser   : Trying to load META-INF/validation.xml for XML based Validator configuration.
2019-04-13 13:56:52.516 DEBUG 8592 --- [main] o.h.v.i.xml.config.ResourceLoaderHelper  : Trying to load META-INF/validation.xml via user class loader
2019-04-13 13:56:52.516 DEBUG 8592 --- [main] o.h.v.i.xml.config.ResourceLoaderHelper  : Trying to load META-INF/validation.xml via TCCL
2019-04-13 13:56:52.516 DEBUG 8592 --- [main] o.h.v.i.xml.config.ResourceLoaderHelper  : Trying to load META-INF/validation.xml via Hibernate Validator's class loader
2019-04-13 13:56:52.517 DEBUG 8592 --- [main] o.h.v.i.xml.config.ValidationXmlParser   : No META-INF/validation.xml found. Using annotation based configuration only.
2019-04-13 13:56:52.523 DEBUG 8592 --- [main] o.h.v.i.engine.ValidatorFactoryImpl      : HV000234: Using org.springframework.validation.beanvalidation.LocaleContextMessageInterpolator as ValidatorFactory-scoped message interpolator.
2019-04-13 13:56:52.523 DEBUG 8592 --- [main] o.h.v.i.engine.ValidatorFactoryImpl      : HV000234: Using org.hibernate.validator.internal.engine.resolver.TraverseAllTraversableResolver as ValidatorFactory-scoped traversable resolver.
2019-04-13 13:56:52.524 DEBUG 8592 --- [main] o.h.v.i.engine.ValidatorFactoryImpl      : HV000234: Using org.hibernate.validator.internal.util.ExecutableParameterNameProvider as ValidatorFactory-scoped parameter name provider.
2019-04-13 13:56:52.524 DEBUG 8592 --- [main] o.h.v.i.engine.ValidatorFactoryImpl      : HV000234: Using org.hibernate.validator.internal.engine.DefaultClockProvider as ValidatorFactory-scoped clock provider.
2019-04-13 13:56:52.524 DEBUG 8592 --- [main] o.h.v.i.engine.ValidatorFactoryImpl      : HV000234: Using org.hibernate.validator.internal.engine.scripting.DefaultScriptEvaluatorFactory as ValidatorFactory-scoped script evaluator factory.
2019-04-13 13:56:52.877  INFO 8592 --- [main] o.s.s.concurrent.ThreadPoolTaskExecutor  : Initializing ExecutorService 'applicationTaskExecutor'
2019-04-13 13:56:53.652  INFO 8592 --- [main] n.j.c.v.CheckInCheckOutDateValidatorTest : Started CheckInCheckOutDateValidatorTest in 3.597 seconds (JVM running for 4.801)
2019-04-13 13:56:54.045 DEBUG 8592 --- [main] r.n.j.c.v.CheckInCheckOutDateValidator   : unit-test Validation for CheckInDate failed. Format of CheckInDate is wrong.
2019-04-13 13:56:54.108  INFO 8592 --- [Thread-1] o.s.s.concurrent.ThreadPoolTaskExecutor  : Shutting down ExecutorService 'applicationTaskExecutor'
2019-04-13 13:59:49.864  INFO 16852 --- [main] n.j.c.v.CheckInCheckOutDateValidatorTest : Starting CheckInCheckOutDateValidatorTest on RRoschinNB with PID 16852 (started by romros in C:\notwork\np-job-task\np-task-java)
2019-04-13 13:59:49.865 DEBUG 16852 --- [main] n.j.c.v.CheckInCheckOutDateValidatorTest : Running with Spring Boot v2.1.4.RELEASE, Spring v5.1.6.RELEASE
2019-04-13 13:59:49.865  INFO 16852 --- [main] n.j.c.v.CheckInCheckOutDateValidatorTest : The following profiles are active: unit-test
2019-04-13 13:59:51.292 DEBUG 16852 --- [main] o.h.v.i.e.resolver.TraversableResolvers  : Cannot find javax.persistence.Persistence on classpath. Assuming non JPA 2 environment. All properties will per default be traversable.
2019-04-13 13:59:51.296 DEBUG 16852 --- [main] .h.v.m.ResourceBundleMessageInterpolator : Loaded expression factory via original TCCL
2019-04-13 13:59:51.306 DEBUG 16852 --- [main] o.h.v.i.e.resolver.TraversableResolvers  : Cannot find javax.persistence.Persistence on classpath. Assuming non JPA 2 environment. All properties will per default be traversable.
2019-04-13 13:59:51.307 DEBUG 16852 --- [main] o.h.v.internal.engine.ConfigurationImpl  : Setting custom MessageInterpolator of type org.springframework.validation.beanvalidation.LocaleContextMessageInterpolator
2019-04-13 13:59:51.308 DEBUG 16852 --- [main] o.h.v.internal.engine.ConfigurationImpl  : Setting custom ConstraintValidatorFactory of type org.springframework.validation.beanvalidation.SpringConstraintValidatorFactory
2019-04-13 13:59:51.309 DEBUG 16852 --- [main] o.h.v.internal.engine.ConfigurationImpl  : Setting custom ParameterNameProvider of type org.springframework.validation.beanvalidation.LocalValidatorFactoryBean$1
2019-04-13 13:59:51.310 DEBUG 16852 --- [main] o.h.v.i.xml.config.ValidationXmlParser   : Trying to load META-INF/validation.xml for XML based Validator configuration.
2019-04-13 13:59:51.311 DEBUG 16852 --- [main] o.h.v.i.xml.config.ResourceLoaderHelper  : Trying to load META-INF/validation.xml via user class loader
2019-04-13 13:59:51.311 DEBUG 16852 --- [main] o.h.v.i.xml.config.ResourceLoaderHelper  : Trying to load META-INF/validation.xml via TCCL
2019-04-13 13:59:51.312 DEBUG 16852 --- [main] o.h.v.i.xml.config.ResourceLoaderHelper  : Trying to load META-INF/validation.xml via Hibernate Validator's class loader
2019-04-13 13:59:51.313 DEBUG 16852 --- [main] o.h.v.i.xml.config.ValidationXmlParser   : No META-INF/validation.xml found. Using annotation based configuration only.
2019-04-13 13:59:51.318 DEBUG 16852 --- [main] o.h.v.i.engine.ValidatorFactoryImpl      : HV000234: Using org.springframework.validation.beanvalidation.LocaleContextMessageInterpolator as ValidatorFactory-scoped message interpolator.
2019-04-13 13:59:51.319 DEBUG 16852 --- [main] o.h.v.i.engine.ValidatorFactoryImpl      : HV000234: Using org.hibernate.validator.internal.engine.resolver.TraverseAllTraversableResolver as ValidatorFactory-scoped traversable resolver.
2019-04-13 13:59:51.320 DEBUG 16852 --- [main] o.h.v.i.engine.ValidatorFactoryImpl      : HV000234: Using org.hibernate.validator.internal.util.ExecutableParameterNameProvider as ValidatorFactory-scoped parameter name provider.
2019-04-13 13:59:51.320 DEBUG 16852 --- [main] o.h.v.i.engine.ValidatorFactoryImpl      : HV000234: Using org.hibernate.validator.internal.engine.DefaultClockProvider as ValidatorFactory-scoped clock provider.
2019-04-13 13:59:51.320 DEBUG 16852 --- [main] o.h.v.i.engine.ValidatorFactoryImpl      : HV000234: Using org.hibernate.validator.internal.engine.scripting.DefaultScriptEvaluatorFactory as ValidatorFactory-scoped script evaluator factory.
2019-04-13 13:59:51.656  INFO 16852 --- [main] o.s.s.concurrent.ThreadPoolTaskExecutor  : Initializing ExecutorService 'applicationTaskExecutor'
2019-04-13 13:59:52.424  INFO 16852 --- [main] n.j.c.v.CheckInCheckOutDateValidatorTest : Started CheckInCheckOutDateValidatorTest in 3.351 seconds (JVM running for 4.542)
2019-04-13 13:59:52.841 DEBUG 16852 --- [main] r.n.j.c.v.CheckInCheckOutDateValidator   : unit-test Validation for CheckInDate failed. CheckOutDate is before. CheckinDate
2019-04-13 13:59:52.917  INFO 16852 --- [Thread-1] o.s.s.concurrent.ThreadPoolTaskExecutor  : Shutting down ExecutorService 'applicationTaskExecutor'
2019-04-13 14:00:02.300  INFO 600 --- [main] n.j.c.v.CheckInCheckOutDateValidatorTest : Starting CheckInCheckOutDateValidatorTest on RRoschinNB with PID 600 (started by romros in C:\notwork\np-job-task\np-task-java)
2019-04-13 14:00:02.301 DEBUG 600 --- [main] n.j.c.v.CheckInCheckOutDateValidatorTest : Running with Spring Boot v2.1.4.RELEASE, Spring v5.1.6.RELEASE
2019-04-13 14:00:02.301  INFO 600 --- [main] n.j.c.v.CheckInCheckOutDateValidatorTest : The following profiles are active: unit-test
2019-04-13 14:00:03.762 DEBUG 600 --- [main] o.h.v.i.e.resolver.TraversableResolvers  : Cannot find javax.persistence.Persistence on classpath. Assuming non JPA 2 environment. All properties will per default be traversable.
2019-04-13 14:00:03.766 DEBUG 600 --- [main] .h.v.m.ResourceBundleMessageInterpolator : Loaded expression factory via original TCCL
2019-04-13 14:00:03.778 DEBUG 600 --- [main] o.h.v.i.e.resolver.TraversableResolvers  : Cannot find javax.persistence.Persistence on classpath. Assuming non JPA 2 environment. All properties will per default be traversable.
2019-04-13 14:00:03.779 DEBUG 600 --- [main] o.h.v.internal.engine.ConfigurationImpl  : Setting custom MessageInterpolator of type org.springframework.validation.beanvalidation.LocaleContextMessageInterpolator
2019-04-13 14:00:03.780 DEBUG 600 --- [main] o.h.v.internal.engine.ConfigurationImpl  : Setting custom ConstraintValidatorFactory of type org.springframework.validation.beanvalidation.SpringConstraintValidatorFactory
2019-04-13 14:00:03.782 DEBUG 600 --- [main] o.h.v.internal.engine.ConfigurationImpl  : Setting custom ParameterNameProvider of type org.springframework.validation.beanvalidation.LocalValidatorFactoryBean$1
2019-04-13 14:00:03.783 DEBUG 600 --- [main] o.h.v.i.xml.config.ValidationXmlParser   : Trying to load META-INF/validation.xml for XML based Validator configuration.
2019-04-13 14:00:03.784 DEBUG 600 --- [main] o.h.v.i.xml.config.ResourceLoaderHelper  : Trying to load META-INF/validation.xml via user class loader
2019-04-13 14:00:03.784 DEBUG 600 --- [main] o.h.v.i.xml.config.ResourceLoaderHelper  : Trying to load META-INF/validation.xml via TCCL
2019-04-13 14:00:03.785 DEBUG 600 --- [main] o.h.v.i.xml.config.ResourceLoaderHelper  : Trying to load META-INF/validation.xml via Hibernate Validator's class loader
2019-04-13 14:00:03.785 DEBUG 600 --- [main] o.h.v.i.xml.config.ValidationXmlParser   : No META-INF/validation.xml found. Using annotation based configuration only.
2019-04-13 14:00:03.794 DEBUG 600 --- [main] o.h.v.i.engine.ValidatorFactoryImpl      : HV000234: Using org.springframework.validation.beanvalidation.LocaleContextMessageInterpolator as ValidatorFactory-scoped message interpolator.
2019-04-13 14:00:03.795 DEBUG 600 --- [main] o.h.v.i.engine.ValidatorFactoryImpl      : HV000234: Using org.hibernate.validator.internal.engine.resolver.TraverseAllTraversableResolver as ValidatorFactory-scoped traversable resolver.
2019-04-13 14:00:03.796 DEBUG 600 --- [main] o.h.v.i.engine.ValidatorFactoryImpl      : HV000234: Using org.hibernate.validator.internal.util.ExecutableParameterNameProvider as ValidatorFactory-scoped parameter name provider.
2019-04-13 14:00:03.796 DEBUG 600 --- [main] o.h.v.i.engine.ValidatorFactoryImpl      : HV000234: Using org.hibernate.validator.internal.engine.DefaultClockProvider as ValidatorFactory-scoped clock provider.
2019-04-13 14:00:03.796 DEBUG 600 --- [main] o.h.v.i.engine.ValidatorFactoryImpl      : HV000234: Using org.hibernate.validator.internal.engine.scripting.DefaultScriptEvaluatorFactory as ValidatorFactory-scoped script evaluator factory.
2019-04-13 14:00:04.154  INFO 600 --- [main] o.s.s.concurrent.ThreadPoolTaskExecutor  : Initializing ExecutorService 'applicationTaskExecutor'
2019-04-13 14:00:04.909  INFO 600 --- [main] n.j.c.v.CheckInCheckOutDateValidatorTest : Started CheckInCheckOutDateValidatorTest in 3.45 seconds (JVM running for 4.652)
2019-04-13 14:00:05.318 DEBUG 600 --- [main] r.n.j.c.v.CheckInCheckOutDateValidator   : unit-test Validation for CheckInDate failed. Format of CheckInDate is wrong.
2019-04-13 14:00:05.380  INFO 600 --- [main] r.n.j.c.v.CheckInCheckOutDateValidator   : unit-test Validation for CheckInDate and CheckOutDate is finished. No validation errors.
2019-04-13 14:00:05.384 DEBUG 600 --- [main] r.n.j.c.v.CheckInCheckOutDateValidator   : unit-test Validation for CheckInDate failed. Format of CheckOutDate is wrong.
2019-04-13 14:00:05.388 DEBUG 600 --- [main] r.n.j.c.v.CheckInCheckOutDateValidator   : unit-test Validation for CheckInDate failed. Format of CheckInDate is wrong.
2019-04-13 14:00:05.392 DEBUG 600 --- [main] r.n.j.c.v.CheckInCheckOutDateValidator   : unit-test Validation for CheckInDate failed. CheckOutDate is before. CheckinDate
2019-04-13 14:00:05.395 DEBUG 600 --- [main] r.n.j.c.v.CheckInCheckOutDateValidator   : unit-test Validation for CheckInDate failed. CheckInDate is in the past.
2019-04-13 14:00:05.402  INFO 600 --- [Thread-1] o.s.s.concurrent.ThreadPoolTaskExecutor  : Shutting down ExecutorService 'applicationTaskExecutor'
2019-04-13 14:05:00.994  INFO 15336 --- [main] r.n.j.c.v.HotelSearchValidatorTest       : Starting HotelSearchValidatorTest on RRoschinNB with PID 15336 (started by romros in C:\notwork\np-job-task\np-task-java)
2019-04-13 14:05:00.996 DEBUG 15336 --- [main] r.n.j.c.v.HotelSearchValidatorTest       : Running with Spring Boot v2.1.4.RELEASE, Spring v5.1.6.RELEASE
2019-04-13 14:05:00.996  INFO 15336 --- [main] r.n.j.c.v.HotelSearchValidatorTest       : The following profiles are active: unit-test
2019-04-13 14:05:02.442 DEBUG 15336 --- [main] o.h.v.i.e.resolver.TraversableResolvers  : Cannot find javax.persistence.Persistence on classpath. Assuming non JPA 2 environment. All properties will per default be traversable.
2019-04-13 14:05:02.445 DEBUG 15336 --- [main] .h.v.m.ResourceBundleMessageInterpolator : Loaded expression factory via original TCCL
2019-04-13 14:05:02.454 DEBUG 15336 --- [main] o.h.v.i.e.resolver.TraversableResolvers  : Cannot find javax.persistence.Persistence on classpath. Assuming non JPA 2 environment. All properties will per default be traversable.
2019-04-13 14:05:02.455 DEBUG 15336 --- [main] o.h.v.internal.engine.ConfigurationImpl  : Setting custom MessageInterpolator of type org.springframework.validation.beanvalidation.LocaleContextMessageInterpolator
2019-04-13 14:05:02.456 DEBUG 15336 --- [main] o.h.v.internal.engine.ConfigurationImpl  : Setting custom ConstraintValidatorFactory of type org.springframework.validation.beanvalidation.SpringConstraintValidatorFactory
2019-04-13 14:05:02.457 DEBUG 15336 --- [main] o.h.v.internal.engine.ConfigurationImpl  : Setting custom ParameterNameProvider of type org.springframework.validation.beanvalidation.LocalValidatorFactoryBean$1
2019-04-13 14:05:02.459 DEBUG 15336 --- [main] o.h.v.i.xml.config.ValidationXmlParser   : Trying to load META-INF/validation.xml for XML based Validator configuration.
2019-04-13 14:05:02.459 DEBUG 15336 --- [main] o.h.v.i.xml.config.ResourceLoaderHelper  : Trying to load META-INF/validation.xml via user class loader
2019-04-13 14:05:02.460 DEBUG 15336 --- [main] o.h.v.i.xml.config.ResourceLoaderHelper  : Trying to load META-INF/validation.xml via TCCL
2019-04-13 14:05:02.461 DEBUG 15336 --- [main] o.h.v.i.xml.config.ResourceLoaderHelper  : Trying to load META-INF/validation.xml via Hibernate Validator's class loader
2019-04-13 14:05:02.462 DEBUG 15336 --- [main] o.h.v.i.xml.config.ValidationXmlParser   : No META-INF/validation.xml found. Using annotation based configuration only.
2019-04-13 14:05:02.466 DEBUG 15336 --- [main] o.h.v.i.engine.ValidatorFactoryImpl      : HV000234: Using org.springframework.validation.beanvalidation.LocaleContextMessageInterpolator as ValidatorFactory-scoped message interpolator.
2019-04-13 14:05:02.467 DEBUG 15336 --- [main] o.h.v.i.engine.ValidatorFactoryImpl      : HV000234: Using org.hibernate.validator.internal.engine.resolver.TraverseAllTraversableResolver as ValidatorFactory-scoped traversable resolver.
2019-04-13 14:05:02.468 DEBUG 15336 --- [main] o.h.v.i.engine.ValidatorFactoryImpl      : HV000234: Using org.hibernate.validator.internal.util.ExecutableParameterNameProvider as ValidatorFactory-scoped parameter name provider.
2019-04-13 14:05:02.468 DEBUG 15336 --- [main] o.h.v.i.engine.ValidatorFactoryImpl      : HV000234: Using org.hibernate.validator.internal.engine.DefaultClockProvider as ValidatorFactory-scoped clock provider.
2019-04-13 14:05:02.468 DEBUG 15336 --- [main] o.h.v.i.engine.ValidatorFactoryImpl      : HV000234: Using org.hibernate.validator.internal.engine.scripting.DefaultScriptEvaluatorFactory as ValidatorFactory-scoped script evaluator factory.
2019-04-13 14:05:02.787  INFO 15336 --- [main] o.s.s.concurrent.ThreadPoolTaskExecutor  : Initializing ExecutorService 'applicationTaskExecutor'
2019-04-13 14:05:03.543  INFO 15336 --- [main] r.n.j.c.v.HotelSearchValidatorTest       : Started HotelSearchValidatorTest in 3.35 seconds (JVM running for 4.633)
2019-04-13 14:05:03.971  INFO 15336 --- [main] r.n.j.c.validator.HotelSearchValidator   : unit-test Validation for CityCode is finished. No validation errors.
2019-04-13 14:05:03.972  INFO 15336 --- [main] r.n.j.c.v.CheckInCheckOutDateValidator   : unit-test Validation for CheckInDate and CheckOutDate is finished. No validation errors.
2019-04-13 14:05:04.024  INFO 15336 --- [main] r.n.j.c.validator.HotelSearchValidator   : unit-test Validation for CityCode is finished. No validation errors.
2019-04-13 14:05:04.031 DEBUG 15336 --- [main] r.n.j.c.v.CheckInCheckOutDateValidator   : unit-test Validation for CheckInDate failed. Format of CheckInDate is wrong.
2019-04-13 14:05:04.040  INFO 15336 --- [Thread-1] o.s.s.concurrent.ThreadPoolTaskExecutor  : Shutting down ExecutorService 'applicationTaskExecutor'
2019-04-13 14:39:46.678  INFO 15392 --- [main] r.n.j.c.HotelSearchControllerTest        : Starting HotelSearchControllerTest on RRoschinNB with PID 15392 (started by romros in C:\notwork\np-job-task\np-task-java)
2019-04-13 14:39:46.680 DEBUG 15392 --- [main] r.n.j.c.HotelSearchControllerTest        : Running with Spring Boot v2.1.4.RELEASE, Spring v5.1.6.RELEASE
2019-04-13 14:39:46.680  INFO 15392 --- [main] r.n.j.c.HotelSearchControllerTest        : The following profiles are active: unit-test
2019-04-13 14:39:49.307 DEBUG 15392 --- [main] o.h.v.i.e.resolver.TraversableResolvers  : Cannot find javax.persistence.Persistence on classpath. Assuming non JPA 2 environment. All properties will per default be traversable.
2019-04-13 14:39:49.310 DEBUG 15392 --- [main] .h.v.m.ResourceBundleMessageInterpolator : Loaded expression factory via original TCCL
2019-04-13 14:39:49.327 DEBUG 15392 --- [main] o.h.v.i.e.resolver.TraversableResolvers  : Cannot find javax.persistence.Persistence on classpath. Assuming non JPA 2 environment. All properties will per default be traversable.
2019-04-13 14:39:49.328 DEBUG 15392 --- [main] o.h.v.internal.engine.ConfigurationImpl  : Setting custom MessageInterpolator of type org.springframework.validation.beanvalidation.LocaleContextMessageInterpolator
2019-04-13 14:39:49.329 DEBUG 15392 --- [main] o.h.v.internal.engine.ConfigurationImpl  : Setting custom ConstraintValidatorFactory of type org.springframework.validation.beanvalidation.SpringConstraintValidatorFactory
2019-04-13 14:39:49.331 DEBUG 15392 --- [main] o.h.v.internal.engine.ConfigurationImpl  : Setting custom ParameterNameProvider of type org.springframework.validation.beanvalidation.LocalValidatorFactoryBean$1
2019-04-13 14:39:49.333 DEBUG 15392 --- [main] o.h.v.i.xml.config.ValidationXmlParser   : Trying to load META-INF/validation.xml for XML based Validator configuration.
2019-04-13 14:39:49.334 DEBUG 15392 --- [main] o.h.v.i.xml.config.ResourceLoaderHelper  : Trying to load META-INF/validation.xml via user class loader
2019-04-13 14:39:49.335 DEBUG 15392 --- [main] o.h.v.i.xml.config.ResourceLoaderHelper  : Trying to load META-INF/validation.xml via TCCL
2019-04-13 14:39:49.335 DEBUG 15392 --- [main] o.h.v.i.xml.config.ResourceLoaderHelper  : Trying to load META-INF/validation.xml via Hibernate Validator's class loader
2019-04-13 14:39:49.336 DEBUG 15392 --- [main] o.h.v.i.xml.config.ValidationXmlParser   : No META-INF/validation.xml found. Using annotation based configuration only.
2019-04-13 14:39:49.347 DEBUG 15392 --- [main] o.h.v.i.engine.ValidatorFactoryImpl      : HV000234: Using org.springframework.validation.beanvalidation.LocaleContextMessageInterpolator as ValidatorFactory-scoped message interpolator.
2019-04-13 14:39:49.347 DEBUG 15392 --- [main] o.h.v.i.engine.ValidatorFactoryImpl      : HV000234: Using org.hibernate.validator.internal.engine.resolver.TraverseAllTraversableResolver as ValidatorFactory-scoped traversable resolver.
2019-04-13 14:39:49.349 DEBUG 15392 --- [main] o.h.v.i.engine.ValidatorFactoryImpl      : HV000234: Using org.hibernate.validator.internal.util.ExecutableParameterNameProvider as ValidatorFactory-scoped parameter name provider.
2019-04-13 14:39:49.349 DEBUG 15392 --- [main] o.h.v.i.engine.ValidatorFactoryImpl      : HV000234: Using org.hibernate.validator.internal.engine.DefaultClockProvider as ValidatorFactory-scoped clock provider.
2019-04-13 14:39:49.349 DEBUG 15392 --- [main] o.h.v.i.engine.ValidatorFactoryImpl      : HV000234: Using org.hibernate.validator.internal.engine.scripting.DefaultScriptEvaluatorFactory as ValidatorFactory-scoped script evaluator factory.
2019-04-13 14:39:49.825  INFO 15392 --- [main] o.s.s.concurrent.ThreadPoolTaskExecutor  : Initializing ExecutorService 'applicationTaskExecutor'
2019-04-13 14:39:50.880  INFO 15392 --- [main] o.s.b.t.m.w.SpringBootMockServletContext : Initializing Spring TestDispatcherServlet ''
2019-04-13 14:39:50.882  INFO 15392 --- [main] o.s.t.web.servlet.TestDispatcherServlet  : Initializing Servlet ''
2019-04-13 14:39:50.905  INFO 15392 --- [main] o.s.t.web.servlet.TestDispatcherServlet  : Completed initialization in 23 ms
2019-04-13 14:39:50.953  INFO 15392 --- [main] r.n.j.c.HotelSearchControllerTest        : Started HotelSearchControllerTest in 5.178 seconds (JVM running for 7.137)
2019-04-13 14:40:26.008  INFO 15392 --- [Thread-2] o.s.s.concurrent.ThreadPoolTaskExecutor  : Shutting down ExecutorService 'applicationTaskExecutor'
2019-04-13 14:48:44.619  INFO 16896 --- [main] r.n.j.c.HotelSearchControllerTest        : Starting HotelSearchControllerTest on RRoschinNB with PID 16896 (started by romros in C:\notwork\np-job-task\np-task-java)
2019-04-13 14:48:44.620 DEBUG 16896 --- [main] r.n.j.c.HotelSearchControllerTest        : Running with Spring Boot v2.1.4.RELEASE, Spring v5.1.6.RELEASE
2019-04-13 14:48:44.620  INFO 16896 --- [main] r.n.j.c.HotelSearchControllerTest        : The following profiles are active: unit-test
2019-04-13 14:48:46.688 DEBUG 16896 --- [main] o.h.v.i.e.resolver.TraversableResolvers  : Cannot find javax.persistence.Persistence on classpath. Assuming non JPA 2 environment. All properties will per default be traversable.
2019-04-13 14:48:46.691 DEBUG 16896 --- [main] .h.v.m.ResourceBundleMessageInterpolator : Loaded expression factory via original TCCL
2019-04-13 14:48:46.704 DEBUG 16896 --- [main] o.h.v.i.e.resolver.TraversableResolvers  : Cannot find javax.persistence.Persistence on classpath. Assuming non JPA 2 environment. All properties will per default be traversable.
2019-04-13 14:48:46.705 DEBUG 16896 --- [main] o.h.v.internal.engine.ConfigurationImpl  : Setting custom MessageInterpolator of type org.springframework.validation.beanvalidation.LocaleContextMessageInterpolator
2019-04-13 14:48:46.706 DEBUG 16896 --- [main] o.h.v.internal.engine.ConfigurationImpl  : Setting custom ConstraintValidatorFactory of type org.springframework.validation.beanvalidation.SpringConstraintValidatorFactory
2019-04-13 14:48:46.707 DEBUG 16896 --- [main] o.h.v.internal.engine.ConfigurationImpl  : Setting custom ParameterNameProvider of type org.springframework.validation.beanvalidation.LocalValidatorFactoryBean$1
2019-04-13 14:48:46.709 DEBUG 16896 --- [main] o.h.v.i.xml.config.ValidationXmlParser   : Trying to load META-INF/validation.xml for XML based Validator configuration.
2019-04-13 14:48:46.709 DEBUG 16896 --- [main] o.h.v.i.xml.config.ResourceLoaderHelper  : Trying to load META-INF/validation.xml via user class loader
2019-04-13 14:48:46.709 DEBUG 16896 --- [main] o.h.v.i.xml.config.ResourceLoaderHelper  : Trying to load META-INF/validation.xml via TCCL
2019-04-13 14:48:46.710 DEBUG 16896 --- [main] o.h.v.i.xml.config.ResourceLoaderHelper  : Trying to load META-INF/validation.xml via Hibernate Validator's class loader
2019-04-13 14:48:46.710 DEBUG 16896 --- [main] o.h.v.i.xml.config.ValidationXmlParser   : No META-INF/validation.xml found. Using annotation based configuration only.
2019-04-13 14:48:46.718 DEBUG 16896 --- [main] o.h.v.i.engine.ValidatorFactoryImpl      : HV000234: Using org.springframework.validation.beanvalidation.LocaleContextMessageInterpolator as ValidatorFactory-scoped message interpolator.
2019-04-13 14:48:46.718 DEBUG 16896 --- [main] o.h.v.i.engine.ValidatorFactoryImpl      : HV000234: Using org.hibernate.validator.internal.engine.resolver.TraverseAllTraversableResolver as ValidatorFactory-scoped traversable resolver.
2019-04-13 14:48:46.719 DEBUG 16896 --- [main] o.h.v.i.engine.ValidatorFactoryImpl      : HV000234: Using org.hibernate.validator.internal.util.ExecutableParameterNameProvider as ValidatorFactory-scoped parameter name provider.
2019-04-13 14:48:46.719 DEBUG 16896 --- [main] o.h.v.i.engine.ValidatorFactoryImpl      : HV000234: Using org.hibernate.validator.internal.engine.DefaultClockProvider as ValidatorFactory-scoped clock provider.
2019-04-13 14:48:46.719 DEBUG 16896 --- [main] o.h.v.i.engine.ValidatorFactoryImpl      : HV000234: Using org.hibernate.validator.internal.engine.scripting.DefaultScriptEvaluatorFactory as ValidatorFactory-scoped script evaluator factory.
2019-04-13 14:48:47.054  INFO 16896 --- [main] o.s.s.concurrent.ThreadPoolTaskExecutor  : Initializing ExecutorService 'applicationTaskExecutor'
2019-04-13 14:48:47.819  INFO 16896 --- [main] o.s.b.t.m.w.SpringBootMockServletContext : Initializing Spring TestDispatcherServlet ''
2019-04-13 14:48:47.820  INFO 16896 --- [main] o.s.t.web.servlet.TestDispatcherServlet  : Initializing Servlet ''
2019-04-13 14:48:47.836  INFO 16896 --- [main] o.s.t.web.servlet.TestDispatcherServlet  : Completed initialization in 15 ms
2019-04-13 14:48:47.866  INFO 16896 --- [main] r.n.j.c.HotelSearchControllerTest        : Started HotelSearchControllerTest in 4.207 seconds (JVM running for 5.559)
2019-04-13 14:48:47.968  INFO 16896 --- [Thread-2] o.s.s.concurrent.ThreadPoolTaskExecutor  : Shutting down ExecutorService 'applicationTaskExecutor'
2019-04-13 14:49:47.720  INFO 15232 --- [main] r.n.j.c.HotelSearchControllerTest        : Starting HotelSearchControllerTest on RRoschinNB with PID 15232 (started by romros in C:\notwork\np-job-task\np-task-java)
2019-04-13 14:49:47.722 DEBUG 15232 --- [main] r.n.j.c.HotelSearchControllerTest        : Running with Spring Boot v2.1.4.RELEASE, Spring v5.1.6.RELEASE
2019-04-13 14:49:47.722  INFO 15232 --- [main] r.n.j.c.HotelSearchControllerTest        : The following profiles are active: unit-test
2019-04-13 14:49:49.868 DEBUG 15232 --- [main] o.h.v.i.e.resolver.TraversableResolvers  : Cannot find javax.persistence.Persistence on classpath. Assuming non JPA 2 environment. All properties will per default be traversable.
2019-04-13 14:49:49.871 DEBUG 15232 --- [main] .h.v.m.ResourceBundleMessageInterpolator : Loaded expression factory via original TCCL
2019-04-13 14:49:49.881 DEBUG 15232 --- [main] o.h.v.i.e.resolver.TraversableResolvers  : Cannot find javax.persistence.Persistence on classpath. Assuming non JPA 2 environment. All properties will per default be traversable.
2019-04-13 14:49:49.882 DEBUG 15232 --- [main] o.h.v.internal.engine.ConfigurationImpl  : Setting custom MessageInterpolator of type org.springframework.validation.beanvalidation.LocaleContextMessageInterpolator
2019-04-13 14:49:49.883 DEBUG 15232 --- [main] o.h.v.internal.engine.ConfigurationImpl  : Setting custom ConstraintValidatorFactory of type org.springframework.validation.beanvalidation.SpringConstraintValidatorFactory
2019-04-13 14:49:49.884 DEBUG 15232 --- [main] o.h.v.internal.engine.ConfigurationImpl  : Setting custom ParameterNameProvider of type org.springframework.validation.beanvalidation.LocalValidatorFactoryBean$1
2019-04-13 14:49:49.886 DEBUG 15232 --- [main] o.h.v.i.xml.config.ValidationXmlParser   : Trying to load META-INF/validation.xml for XML based Validator configuration.
2019-04-13 14:49:49.886 DEBUG 15232 --- [main] o.h.v.i.xml.config.ResourceLoaderHelper  : Trying to load META-INF/validation.xml via user class loader
2019-04-13 14:49:49.886 DEBUG 15232 --- [main] o.h.v.i.xml.config.ResourceLoaderHelper  : Trying to load META-INF/validation.xml via TCCL
2019-04-13 14:49:49.887 DEBUG 15232 --- [main] o.h.v.i.xml.config.ResourceLoaderHelper  : Trying to load META-INF/validation.xml via Hibernate Validator's class loader
2019-04-13 14:49:49.887 DEBUG 15232 --- [main] o.h.v.i.xml.config.ValidationXmlParser   : No META-INF/validation.xml found. Using annotation based configuration only.
2019-04-13 14:49:49.895 DEBUG 15232 --- [main] o.h.v.i.engine.ValidatorFactoryImpl      : HV000234: Using org.springframework.validation.beanvalidation.LocaleContextMessageInterpolator as ValidatorFactory-scoped message interpolator.
2019-04-13 14:49:49.895 DEBUG 15232 --- [main] o.h.v.i.engine.ValidatorFactoryImpl      : HV000234: Using org.hibernate.validator.internal.engine.resolver.TraverseAllTraversableResolver as ValidatorFactory-scoped traversable resolver.
2019-04-13 14:49:49.896 DEBUG 15232 --- [main] o.h.v.i.engine.ValidatorFactoryImpl      : HV000234: Using org.hibernate.validator.internal.util.ExecutableParameterNameProvider as ValidatorFactory-scoped parameter name provider.
2019-04-13 14:49:49.896 DEBUG 15232 --- [main] o.h.v.i.engine.ValidatorFactoryImpl      : HV000234: Using org.hibernate.validator.internal.engine.DefaultClockProvider as ValidatorFactory-scoped clock provider.
2019-04-13 14:49:49.897 DEBUG 15232 --- [main] o.h.v.i.engine.ValidatorFactoryImpl      : HV000234: Using org.hibernate.validator.internal.engine.scripting.DefaultScriptEvaluatorFactory as ValidatorFactory-scoped script evaluator factory.
2019-04-13 14:49:50.281  INFO 15232 --- [main] o.s.s.concurrent.ThreadPoolTaskExecutor  : Initializing ExecutorService 'applicationTaskExecutor'
2019-04-13 14:49:51.184  INFO 15232 --- [main] o.s.b.t.m.w.SpringBootMockServletContext : Initializing Spring TestDispatcherServlet ''
2019-04-13 14:49:51.185  INFO 15232 --- [main] o.s.t.web.servlet.TestDispatcherServlet  : Initializing Servlet ''
2019-04-13 14:49:51.200  INFO 15232 --- [main] o.s.t.web.servlet.TestDispatcherServlet  : Completed initialization in 15 ms
2019-04-13 14:49:51.232  INFO 15232 --- [main] r.n.j.c.HotelSearchControllerTest        : Started HotelSearchControllerTest in 4.392 seconds (JVM running for 5.678)
2019-04-13 14:49:51.409  INFO 15232 --- [Thread-2] o.s.s.concurrent.ThreadPoolTaskExecutor  : Shutting down ExecutorService 'applicationTaskExecutor'
2019-04-13 14:50:45.274  INFO 15528 --- [main] r.n.j.c.HotelSearchControllerTest        : Starting HotelSearchControllerTest on RRoschinNB with PID 15528 (started by romros in C:\notwork\np-job-task\np-task-java)
2019-04-13 14:50:45.276 DEBUG 15528 --- [main] r.n.j.c.HotelSearchControllerTest        : Running with Spring Boot v2.1.4.RELEASE, Spring v5.1.6.RELEASE
2019-04-13 14:50:45.277  INFO 15528 --- [main] r.n.j.c.HotelSearchControllerTest        : The following profiles are active: unit-test
2019-04-13 14:50:47.277 DEBUG 15528 --- [main] o.h.v.i.e.resolver.TraversableResolvers  : Cannot find javax.persistence.Persistence on classpath. Assuming non JPA 2 environment. All properties will per default be traversable.
2019-04-13 14:50:47.280 DEBUG 15528 --- [main] .h.v.m.ResourceBundleMessageInterpolator : Loaded expression factory via original TCCL
2019-04-13 14:50:47.291 DEBUG 15528 --- [main] o.h.v.i.e.resolver.TraversableResolvers  : Cannot find javax.persistence.Persistence on classpath. Assuming non JPA 2 environment. All properties will per default be traversable.
2019-04-13 14:50:47.293 DEBUG 15528 --- [main] o.h.v.internal.engine.ConfigurationImpl  : Setting custom MessageInterpolator of type org.springframework.validation.beanvalidation.LocaleContextMessageInterpolator
2019-04-13 14:50:47.294 DEBUG 15528 --- [main] o.h.v.internal.engine.ConfigurationImpl  : Setting custom ConstraintValidatorFactory of type org.springframework.validation.beanvalidation.SpringConstraintValidatorFactory
2019-04-13 14:50:47.295 DEBUG 15528 --- [main] o.h.v.internal.engine.ConfigurationImpl  : Setting custom ParameterNameProvider of type org.springframework.validation.beanvalidation.LocalValidatorFactoryBean$1
2019-04-13 14:50:47.297 DEBUG 15528 --- [main] o.h.v.i.xml.config.ValidationXmlParser   : Trying to load META-INF/validation.xml for XML based Validator configuration.
2019-04-13 14:50:47.297 DEBUG 15528 --- [main] o.h.v.i.xml.config.ResourceLoaderHelper  : Trying to load META-INF/validation.xml via user class loader
2019-04-13 14:50:47.298 DEBUG 15528 --- [main] o.h.v.i.xml.config.ResourceLoaderHelper  : Trying to load META-INF/validation.xml via TCCL
2019-04-13 14:50:47.299 DEBUG 15528 --- [main] o.h.v.i.xml.config.ResourceLoaderHelper  : Trying to load META-INF/validation.xml via Hibernate Validator's class loader
2019-04-13 14:50:47.299 DEBUG 15528 --- [main] o.h.v.i.xml.config.ValidationXmlParser   : No META-INF/validation.xml found. Using annotation based configuration only.
2019-04-13 14:50:47.305 DEBUG 15528 --- [main] o.h.v.i.engine.ValidatorFactoryImpl      : HV000234: Using org.springframework.validation.beanvalidation.LocaleContextMessageInterpolator as ValidatorFactory-scoped message interpolator.
2019-04-13 14:50:47.305 DEBUG 15528 --- [main] o.h.v.i.engine.ValidatorFactoryImpl      : HV000234: Using org.hibernate.validator.internal.engine.resolver.TraverseAllTraversableResolver as ValidatorFactory-scoped traversable resolver.
2019-04-13 14:50:47.307 DEBUG 15528 --- [main] o.h.v.i.engine.ValidatorFactoryImpl      : HV000234: Using org.hibernate.validator.internal.util.ExecutableParameterNameProvider as ValidatorFactory-scoped parameter name provider.
2019-04-13 14:50:47.307 DEBUG 15528 --- [main] o.h.v.i.engine.ValidatorFactoryImpl      : HV000234: Using org.hibernate.validator.internal.engine.DefaultClockProvider as ValidatorFactory-scoped clock provider.
2019-04-13 14:50:47.307 DEBUG 15528 --- [main] o.h.v.i.engine.ValidatorFactoryImpl      : HV000234: Using org.hibernate.validator.internal.engine.scripting.DefaultScriptEvaluatorFactory as ValidatorFactory-scoped script evaluator factory.
2019-04-13 14:50:47.683  INFO 15528 --- [main] o.s.s.concurrent.ThreadPoolTaskExecutor  : Initializing ExecutorService 'applicationTaskExecutor'
2019-04-13 14:50:48.437  INFO 15528 --- [main] o.s.b.t.m.w.SpringBootMockServletContext : Initializing Spring TestDispatcherServlet ''
2019-04-13 14:50:48.438  INFO 15528 --- [main] o.s.t.web.servlet.TestDispatcherServlet  : Initializing Servlet ''
2019-04-13 14:50:48.453  INFO 15528 --- [main] o.s.t.web.servlet.TestDispatcherServlet  : Completed initialization in 15 ms
2019-04-13 14:50:48.487  INFO 15528 --- [main] r.n.j.c.HotelSearchControllerTest        : Started HotelSearchControllerTest in 4.195 seconds (JVM running for 5.498)
2019-04-13 14:50:48.639  WARN 15528 --- [main] .w.s.m.s.DefaultHandlerExceptionResolver : Resolved [org.springframework.web.bind.MissingServletRequestParameterException: Required String parameter 'cityCode' is not present]
2019-04-13 14:50:48.671  INFO 15528 --- [Thread-2] o.s.s.concurrent.ThreadPoolTaskExecutor  : Shutting down ExecutorService 'applicationTaskExecutor'
2019-04-13 14:53:54.642  INFO 16048 --- [main] r.n.j.c.HotelSearchControllerTest        : Starting HotelSearchControllerTest on RRoschinNB with PID 16048 (started by romros in C:\notwork\np-job-task\np-task-java)
2019-04-13 14:53:54.643 DEBUG 16048 --- [main] r.n.j.c.HotelSearchControllerTest        : Running with Spring Boot v2.1.4.RELEASE, Spring v5.1.6.RELEASE
2019-04-13 14:53:54.643  INFO 16048 --- [main] r.n.j.c.HotelSearchControllerTest        : The following profiles are active: unit-test
2019-04-13 14:53:56.592 DEBUG 16048 --- [main] o.h.v.i.e.resolver.TraversableResolvers  : Cannot find javax.persistence.Persistence on classpath. Assuming non JPA 2 environment. All properties will per default be traversable.
2019-04-13 14:53:56.596 DEBUG 16048 --- [main] .h.v.m.ResourceBundleMessageInterpolator : Loaded expression factory via original TCCL
2019-04-13 14:53:56.608 DEBUG 16048 --- [main] o.h.v.i.e.resolver.TraversableResolvers  : Cannot find javax.persistence.Persistence on classpath. Assuming non JPA 2 environment. All properties will per default be traversable.
2019-04-13 14:53:56.609 DEBUG 16048 --- [main] o.h.v.internal.engine.ConfigurationImpl  : Setting custom MessageInterpolator of type org.springframework.validation.beanvalidation.LocaleContextMessageInterpolator
2019-04-13 14:53:56.610 DEBUG 16048 --- [main] o.h.v.internal.engine.ConfigurationImpl  : Setting custom ConstraintValidatorFactory of type org.springframework.validation.beanvalidation.SpringConstraintValidatorFactory
2019-04-13 14:53:56.612 DEBUG 16048 --- [main] o.h.v.internal.engine.ConfigurationImpl  : Setting custom ParameterNameProvider of type org.springframework.validation.beanvalidation.LocalValidatorFactoryBean$1
2019-04-13 14:53:56.614 DEBUG 16048 --- [main] o.h.v.i.xml.config.ValidationXmlParser   : Trying to load META-INF/validation.xml for XML based Validator configuration.
2019-04-13 14:53:56.614 DEBUG 16048 --- [main] o.h.v.i.xml.config.ResourceLoaderHelper  : Trying to load META-INF/validation.xml via user class loader
2019-04-13 14:53:56.615 DEBUG 16048 --- [main] o.h.v.i.xml.config.ResourceLoaderHelper  : Trying to load META-INF/validation.xml via TCCL
2019-04-13 14:53:56.615 DEBUG 16048 --- [main] o.h.v.i.xml.config.ResourceLoaderHelper  : Trying to load META-INF/validation.xml via Hibernate Validator's class loader
2019-04-13 14:53:56.616 DEBUG 16048 --- [main] o.h.v.i.xml.config.ValidationXmlParser   : No META-INF/validation.xml found. Using annotation based configuration only.
2019-04-13 14:53:56.626 DEBUG 16048 --- [main] o.h.v.i.engine.ValidatorFactoryImpl      : HV000234: Using org.springframework.validation.beanvalidation.LocaleContextMessageInterpolator as ValidatorFactory-scoped message interpolator.
2019-04-13 14:53:56.626 DEBUG 16048 --- [main] o.h.v.i.engine.ValidatorFactoryImpl      : HV000234: Using org.hibernate.validator.internal.engine.resolver.TraverseAllTraversableResolver as ValidatorFactory-scoped traversable resolver.
2019-04-13 14:53:56.627 DEBUG 16048 --- [main] o.h.v.i.engine.ValidatorFactoryImpl      : HV000234: Using org.hibernate.validator.internal.util.ExecutableParameterNameProvider as ValidatorFactory-scoped parameter name provider.
2019-04-13 14:53:56.628 DEBUG 16048 --- [main] o.h.v.i.engine.ValidatorFactoryImpl      : HV000234: Using org.hibernate.validator.internal.engine.DefaultClockProvider as ValidatorFactory-scoped clock provider.
2019-04-13 14:53:56.628 DEBUG 16048 --- [main] o.h.v.i.engine.ValidatorFactoryImpl      : HV000234: Using org.hibernate.validator.internal.engine.scripting.DefaultScriptEvaluatorFactory as ValidatorFactory-scoped script evaluator factory.
2019-04-13 14:53:57.005  INFO 16048 --- [main] o.s.s.concurrent.ThreadPoolTaskExecutor  : Initializing ExecutorService 'applicationTaskExecutor'
2019-04-13 14:53:57.784  INFO 16048 --- [main] o.s.b.t.m.w.SpringBootMockServletContext : Initializing Spring TestDispatcherServlet ''
2019-04-13 14:53:57.785  INFO 16048 --- [main] o.s.t.web.servlet.TestDispatcherServlet  : Initializing Servlet ''
2019-04-13 14:53:57.800  INFO 16048 --- [main] o.s.t.web.servlet.TestDispatcherServlet  : Completed initialization in 15 ms
2019-04-13 14:53:57.852  INFO 16048 --- [main] r.n.j.c.HotelSearchControllerTest        : Started HotelSearchControllerTest in 4.151 seconds (JVM running for 5.518)
2019-04-13 14:53:58.017  INFO 16048 --- [main] r.n.j.controller.HotelSearchController   : <a3100afb-299f-46b6-ab93-890d8890826b> GET Request to /hotels. CityCode: PAR
2019-04-13 14:53:58.018  INFO 16048 --- [main] r.n.j.c.validator.HotelSearchValidator   : <a3100afb-299f-46b6-ab93-890d8890826b> Validation for CityCode is finished. No validation errors.
2019-04-13 14:53:58.019  INFO 16048 --- [main] r.n.j.c.v.CheckInCheckOutDateValidator   : <a3100afb-299f-46b6-ab93-890d8890826b> Validation for CheckInDate and CheckOutDate is finished. No validation errors.
2019-04-13 14:53:58.027 DEBUG 16048 --- [pool-1-thread-1] rr.np.job.service.HotelSearchService     : <a3100afb-299f-46b6-ab93-890d8890826b> Completed request to Amadeus API. Number of Hotels found: 4
2019-04-13 14:53:58.041 DEBUG 16048 --- [pool-1-thread-1] rr.np.job.service.HotelSearchService     : <a3100afb-299f-46b6-ab93-890d8890826b> HotelSearch request is completed successfully. Response: <200 OK OK,[HotelSearchResponse(hotelName=CONCORDE OPERA PARIS OPERA PARIS, hotelAddress=LEFISTON STREET, PARIS, null, hotelPhoneNumber=1-305-436-1811, roomRate=129.94), HotelSearchResponse(hotelName=BEST WESTERN AU TROCADERO, hotelAddress=3 AVENUE RAYMOND-POINCARE , PARIS, FR75116, hotelPhoneNumber=33-1-47273330, roomRate=151.65), HotelSearchResponse(hotelName=CONCORDE OPERA PARIS OPERA PARIS 2, hotelAddress=LEFISTON STREET 2, PARIS, null, hotelPhoneNumber=1-305-436-1811, roomRate=189.94)],[]>
2019-04-13 14:53:58.177  INFO 16048 --- [Thread-2] o.s.s.concurrent.ThreadPoolTaskExecutor  : Shutting down ExecutorService 'applicationTaskExecutor'
2019-04-13 14:55:01.611  INFO 1800 --- [main] r.n.j.c.HotelSearchControllerTest        : Starting HotelSearchControllerTest on RRoschinNB with PID 1800 (started by romros in C:\notwork\np-job-task\np-task-java)
2019-04-13 14:55:01.613 DEBUG 1800 --- [main] r.n.j.c.HotelSearchControllerTest        : Running with Spring Boot v2.1.4.RELEASE, Spring v5.1.6.RELEASE
2019-04-13 14:55:01.614  INFO 1800 --- [main] r.n.j.c.HotelSearchControllerTest        : The following profiles are active: unit-test
2019-04-13 14:55:03.619 DEBUG 1800 --- [main] o.h.v.i.e.resolver.TraversableResolvers  : Cannot find javax.persistence.Persistence on classpath. Assuming non JPA 2 environment. All properties will per default be traversable.
2019-04-13 14:55:03.622 DEBUG 1800 --- [main] .h.v.m.ResourceBundleMessageInterpolator : Loaded expression factory via original TCCL
2019-04-13 14:55:03.637 DEBUG 1800 --- [main] o.h.v.i.e.resolver.TraversableResolvers  : Cannot find javax.persistence.Persistence on classpath. Assuming non JPA 2 environment. All properties will per default be traversable.
2019-04-13 14:55:03.638 DEBUG 1800 --- [main] o.h.v.internal.engine.ConfigurationImpl  : Setting custom MessageInterpolator of type org.springframework.validation.beanvalidation.LocaleContextMessageInterpolator
2019-04-13 14:55:03.639 DEBUG 1800 --- [main] o.h.v.internal.engine.ConfigurationImpl  : Setting custom ConstraintValidatorFactory of type org.springframework.validation.beanvalidation.SpringConstraintValidatorFactory
2019-04-13 14:55:03.641 DEBUG 1800 --- [main] o.h.v.internal.engine.ConfigurationImpl  : Setting custom ParameterNameProvider of type org.springframework.validation.beanvalidation.LocalValidatorFactoryBean$1
2019-04-13 14:55:03.643 DEBUG 1800 --- [main] o.h.v.i.xml.config.ValidationXmlParser   : Trying to load META-INF/validation.xml for XML based Validator configuration.
2019-04-13 14:55:03.643 DEBUG 1800 --- [main] o.h.v.i.xml.config.ResourceLoaderHelper  : Trying to load META-INF/validation.xml via user class loader
2019-04-13 14:55:03.644 DEBUG 1800 --- [main] o.h.v.i.xml.config.ResourceLoaderHelper  : Trying to load META-INF/validation.xml via TCCL
2019-04-13 14:55:03.644 DEBUG 1800 --- [main] o.h.v.i.xml.config.ResourceLoaderHelper  : Trying to load META-INF/validation.xml via Hibernate Validator's class loader
2019-04-13 14:55:03.645 DEBUG 1800 --- [main] o.h.v.i.xml.config.ValidationXmlParser   : No META-INF/validation.xml found. Using annotation based configuration only.
2019-04-13 14:55:03.654 DEBUG 1800 --- [main] o.h.v.i.engine.ValidatorFactoryImpl      : HV000234: Using org.springframework.validation.beanvalidation.LocaleContextMessageInterpolator as ValidatorFactory-scoped message interpolator.
2019-04-13 14:55:03.654 DEBUG 1800 --- [main] o.h.v.i.engine.ValidatorFactoryImpl      : HV000234: Using org.hibernate.validator.internal.engine.resolver.TraverseAllTraversableResolver as ValidatorFactory-scoped traversable resolver.
2019-04-13 14:55:03.655 DEBUG 1800 --- [main] o.h.v.i.engine.ValidatorFactoryImpl      : HV000234: Using org.hibernate.validator.internal.util.ExecutableParameterNameProvider as ValidatorFactory-scoped parameter name provider.
2019-04-13 14:55:03.655 DEBUG 1800 --- [main] o.h.v.i.engine.ValidatorFactoryImpl      : HV000234: Using org.hibernate.validator.internal.engine.DefaultClockProvider as ValidatorFactory-scoped clock provider.
2019-04-13 14:55:03.656 DEBUG 1800 --- [main] o.h.v.i.engine.ValidatorFactoryImpl      : HV000234: Using org.hibernate.validator.internal.engine.scripting.DefaultScriptEvaluatorFactory as ValidatorFactory-scoped script evaluator factory.
2019-04-13 14:55:04.021  INFO 1800 --- [main] o.s.s.concurrent.ThreadPoolTaskExecutor  : Initializing ExecutorService 'applicationTaskExecutor'
2019-04-13 14:55:04.835  INFO 1800 --- [main] o.s.b.t.m.w.SpringBootMockServletContext : Initializing Spring TestDispatcherServlet ''
2019-04-13 14:55:04.836  INFO 1800 --- [main] o.s.t.web.servlet.TestDispatcherServlet  : Initializing Servlet ''
2019-04-13 14:55:04.852  INFO 1800 --- [main] o.s.t.web.servlet.TestDispatcherServlet  : Completed initialization in 16 ms
2019-04-13 14:55:04.884  INFO 1800 --- [main] r.n.j.c.HotelSearchControllerTest        : Started HotelSearchControllerTest in 4.136 seconds (JVM running for 5.395)
2019-04-13 14:55:05.041  INFO 1800 --- [main] r.n.j.controller.HotelSearchController   : <8eb9d650-5978-431d-8108-2c417db55fd1> GET Request to /hotels. CityCode: PAR
2019-04-13 14:55:05.041  INFO 1800 --- [main] r.n.j.c.validator.HotelSearchValidator   : <8eb9d650-5978-431d-8108-2c417db55fd1> Validation for CityCode is finished. No validation errors.
2019-04-13 14:55:05.042  INFO 1800 --- [main] r.n.j.c.v.CheckInCheckOutDateValidator   : <8eb9d650-5978-431d-8108-2c417db55fd1> Validation for CheckInDate and CheckOutDate is finished. No validation errors.
2019-04-13 14:55:05.052 DEBUG 1800 --- [pool-1-thread-1] rr.np.job.service.HotelSearchService     : <8eb9d650-5978-431d-8108-2c417db55fd1> Completed request to Amadeus API. Number of Hotels found: 4
2019-04-13 14:55:05.066 DEBUG 1800 --- [pool-1-thread-1] rr.np.job.service.HotelSearchService     : <8eb9d650-5978-431d-8108-2c417db55fd1> HotelSearch request is completed successfully. Response: <200 OK OK,[HotelSearchResponse(hotelName=CONCORDE OPERA PARIS OPERA PARIS, hotelAddress=LEFISTON STREET, PARIS, null, hotelPhoneNumber=1-305-436-1811, roomRate=129.94), HotelSearchResponse(hotelName=BEST WESTERN AU TROCADERO, hotelAddress=3 AVENUE RAYMOND-POINCARE , PARIS, FR75116, hotelPhoneNumber=33-1-47273330, roomRate=151.65), HotelSearchResponse(hotelName=CONCORDE OPERA PARIS OPERA PARIS 2, hotelAddress=LEFISTON STREET 2, PARIS, null, hotelPhoneNumber=1-305-436-1811, roomRate=189.94)],[]>
2019-04-13 14:55:05.196  INFO 1800 --- [Thread-2] o.s.s.concurrent.ThreadPoolTaskExecutor  : Shutting down ExecutorService 'applicationTaskExecutor'
2019-04-13 14:57:05.560  INFO 15684 --- [main] r.n.j.c.HotelSearchControllerTest        : Starting HotelSearchControllerTest on RRoschinNB with PID 15684 (started by romros in C:\notwork\np-job-task\np-task-java)
2019-04-13 14:57:05.562 DEBUG 15684 --- [main] r.n.j.c.HotelSearchControllerTest        : Running with Spring Boot v2.1.4.RELEASE, Spring v5.1.6.RELEASE
2019-04-13 14:57:05.562  INFO 15684 --- [main] r.n.j.c.HotelSearchControllerTest        : The following profiles are active: unit-test
2019-04-13 14:57:07.590 DEBUG 15684 --- [main] o.h.v.i.e.resolver.TraversableResolvers  : Cannot find javax.persistence.Persistence on classpath. Assuming non JPA 2 environment. All properties will per default be traversable.
2019-04-13 14:57:07.594 DEBUG 15684 --- [main] .h.v.m.ResourceBundleMessageInterpolator : Loaded expression factory via original TCCL
2019-04-13 14:57:07.607 DEBUG 15684 --- [main] o.h.v.i.e.resolver.TraversableResolvers  : Cannot find javax.persistence.Persistence on classpath. Assuming non JPA 2 environment. All properties will per default be traversable.
2019-04-13 14:57:07.608 DEBUG 15684 --- [main] o.h.v.internal.engine.ConfigurationImpl  : Setting custom MessageInterpolator of type org.springframework.validation.beanvalidation.LocaleContextMessageInterpolator
2019-04-13 14:57:07.609 DEBUG 15684 --- [main] o.h.v.internal.engine.ConfigurationImpl  : Setting custom ConstraintValidatorFactory of type org.springframework.validation.beanvalidation.SpringConstraintValidatorFactory
2019-04-13 14:57:07.611 DEBUG 15684 --- [main] o.h.v.internal.engine.ConfigurationImpl  : Setting custom ParameterNameProvider of type org.springframework.validation.beanvalidation.LocalValidatorFactoryBean$1
2019-04-13 14:57:07.613 DEBUG 15684 --- [main] o.h.v.i.xml.config.ValidationXmlParser   : Trying to load META-INF/validation.xml for XML based Validator configuration.
2019-04-13 14:57:07.613 DEBUG 15684 --- [main] o.h.v.i.xml.config.ResourceLoaderHelper  : Trying to load META-INF/validation.xml via user class loader
2019-04-13 14:57:07.613 DEBUG 15684 --- [main] o.h.v.i.xml.config.ResourceLoaderHelper  : Trying to load META-INF/validation.xml via TCCL
2019-04-13 14:57:07.614 DEBUG 15684 --- [main] o.h.v.i.xml.config.ResourceLoaderHelper  : Trying to load META-INF/validation.xml via Hibernate Validator's class loader
2019-04-13 14:57:07.614 DEBUG 15684 --- [main] o.h.v.i.xml.config.ValidationXmlParser   : No META-INF/validation.xml found. Using annotation based configuration only.
2019-04-13 14:57:07.621 DEBUG 15684 --- [main] o.h.v.i.engine.ValidatorFactoryImpl      : HV000234: Using org.springframework.validation.beanvalidation.LocaleContextMessageInterpolator as ValidatorFactory-scoped message interpolator.
2019-04-13 14:57:07.622 DEBUG 15684 --- [main] o.h.v.i.engine.ValidatorFactoryImpl      : HV000234: Using org.hibernate.validator.internal.engine.resolver.TraverseAllTraversableResolver as ValidatorFactory-scoped traversable resolver.
2019-04-13 14:57:07.623 DEBUG 15684 --- [main] o.h.v.i.engine.ValidatorFactoryImpl      : HV000234: Using org.hibernate.validator.internal.util.ExecutableParameterNameProvider as ValidatorFactory-scoped parameter name provider.
2019-04-13 14:57:07.623 DEBUG 15684 --- [main] o.h.v.i.engine.ValidatorFactoryImpl      : HV000234: Using org.hibernate.validator.internal.engine.DefaultClockProvider as ValidatorFactory-scoped clock provider.
2019-04-13 14:57:07.623 DEBUG 15684 --- [main] o.h.v.i.engine.ValidatorFactoryImpl      : HV000234: Using org.hibernate.validator.internal.engine.scripting.DefaultScriptEvaluatorFactory as ValidatorFactory-scoped script evaluator factory.
2019-04-13 14:57:07.985  INFO 15684 --- [main] o.s.s.concurrent.ThreadPoolTaskExecutor  : Initializing ExecutorService 'applicationTaskExecutor'
2019-04-13 14:57:08.783  INFO 15684 --- [main] o.s.b.t.m.w.SpringBootMockServletContext : Initializing Spring TestDispatcherServlet ''
2019-04-13 14:57:08.783  INFO 15684 --- [main] o.s.t.web.servlet.TestDispatcherServlet  : Initializing Servlet ''
2019-04-13 14:57:08.797  INFO 15684 --- [main] o.s.t.web.servlet.TestDispatcherServlet  : Completed initialization in 12 ms
2019-04-13 14:57:08.824  INFO 15684 --- [main] r.n.j.c.HotelSearchControllerTest        : Started HotelSearchControllerTest in 4.131 seconds (JVM running for 5.386)
2019-04-13 14:57:08.987  INFO 15684 --- [main] r.n.j.controller.HotelSearchController   : <cc46e1b0-6a8f-403b-8bba-9bd3fbed22f5> GET Request to /hotels. CityCode: XXX
2019-04-13 14:57:08.988  INFO 15684 --- [main] r.n.j.c.validator.HotelSearchValidator   : <cc46e1b0-6a8f-403b-8bba-9bd3fbed22f5> Validation for CityCode is finished. No validation errors.
2019-04-13 14:57:08.995 DEBUG 15684 --- [main] r.n.j.c.v.CheckInCheckOutDateValidator   : <cc46e1b0-6a8f-403b-8bba-9bd3fbed22f5> Validation for CheckInDate failed. Format of CheckInDate is wrong.
2019-04-13 14:57:08.996  WARN 15684 --- [main] r.n.j.controller.HotelSearchController   : <cc46e1b0-6a8f-403b-8bba-9bd3fbed22f5> GET Request to /hotels is rejected. Validation Error.
2019-04-13 14:57:09.103  INFO 15684 --- [Thread-2] o.s.s.concurrent.ThreadPoolTaskExecutor  : Shutting down ExecutorService 'applicationTaskExecutor'
2019-04-13 14:58:20.214  INFO 15668 --- [main] r.n.j.c.HotelSearchControllerTest        : Starting HotelSearchControllerTest on RRoschinNB with PID 15668 (started by romros in C:\notwork\np-job-task\np-task-java)
2019-04-13 14:58:20.217 DEBUG 15668 --- [main] r.n.j.c.HotelSearchControllerTest        : Running with Spring Boot v2.1.4.RELEASE, Spring v5.1.6.RELEASE
2019-04-13 14:58:20.219  INFO 15668 --- [main] r.n.j.c.HotelSearchControllerTest        : The following profiles are active: unit-test
2019-04-13 14:58:22.228 DEBUG 15668 --- [main] o.h.v.i.e.resolver.TraversableResolvers  : Cannot find javax.persistence.Persistence on classpath. Assuming non JPA 2 environment. All properties will per default be traversable.
2019-04-13 14:58:22.231 DEBUG 15668 --- [main] .h.v.m.ResourceBundleMessageInterpolator : Loaded expression factory via original TCCL
2019-04-13 14:58:22.247 DEBUG 15668 --- [main] o.h.v.i.e.resolver.TraversableResolvers  : Cannot find javax.persistence.Persistence on classpath. Assuming non JPA 2 environment. All properties will per default be traversable.
2019-04-13 14:58:22.248 DEBUG 15668 --- [main] o.h.v.internal.engine.ConfigurationImpl  : Setting custom MessageInterpolator of type org.springframework.validation.beanvalidation.LocaleContextMessageInterpolator
2019-04-13 14:58:22.250 DEBUG 15668 --- [main] o.h.v.internal.engine.ConfigurationImpl  : Setting custom ConstraintValidatorFactory of type org.springframework.validation.beanvalidation.SpringConstraintValidatorFactory
2019-04-13 14:58:22.252 DEBUG 15668 --- [main] o.h.v.internal.engine.ConfigurationImpl  : Setting custom ParameterNameProvider of type org.springframework.validation.beanvalidation.LocalValidatorFactoryBean$1
2019-04-13 14:58:22.254 DEBUG 15668 --- [main] o.h.v.i.xml.config.ValidationXmlParser   : Trying to load META-INF/validation.xml for XML based Validator configuration.
2019-04-13 14:58:22.254 DEBUG 15668 --- [main] o.h.v.i.xml.config.ResourceLoaderHelper  : Trying to load META-INF/validation.xml via user class loader
2019-04-13 14:58:22.256 DEBUG 15668 --- [main] o.h.v.i.xml.config.ResourceLoaderHelper  : Trying to load META-INF/validation.xml via TCCL
2019-04-13 14:58:22.256 DEBUG 15668 --- [main] o.h.v.i.xml.config.ResourceLoaderHelper  : Trying to load META-INF/validation.xml via Hibernate Validator's class loader
2019-04-13 14:58:22.256 DEBUG 15668 --- [main] o.h.v.i.xml.config.ValidationXmlParser   : No META-INF/validation.xml found. Using annotation based configuration only.
2019-04-13 14:58:22.267 DEBUG 15668 --- [main] o.h.v.i.engine.ValidatorFactoryImpl      : HV000234: Using org.springframework.validation.beanvalidation.LocaleContextMessageInterpolator as ValidatorFactory-scoped message interpolator.
2019-04-13 14:58:22.268 DEBUG 15668 --- [main] o.h.v.i.engine.ValidatorFactoryImpl      : HV000234: Using org.hibernate.validator.internal.engine.resolver.TraverseAllTraversableResolver as ValidatorFactory-scoped traversable resolver.
2019-04-13 14:58:22.269 DEBUG 15668 --- [main] o.h.v.i.engine.ValidatorFactoryImpl      : HV000234: Using org.hibernate.validator.internal.util.ExecutableParameterNameProvider as ValidatorFactory-scoped parameter name provider.
2019-04-13 14:58:22.270 DEBUG 15668 --- [main] o.h.v.i.engine.ValidatorFactoryImpl      : HV000234: Using org.hibernate.validator.internal.engine.DefaultClockProvider as ValidatorFactory-scoped clock provider.
2019-04-13 14:58:22.270 DEBUG 15668 --- [main] o.h.v.i.engine.ValidatorFactoryImpl      : HV000234: Using org.hibernate.validator.internal.engine.scripting.DefaultScriptEvaluatorFactory as ValidatorFactory-scoped script evaluator factory.
2019-04-13 14:58:22.637  INFO 15668 --- [main] o.s.s.concurrent.ThreadPoolTaskExecutor  : Initializing ExecutorService 'applicationTaskExecutor'
2019-04-13 14:58:23.426  INFO 15668 --- [main] o.s.b.t.m.w.SpringBootMockServletContext : Initializing Spring TestDispatcherServlet ''
2019-04-13 14:58:23.426  INFO 15668 --- [main] o.s.t.web.servlet.TestDispatcherServlet  : Initializing Servlet ''
2019-04-13 14:58:23.442  INFO 15668 --- [main] o.s.t.web.servlet.TestDispatcherServlet  : Completed initialization in 16 ms
2019-04-13 14:58:23.482  INFO 15668 --- [main] r.n.j.c.HotelSearchControllerTest        : Started HotelSearchControllerTest in 4.218 seconds (JVM running for 5.494)
2019-04-13 14:58:23.640  INFO 15668 --- [main] r.n.j.controller.HotelSearchController   : <177b6681-c3e4-42ff-a23d-a5dc81ce99b0> GET Request to /hotels. CityCode: PAR
2019-04-13 14:58:23.641  INFO 15668 --- [main] r.n.j.c.validator.HotelSearchValidator   : <177b6681-c3e4-42ff-a23d-a5dc81ce99b0> Validation for CityCode is finished. No validation errors.
2019-04-13 14:58:23.647 DEBUG 15668 --- [main] r.n.j.c.v.CheckInCheckOutDateValidator   : <177b6681-c3e4-42ff-a23d-a5dc81ce99b0> Validation for CheckInDate failed. Format of CheckInDate is wrong.
2019-04-13 14:58:23.647  WARN 15668 --- [main] r.n.j.controller.HotelSearchController   : <177b6681-c3e4-42ff-a23d-a5dc81ce99b0> GET Request to /hotels is rejected. Validation Error.
2019-04-13 14:58:23.767  INFO 15668 --- [Thread-2] o.s.s.concurrent.ThreadPoolTaskExecutor  : Shutting down ExecutorService 'applicationTaskExecutor'
2019-04-13 15:22:52.053  INFO 17044 --- [main] r.n.j.c.HotelSearchControllerRestDocTest : Starting HotelSearchControllerRestDocTest on RRoschinNB with PID 17044 (started by romros in C:\notwork\np-job-task\np-task-java)
2019-04-13 15:22:52.055 DEBUG 17044 --- [main] r.n.j.c.HotelSearchControllerRestDocTest : Running with Spring Boot v2.1.4.RELEASE, Spring v5.1.6.RELEASE
2019-04-13 15:22:52.056  INFO 17044 --- [main] r.n.j.c.HotelSearchControllerRestDocTest : The following profiles are active: unit-test
2019-04-13 15:22:53.993 DEBUG 17044 --- [main] o.h.v.i.e.resolver.TraversableResolvers  : Cannot find javax.persistence.Persistence on classpath. Assuming non JPA 2 environment. All properties will per default be traversable.
2019-04-13 15:22:53.996 DEBUG 17044 --- [main] .h.v.m.ResourceBundleMessageInterpolator : Loaded expression factory via original TCCL
2019-04-13 15:22:54.008 DEBUG 17044 --- [main] o.h.v.i.e.resolver.TraversableResolvers  : Cannot find javax.persistence.Persistence on classpath. Assuming non JPA 2 environment. All properties will per default be traversable.
2019-04-13 15:22:54.009 DEBUG 17044 --- [main] o.h.v.internal.engine.ConfigurationImpl  : Setting custom MessageInterpolator of type org.springframework.validation.beanvalidation.LocaleContextMessageInterpolator
2019-04-13 15:22:54.010 DEBUG 17044 --- [main] o.h.v.internal.engine.ConfigurationImpl  : Setting custom ConstraintValidatorFactory of type org.springframework.validation.beanvalidation.SpringConstraintValidatorFactory
2019-04-13 15:22:54.011 DEBUG 17044 --- [main] o.h.v.internal.engine.ConfigurationImpl  : Setting custom ParameterNameProvider of type org.springframework.validation.beanvalidation.LocalValidatorFactoryBean$1
2019-04-13 15:22:54.013 DEBUG 17044 --- [main] o.h.v.i.xml.config.ValidationXmlParser   : Trying to load META-INF/validation.xml for XML based Validator configuration.
2019-04-13 15:22:54.013 DEBUG 17044 --- [main] o.h.v.i.xml.config.ResourceLoaderHelper  : Trying to load META-INF/validation.xml via user class loader
2019-04-13 15:22:54.014 DEBUG 17044 --- [main] o.h.v.i.xml.config.ResourceLoaderHelper  : Trying to load META-INF/validation.xml via TCCL
2019-04-13 15:22:54.015 DEBUG 17044 --- [main] o.h.v.i.xml.config.ResourceLoaderHelper  : Trying to load META-INF/validation.xml via Hibernate Validator's class loader
2019-04-13 15:22:54.015 DEBUG 17044 --- [main] o.h.v.i.xml.config.ValidationXmlParser   : No META-INF/validation.xml found. Using annotation based configuration only.
2019-04-13 15:22:54.022 DEBUG 17044 --- [main] o.h.v.i.engine.ValidatorFactoryImpl      : HV000234: Using org.springframework.validation.beanvalidation.LocaleContextMessageInterpolator as ValidatorFactory-scoped message interpolator.
2019-04-13 15:22:54.022 DEBUG 17044 --- [main] o.h.v.i.engine.ValidatorFactoryImpl      : HV000234: Using org.hibernate.validator.internal.engine.resolver.TraverseAllTraversableResolver as ValidatorFactory-scoped traversable resolver.
2019-04-13 15:22:54.023 DEBUG 17044 --- [main] o.h.v.i.engine.ValidatorFactoryImpl      : HV000234: Using org.hibernate.validator.internal.util.ExecutableParameterNameProvider as ValidatorFactory-scoped parameter name provider.
2019-04-13 15:22:54.023 DEBUG 17044 --- [main] o.h.v.i.engine.ValidatorFactoryImpl      : HV000234: Using org.hibernate.validator.internal.engine.DefaultClockProvider as ValidatorFactory-scoped clock provider.
2019-04-13 15:22:54.024 DEBUG 17044 --- [main] o.h.v.i.engine.ValidatorFactoryImpl      : HV000234: Using org.hibernate.validator.internal.engine.scripting.DefaultScriptEvaluatorFactory as ValidatorFactory-scoped script evaluator factory.
2019-04-13 15:22:54.369  INFO 17044 --- [main] o.s.s.concurrent.ThreadPoolTaskExecutor  : Initializing ExecutorService 'applicationTaskExecutor'
2019-04-13 15:22:55.207  INFO 17044 --- [main] r.n.j.c.HotelSearchControllerRestDocTest : Started HotelSearchControllerRestDocTest in 3.986 seconds (JVM running for 5.198)
2019-04-13 15:22:55.300  INFO 17044 --- [main] o.s.b.t.m.w.SpringBootMockServletContext : Initializing Spring TestDispatcherServlet ''
2019-04-13 15:22:55.302  INFO 17044 --- [main] o.s.t.web.servlet.TestDispatcherServlet  : Initializing Servlet ''
2019-04-13 15:22:55.320  INFO 17044 --- [main] o.s.t.web.servlet.TestDispatcherServlet  : Completed initialization in 18 ms
2019-04-13 15:22:55.448  INFO 17044 --- [main] r.n.j.controller.HotelSearchController   : <4e41a333-3cff-438a-9e4f-f640eda9cc0b> GET Request to /hotels. CityCode: PAR
2019-04-13 15:22:55.449  INFO 17044 --- [main] r.n.j.c.validator.HotelSearchValidator   : <4e41a333-3cff-438a-9e4f-f640eda9cc0b> Validation for CityCode is finished. No validation errors.
2019-04-13 15:22:55.450  INFO 17044 --- [main] r.n.j.c.v.CheckInCheckOutDateValidator   : <4e41a333-3cff-438a-9e4f-f640eda9cc0b> Validation for CheckInDate and CheckOutDate is finished. No validation errors.
2019-04-13 15:22:55.457 DEBUG 17044 --- [pool-1-thread-1] rr.np.job.service.HotelSearchService     : <4e41a333-3cff-438a-9e4f-f640eda9cc0b> Completed request to Amadeus API. Number of Hotels found: 4
2019-04-13 15:22:55.470 DEBUG 17044 --- [pool-1-thread-1] rr.np.job.service.HotelSearchService     : <4e41a333-3cff-438a-9e4f-f640eda9cc0b> HotelSearch request is completed successfully. Response: <200 OK OK,[HotelSearchResponse(hotelName=CONCORDE OPERA PARIS OPERA PARIS, hotelAddress=LEFISTON STREET, PARIS, null, hotelPhoneNumber=1-305-436-1811, roomRate=129.94), HotelSearchResponse(hotelName=BEST WESTERN AU TROCADERO, hotelAddress=3 AVENUE RAYMOND-POINCARE , PARIS, FR75116, hotelPhoneNumber=33-1-47273330, roomRate=151.65), HotelSearchResponse(hotelName=CONCORDE OPERA PARIS OPERA PARIS 2, hotelAddress=LEFISTON STREET 2, PARIS, null, hotelPhoneNumber=1-305-436-1811, roomRate=189.94)],[]>
2019-04-13 15:22:55.791  INFO 17044 --- [Thread-1] o.s.s.concurrent.ThreadPoolTaskExecutor  : Shutting down ExecutorService 'applicationTaskExecutor'
2019-04-13 15:25:41.237  INFO 10288 --- [main] r.n.j.c.HotelSearchControllerTest        : Starting HotelSearchControllerTest on RRoschinNB with PID 10288 (started by romros in C:\notwork\np-job-task\np-task-java)
2019-04-13 15:25:41.238 DEBUG 10288 --- [main] r.n.j.c.HotelSearchControllerTest        : Running with Spring Boot v2.1.4.RELEASE, Spring v5.1.6.RELEASE
2019-04-13 15:25:41.238  INFO 10288 --- [main] r.n.j.c.HotelSearchControllerTest        : The following profiles are active: unit-test
2019-04-13 15:25:43.202 DEBUG 10288 --- [main] o.h.v.i.e.resolver.TraversableResolvers  : Cannot find javax.persistence.Persistence on classpath. Assuming non JPA 2 environment. All properties will per default be traversable.
2019-04-13 15:25:43.205 DEBUG 10288 --- [main] .h.v.m.ResourceBundleMessageInterpolator : Loaded expression factory via original TCCL
2019-04-13 15:25:43.216 DEBUG 10288 --- [main] o.h.v.i.e.resolver.TraversableResolvers  : Cannot find javax.persistence.Persistence on classpath. Assuming non JPA 2 environment. All properties will per default be traversable.
2019-04-13 15:25:43.218 DEBUG 10288 --- [main] o.h.v.internal.engine.ConfigurationImpl  : Setting custom MessageInterpolator of type org.springframework.validation.beanvalidation.LocaleContextMessageInterpolator
2019-04-13 15:25:43.219 DEBUG 10288 --- [main] o.h.v.internal.engine.ConfigurationImpl  : Setting custom ConstraintValidatorFactory of type org.springframework.validation.beanvalidation.SpringConstraintValidatorFactory
2019-04-13 15:25:43.220 DEBUG 10288 --- [main] o.h.v.internal.engine.ConfigurationImpl  : Setting custom ParameterNameProvider of type org.springframework.validation.beanvalidation.LocalValidatorFactoryBean$1
2019-04-13 15:25:43.223 DEBUG 10288 --- [main] o.h.v.i.xml.config.ValidationXmlParser   : Trying to load META-INF/validation.xml for XML based Validator configuration.
2019-04-13 15:25:43.223 DEBUG 10288 --- [main] o.h.v.i.xml.config.ResourceLoaderHelper  : Trying to load META-INF/validation.xml via user class loader
2019-04-13 15:25:43.224 DEBUG 10288 --- [main] o.h.v.i.xml.config.ResourceLoaderHelper  : Trying to load META-INF/validation.xml via TCCL
2019-04-13 15:25:43.224 DEBUG 10288 --- [main] o.h.v.i.xml.config.ResourceLoaderHelper  : Trying to load META-INF/validation.xml via Hibernate Validator's class loader
2019-04-13 15:25:43.225 DEBUG 10288 --- [main] o.h.v.i.xml.config.ValidationXmlParser   : No META-INF/validation.xml found. Using annotation based configuration only.
2019-04-13 15:25:43.236 DEBUG 10288 --- [main] o.h.v.i.engine.ValidatorFactoryImpl      : HV000234: Using org.springframework.validation.beanvalidation.LocaleContextMessageInterpolator as ValidatorFactory-scoped message interpolator.
2019-04-13 15:25:43.236 DEBUG 10288 --- [main] o.h.v.i.engine.ValidatorFactoryImpl      : HV000234: Using org.hibernate.validator.internal.engine.resolver.TraverseAllTraversableResolver as ValidatorFactory-scoped traversable resolver.
2019-04-13 15:25:43.238 DEBUG 10288 --- [main] o.h.v.i.engine.ValidatorFactoryImpl      : HV000234: Using org.hibernate.validator.internal.util.ExecutableParameterNameProvider as ValidatorFactory-scoped parameter name provider.
2019-04-13 15:25:43.238 DEBUG 10288 --- [main] o.h.v.i.engine.ValidatorFactoryImpl      : HV000234: Using org.hibernate.validator.internal.engine.DefaultClockProvider as ValidatorFactory-scoped clock provider.
2019-04-13 15:25:43.238 DEBUG 10288 --- [main] o.h.v.i.engine.ValidatorFactoryImpl      : HV000234: Using org.hibernate.validator.internal.engine.scripting.DefaultScriptEvaluatorFactory as ValidatorFactory-scoped script evaluator factory.
2019-04-13 15:25:43.659  INFO 10288 --- [main] o.s.s.concurrent.ThreadPoolTaskExecutor  : Initializing ExecutorService 'applicationTaskExecutor'
2019-04-13 15:25:44.147  INFO 10288 --- [main] o.s.b.t.m.w.SpringBootMockServletContext : Initializing Spring TestDispatcherServlet ''
2019-04-13 15:25:44.148  INFO 10288 --- [main] o.s.t.web.servlet.TestDispatcherServlet  : Initializing Servlet ''
2019-04-13 15:25:44.167  INFO 10288 --- [main] o.s.t.web.servlet.TestDispatcherServlet  : Completed initialization in 18 ms
2019-04-13 15:25:44.209  INFO 10288 --- [main] r.n.j.c.HotelSearchControllerTest        : Started HotelSearchControllerTest in 3.729 seconds (JVM running for 5.01)
2019-04-13 15:25:44.709  INFO 10288 --- [main] r.n.j.controller.HotelSearchController   : <101236ac-95f7-4ed5-82eb-31aef115035e> GET Request to /hotels. CityCode: PAR
2019-04-13 15:25:44.709  INFO 10288 --- [main] r.n.j.c.validator.HotelSearchValidator   : <101236ac-95f7-4ed5-82eb-31aef115035e> Validation for CityCode is finished. No validation errors.
2019-04-13 15:25:44.715 DEBUG 10288 --- [main] r.n.j.c.v.CheckInCheckOutDateValidator   : <101236ac-95f7-4ed5-82eb-31aef115035e> Validation for CheckInDate failed. Format of CheckInDate is wrong.
2019-04-13 15:25:44.715  WARN 10288 --- [main] r.n.j.controller.HotelSearchController   : <101236ac-95f7-4ed5-82eb-31aef115035e> GET Request to /hotels is rejected. Validation Error.
2019-04-13 15:25:44.828  INFO 10288 --- [main] r.n.j.controller.HotelSearchController   : <7820a4aa-1081-42e4-8cb5-41d01ad4762c> GET Request to /hotels. CityCode: PAR
2019-04-13 15:25:44.829  INFO 10288 --- [main] r.n.j.c.validator.HotelSearchValidator   : <7820a4aa-1081-42e4-8cb5-41d01ad4762c> Validation for CityCode is finished. No validation errors.
2019-04-13 15:25:44.829  INFO 10288 --- [main] r.n.j.c.v.CheckInCheckOutDateValidator   : <7820a4aa-1081-42e4-8cb5-41d01ad4762c> Validation for CheckInDate and CheckOutDate is finished. No validation errors.
2019-04-13 15:25:44.837 DEBUG 10288 --- [pool-1-thread-1] rr.np.job.service.HotelSearchService     : <7820a4aa-1081-42e4-8cb5-41d01ad4762c> Completed request to Amadeus API. Number of Hotels found: 4
2019-04-13 15:25:44.859  INFO 10288 --- [main] .b.t.c.SpringBootTestContextBootstrapper : Neither @ContextConfiguration nor @ContextHierarchy found for test class [rr.np.job.controller.validator.CheckInCheckOutDateValidatorTest], using SpringBootContextLoader
2019-04-13 15:25:44.846 DEBUG 10288 --- [pool-1-thread-1] rr.np.job.service.HotelSearchService     : <7820a4aa-1081-42e4-8cb5-41d01ad4762c> HotelSearch request is completed successfully. Response: <200 OK OK,[HotelSearchResponse(hotelName=CONCORDE OPERA PARIS OPERA PARIS, hotelAddress=LEFISTON STREET, PARIS, null, hotelPhoneNumber=1-305-436-1811, roomRate=129.94), HotelSearchResponse(hotelName=BEST WESTERN AU TROCADERO, hotelAddress=3 AVENUE RAYMOND-POINCARE , PARIS, FR75116, hotelPhoneNumber=33-1-47273330, roomRate=151.65), HotelSearchResponse(hotelName=CONCORDE OPERA PARIS OPERA PARIS 2, hotelAddress=LEFISTON STREET 2, PARIS, null, hotelPhoneNumber=1-305-436-1811, roomRate=189.94)],[]>
2019-04-13 15:25:44.861  INFO 10288 --- [main] o.s.t.c.support.AbstractContextLoader    : Could not detect default resource locations for test class [rr.np.job.controller.validator.CheckInCheckOutDateValidatorTest]: no resource found for suffixes {-context.xml, Context.groovy}.
2019-04-13 15:25:44.862  INFO 10288 --- [main] t.c.s.AnnotationConfigContextLoaderUtils : Could not detect default configuration classes for test class [rr.np.job.controller.validator.CheckInCheckOutDateValidatorTest]: CheckInCheckOutDateValidatorTest does not declare any static, non-private, non-final, nested classes annotated with @Configuration.
2019-04-13 15:25:44.893  INFO 10288 --- [main] .b.t.c.SpringBootTestContextBootstrapper : Found @SpringBootConfiguration rr.np.job.NpJobTaskStarter for test class rr.np.job.controller.validator.CheckInCheckOutDateValidatorTest
2019-04-13 15:25:44.897  INFO 10288 --- [main] .b.t.c.SpringBootTestContextBootstrapper : Loaded default TestExecutionListener class names from location [META-INF/spring.factories]: [org.springframework.boot.test.mock.mockito.MockitoTestExecutionListener, org.springframework.boot.test.mock.mockito.ResetMocksTestExecutionListener, org.springframework.boot.test.autoconfigure.restdocs.RestDocsTestExecutionListener, org.springframework.boot.test.autoconfigure.web.client.MockRestServiceServerResetTestExecutionListener, org.springframework.boot.test.autoconfigure.web.servlet.MockMvcPrintOnlyOnFailureTestExecutionListener, org.springframework.boot.test.autoconfigure.web.servlet.WebDriverTestExecutionListener, org.springframework.test.context.web.ServletTestExecutionListener, org.springframework.test.context.support.DirtiesContextBeforeModesTestExecutionListener, org.springframework.test.context.support.DependencyInjectionTestExecutionListener, org.springframework.test.context.support.DirtiesContextTestExecutionListener, org.springframework.test.context.transaction.TransactionalTestExecutionListener, org.springframework.test.context.jdbc.SqlScriptsTestExecutionListener]
2019-04-13 15:25:44.899  INFO 10288 --- [main] .b.t.c.SpringBootTestContextBootstrapper : Using TestExecutionListeners: [org.springframework.test.context.web.ServletTestExecutionListener@69bc9584, org.springframework.test.context.support.DirtiesContextBeforeModesTestExecutionListener@3214bad, org.springframework.boot.test.mock.mockito.MockitoTestExecutionListener@52d7ab79, org.springframework.boot.test.autoconfigure.SpringBootDependencyInjectionTestExecutionListener@f95d64d, org.springframework.test.context.support.DirtiesContextTestExecutionListener@288728e, org.springframework.boot.test.mock.mockito.ResetMocksTestExecutionListener@b7d2d51, org.springframework.boot.test.autoconfigure.restdocs.RestDocsTestExecutionListener@641ed324, org.springframework.boot.test.autoconfigure.web.client.MockRestServiceServerResetTestExecutionListener@45984654, org.springframework.boot.test.autoconfigure.web.servlet.MockMvcPrintOnlyOnFailureTestExecutionListener@4c5406b, org.springframework.boot.test.autoconfigure.web.servlet.WebDriverTestExecutionListener@66b0e207]
2019-04-13 15:25:44.957  INFO 10288 --- [main] n.j.c.v.CheckInCheckOutDateValidatorTest : Starting CheckInCheckOutDateValidatorTest on RRoschinNB with PID 10288 (started by romros in C:\notwork\np-job-task\np-task-java)
2019-04-13 15:25:44.958 DEBUG 10288 --- [main] n.j.c.v.CheckInCheckOutDateValidatorTest : Running with Spring Boot v2.1.4.RELEASE, Spring v5.1.6.RELEASE
2019-04-13 15:25:44.958  INFO 10288 --- [main] n.j.c.v.CheckInCheckOutDateValidatorTest : The following profiles are active: unit-test
2019-04-13 15:25:45.372 DEBUG 10288 --- [main] o.h.v.i.e.resolver.TraversableResolvers  : Cannot find javax.persistence.Persistence on classpath. Assuming non JPA 2 environment. All properties will per default be traversable.
2019-04-13 15:25:45.373 DEBUG 10288 --- [main] .h.v.m.ResourceBundleMessageInterpolator : Loaded expression factory via original TCCL
2019-04-13 15:25:45.379 DEBUG 10288 --- [main] o.h.v.i.e.resolver.TraversableResolvers  : Cannot find javax.persistence.Persistence on classpath. Assuming non JPA 2 environment. All properties will per default be traversable.
2019-04-13 15:25:45.379 DEBUG 10288 --- [main] o.h.v.internal.engine.ConfigurationImpl  : Setting custom MessageInterpolator of type org.springframework.validation.beanvalidation.LocaleContextMessageInterpolator
2019-04-13 15:25:45.380 DEBUG 10288 --- [main] o.h.v.internal.engine.ConfigurationImpl  : Setting custom ConstraintValidatorFactory of type org.springframework.validation.beanvalidation.SpringConstraintValidatorFactory
2019-04-13 15:25:45.380 DEBUG 10288 --- [main] o.h.v.internal.engine.ConfigurationImpl  : Setting custom ParameterNameProvider of type org.springframework.validation.beanvalidation.LocalValidatorFactoryBean$1
2019-04-13 15:25:45.382 DEBUG 10288 --- [main] o.h.v.i.xml.config.ValidationXmlParser   : Trying to load META-INF/validation.xml for XML based Validator configuration.
2019-04-13 15:25:45.382 DEBUG 10288 --- [main] o.h.v.i.xml.config.ResourceLoaderHelper  : Trying to load META-INF/validation.xml via user class loader
2019-04-13 15:25:45.384 DEBUG 10288 --- [main] o.h.v.i.xml.config.ResourceLoaderHelper  : Trying to load META-INF/validation.xml via TCCL
2019-04-13 15:25:45.387 DEBUG 10288 --- [main] o.h.v.i.xml.config.ResourceLoaderHelper  : Trying to load META-INF/validation.xml via Hibernate Validator's class loader
2019-04-13 15:25:45.388 DEBUG 10288 --- [main] o.h.v.i.xml.config.ValidationXmlParser   : No META-INF/validation.xml found. Using annotation based configuration only.
2019-04-13 15:25:45.394 DEBUG 10288 --- [main] o.h.v.i.engine.ValidatorFactoryImpl      : HV000234: Using org.springframework.validation.beanvalidation.LocaleContextMessageInterpolator as ValidatorFactory-scoped message interpolator.
2019-04-13 15:25:45.395 DEBUG 10288 --- [main] o.h.v.i.engine.ValidatorFactoryImpl      : HV000234: Using org.hibernate.validator.internal.engine.resolver.TraverseAllTraversableResolver as ValidatorFactory-scoped traversable resolver.
2019-04-13 15:25:45.395 DEBUG 10288 --- [main] o.h.v.i.engine.ValidatorFactoryImpl      : HV000234: Using org.hibernate.validator.internal.util.ExecutableParameterNameProvider as ValidatorFactory-scoped parameter name provider.
2019-04-13 15:25:45.396 DEBUG 10288 --- [main] o.h.v.i.engine.ValidatorFactoryImpl      : HV000234: Using org.hibernate.validator.internal.engine.DefaultClockProvider as ValidatorFactory-scoped clock provider.
2019-04-13 15:25:45.397 DEBUG 10288 --- [main] o.h.v.i.engine.ValidatorFactoryImpl      : HV000234: Using org.hibernate.validator.internal.engine.scripting.DefaultScriptEvaluatorFactory as ValidatorFactory-scoped script evaluator factory.
2019-04-13 15:25:45.600  INFO 10288 --- [main] o.s.s.concurrent.ThreadPoolTaskExecutor  : Initializing ExecutorService 'applicationTaskExecutor'
2019-04-13 15:25:45.841  INFO 10288 --- [main] n.j.c.v.CheckInCheckOutDateValidatorTest : Started CheckInCheckOutDateValidatorTest in 0.937 seconds (JVM running for 6.642)
2019-04-13 15:25:45.848 DEBUG 10288 --- [main] r.n.j.c.v.CheckInCheckOutDateValidator   : unit-test Validation for CheckInDate failed. Format of CheckInDate is wrong.
2019-04-13 15:25:45.935  INFO 10288 --- [main] r.n.j.c.v.CheckInCheckOutDateValidator   : unit-test Validation for CheckInDate and CheckOutDate is finished. No validation errors.
2019-04-13 15:25:45.939 DEBUG 10288 --- [main] r.n.j.c.v.CheckInCheckOutDateValidator   : unit-test Validation for CheckInDate failed. Format of CheckOutDate is wrong.
2019-04-13 15:25:45.945 DEBUG 10288 --- [main] r.n.j.c.v.CheckInCheckOutDateValidator   : unit-test Validation for CheckInDate failed. Format of CheckInDate is wrong.
2019-04-13 15:25:45.951 DEBUG 10288 --- [main] r.n.j.c.v.CheckInCheckOutDateValidator   : unit-test Validation for CheckInDate failed. CheckOutDate is before. CheckinDate
2019-04-13 15:25:45.956 DEBUG 10288 --- [main] r.n.j.c.v.CheckInCheckOutDateValidator   : unit-test Validation for CheckInDate failed. CheckInDate is in the past.
2019-04-13 15:25:45.961  INFO 10288 --- [main] .b.t.c.SpringBootTestContextBootstrapper : Neither @ContextConfiguration nor @ContextHierarchy found for test class [rr.np.job.controller.validator.CityCodeValidatorTest], using SpringBootContextLoader
2019-04-13 15:25:45.963  INFO 10288 --- [main] o.s.t.c.support.AbstractContextLoader    : Could not detect default resource locations for test class [rr.np.job.controller.validator.CityCodeValidatorTest]: no resource found for suffixes {-context.xml, Context.groovy}.
2019-04-13 15:25:45.963  INFO 10288 --- [main] t.c.s.AnnotationConfigContextLoaderUtils : Could not detect default configuration classes for test class [rr.np.job.controller.validator.CityCodeValidatorTest]: CityCodeValidatorTest does not declare any static, non-private, non-final, nested classes annotated with @Configuration.
2019-04-13 15:25:45.966  INFO 10288 --- [main] .b.t.c.SpringBootTestContextBootstrapper : Found @SpringBootConfiguration rr.np.job.NpJobTaskStarter for test class rr.np.job.controller.validator.CityCodeValidatorTest
2019-04-13 15:25:45.969  INFO 10288 --- [main] .b.t.c.SpringBootTestContextBootstrapper : Loaded default TestExecutionListener class names from location [META-INF/spring.factories]: [org.springframework.boot.test.mock.mockito.MockitoTestExecutionListener, org.springframework.boot.test.mock.mockito.ResetMocksTestExecutionListener, org.springframework.boot.test.autoconfigure.restdocs.RestDocsTestExecutionListener, org.springframework.boot.test.autoconfigure.web.client.MockRestServiceServerResetTestExecutionListener, org.springframework.boot.test.autoconfigure.web.servlet.MockMvcPrintOnlyOnFailureTestExecutionListener, org.springframework.boot.test.autoconfigure.web.servlet.WebDriverTestExecutionListener, org.springframework.test.context.web.ServletTestExecutionListener, org.springframework.test.context.support.DirtiesContextBeforeModesTestExecutionListener, org.springframework.test.context.support.DependencyInjectionTestExecutionListener, org.springframework.test.context.support.DirtiesContextTestExecutionListener, org.springframework.test.context.transaction.TransactionalTestExecutionListener, org.springframework.test.context.jdbc.SqlScriptsTestExecutionListener]
2019-04-13 15:25:45.971  INFO 10288 --- [main] .b.t.c.SpringBootTestContextBootstrapper : Using TestExecutionListeners: [org.springframework.test.context.web.ServletTestExecutionListener@274bae2c, org.springframework.test.context.support.DirtiesContextBeforeModesTestExecutionListener@6eeb29c0, org.springframework.boot.test.mock.mockito.MockitoTestExecutionListener@1d3d76b4, org.springframework.boot.test.autoconfigure.SpringBootDependencyInjectionTestExecutionListener@6f986501, org.springframework.test.context.support.DirtiesContextTestExecutionListener@15d88c10, org.springframework.boot.test.mock.mockito.ResetMocksTestExecutionListener@22ca1242, org.springframework.boot.test.autoconfigure.restdocs.RestDocsTestExecutionListener@54b44879, org.springframework.boot.test.autoconfigure.web.client.MockRestServiceServerResetTestExecutionListener@78288f83, org.springframework.boot.test.autoconfigure.web.servlet.MockMvcPrintOnlyOnFailureTestExecutionListener@29c1249a, org.springframework.boot.test.autoconfigure.web.servlet.WebDriverTestExecutionListener@5beb6be2]
2019-04-13 15:25:45.980 DEBUG 10288 --- [main] r.n.j.c.validator.HotelSearchValidator   : unit-test Validation for CityCode failed. CityCode is empty or null.
2019-04-13 15:25:45.985 DEBUG 10288 --- [main] r.n.j.c.validator.HotelSearchValidator   : unit-test Validation for CityCode failed. CityCode is empty or null.
2019-04-13 15:25:45.989 DEBUG 10288 --- [main] r.n.j.c.validator.HotelSearchValidator   : unit-test Validation for CityCode failed. CityCode.lenght = 2.
2019-04-13 15:25:45.993 DEBUG 10288 --- [main] r.n.j.c.validator.HotelSearchValidator   : unit-test Validation for CityCode failed. CityCode.lenght = 5.
2019-04-13 15:25:45.999  INFO 10288 --- [main] r.n.j.c.validator.HotelSearchValidator   : unit-test Validation for CityCode is finished. No validation errors.
2019-04-13 15:25:46.004  INFO 10288 --- [main] .b.t.c.SpringBootTestContextBootstrapper : Neither @ContextConfiguration nor @ContextHierarchy found for test class [rr.np.job.controller.validator.HotelSearchValidatorTest], using SpringBootContextLoader
2019-04-13 15:25:46.005  INFO 10288 --- [main] o.s.t.c.support.AbstractContextLoader    : Could not detect default resource locations for test class [rr.np.job.controller.validator.HotelSearchValidatorTest]: no resource found for suffixes {-context.xml, Context.groovy}.
2019-04-13 15:25:46.005  INFO 10288 --- [main] t.c.s.AnnotationConfigContextLoaderUtils : Could not detect default configuration classes for test class [rr.np.job.controller.validator.HotelSearchValidatorTest]: HotelSearchValidatorTest does not declare any static, non-private, non-final, nested classes annotated with @Configuration.
2019-04-13 15:25:46.020  INFO 10288 --- [main] .b.t.c.SpringBootTestContextBootstrapper : Found @SpringBootConfiguration rr.np.job.NpJobTaskStarter for test class rr.np.job.controller.validator.HotelSearchValidatorTest
2019-04-13 15:25:46.026  INFO 10288 --- [main] .b.t.c.SpringBootTestContextBootstrapper : Loaded default TestExecutionListener class names from location [META-INF/spring.factories]: [org.springframework.boot.test.mock.mockito.MockitoTestExecutionListener, org.springframework.boot.test.mock.mockito.ResetMocksTestExecutionListener, org.springframework.boot.test.autoconfigure.restdocs.RestDocsTestExecutionListener, org.springframework.boot.test.autoconfigure.web.client.MockRestServiceServerResetTestExecutionListener, org.springframework.boot.test.autoconfigure.web.servlet.MockMvcPrintOnlyOnFailureTestExecutionListener, org.springframework.boot.test.autoconfigure.web.servlet.WebDriverTestExecutionListener, org.springframework.test.context.web.ServletTestExecutionListener, org.springframework.test.context.support.DirtiesContextBeforeModesTestExecutionListener, org.springframework.test.context.support.DependencyInjectionTestExecutionListener, org.springframework.test.context.support.DirtiesContextTestExecutionListener, org.springframework.test.context.transaction.TransactionalTestExecutionListener, org.springframework.test.context.jdbc.SqlScriptsTestExecutionListener]
2019-04-13 15:25:46.029  INFO 10288 --- [main] .b.t.c.SpringBootTestContextBootstrapper : Using TestExecutionListeners: [org.springframework.test.context.web.ServletTestExecutionListener@6d8b7ea9, org.springframework.test.context.support.DirtiesContextBeforeModesTestExecutionListener@5a39e554, org.springframework.boot.test.mock.mockito.MockitoTestExecutionListener@333d44f6, org.springframework.boot.test.autoconfigure.SpringBootDependencyInjectionTestExecutionListener@350bbd5d, org.springframework.test.context.support.DirtiesContextTestExecutionListener@3c3e363, org.springframework.boot.test.mock.mockito.ResetMocksTestExecutionListener@16c5b50a, org.springframework.boot.test.autoconfigure.restdocs.RestDocsTestExecutionListener@4f8659d0, org.springframework.boot.test.autoconfigure.web.client.MockRestServiceServerResetTestExecutionListener@278fe428, org.springframework.boot.test.autoconfigure.web.servlet.MockMvcPrintOnlyOnFailureTestExecutionListener@3b4bd341, org.springframework.boot.test.autoconfigure.web.servlet.WebDriverTestExecutionListener@1d4cc7]
2019-04-13 15:25:46.037  INFO 10288 --- [main] r.n.j.c.validator.HotelSearchValidator   : unit-test Validation for CityCode is finished. No validation errors.
2019-04-13 15:25:46.038  INFO 10288 --- [main] r.n.j.c.v.CheckInCheckOutDateValidator   : unit-test Validation for CheckInDate and CheckOutDate is finished. No validation errors.
2019-04-13 15:25:46.048  INFO 10288 --- [main] r.n.j.c.validator.HotelSearchValidator   : unit-test Validation for CityCode is finished. No validation errors.
2019-04-13 15:25:46.048 DEBUG 10288 --- [main] r.n.j.c.v.CheckInCheckOutDateValidator   : unit-test Validation for CheckInDate failed. Format of CheckInDate is wrong.
2019-04-13 15:25:46.051  INFO 10288 --- [main] .b.t.c.SpringBootTestContextBootstrapper : Neither @ContextConfiguration nor @ContextHierarchy found for test class [rr.np.job.NpJobTaskStarterTest], using SpringBootContextLoader
2019-04-13 15:25:46.053  INFO 10288 --- [main] o.s.t.c.support.AbstractContextLoader    : Could not detect default resource locations for test class [rr.np.job.NpJobTaskStarterTest]: no resource found for suffixes {-context.xml, Context.groovy}.
2019-04-13 15:25:46.053  INFO 10288 --- [main] t.c.s.AnnotationConfigContextLoaderUtils : Could not detect default configuration classes for test class [rr.np.job.NpJobTaskStarterTest]: NpJobTaskStarterTest does not declare any static, non-private, non-final, nested classes annotated with @Configuration.
2019-04-13 15:25:46.061  INFO 10288 --- [main] .b.t.c.SpringBootTestContextBootstrapper : Found @SpringBootConfiguration rr.np.job.NpJobTaskStarter for test class rr.np.job.NpJobTaskStarterTest
2019-04-13 15:25:46.063  INFO 10288 --- [main] .b.t.c.SpringBootTestContextBootstrapper : Loaded default TestExecutionListener class names from location [META-INF/spring.factories]: [org.springframework.boot.test.mock.mockito.MockitoTestExecutionListener, org.springframework.boot.test.mock.mockito.ResetMocksTestExecutionListener, org.springframework.boot.test.autoconfigure.restdocs.RestDocsTestExecutionListener, org.springframework.boot.test.autoconfigure.web.client.MockRestServiceServerResetTestExecutionListener, org.springframework.boot.test.autoconfigure.web.servlet.MockMvcPrintOnlyOnFailureTestExecutionListener, org.springframework.boot.test.autoconfigure.web.servlet.WebDriverTestExecutionListener, org.springframework.test.context.web.ServletTestExecutionListener, org.springframework.test.context.support.DirtiesContextBeforeModesTestExecutionListener, org.springframework.test.context.support.DependencyInjectionTestExecutionListener, org.springframework.test.context.support.DirtiesContextTestExecutionListener, org.springframework.test.context.transaction.TransactionalTestExecutionListener, org.springframework.test.context.jdbc.SqlScriptsTestExecutionListener]
2019-04-13 15:25:46.065  INFO 10288 --- [main] .b.t.c.SpringBootTestContextBootstrapper : Using TestExecutionListeners: [org.springframework.test.context.web.ServletTestExecutionListener@9e62fb, org.springframework.test.context.support.DirtiesContextBeforeModesTestExecutionListener@205159dc, org.springframework.boot.test.mock.mockito.MockitoTestExecutionListener@43c0c13a, org.springframework.boot.test.autoconfigure.SpringBootDependencyInjectionTestExecutionListener@731db93f, org.springframework.test.context.support.DirtiesContextTestExecutionListener@67941d, org.springframework.boot.test.mock.mockito.ResetMocksTestExecutionListener@2ad2b274, org.springframework.boot.test.autoconfigure.restdocs.RestDocsTestExecutionListener@6fde6f05, org.springframework.boot.test.autoconfigure.web.client.MockRestServiceServerResetTestExecutionListener@7114e780, org.springframework.boot.test.autoconfigure.web.servlet.MockMvcPrintOnlyOnFailureTestExecutionListener@4def42c3, org.springframework.boot.test.autoconfigure.web.servlet.WebDriverTestExecutionListener@72110818]
2019-04-13 15:25:46.263  INFO 10288 --- [Thread-4] o.s.s.concurrent.ThreadPoolTaskExecutor  : Shutting down ExecutorService 'applicationTaskExecutor'
2019-04-13 15:25:46.263  INFO 10288 --- [Thread-2] o.s.s.concurrent.ThreadPoolTaskExecutor  : Shutting down ExecutorService 'applicationTaskExecutor'
2019-04-13 15:26:31.859  INFO 17312 --- [main] r.n.j.c.HotelSearchControllerTest        : Starting HotelSearchControllerTest on RRoschinNB with PID 17312 (started by romros in C:\notwork\np-job-task\np-task-java)
2019-04-13 15:26:31.861 DEBUG 17312 --- [main] r.n.j.c.HotelSearchControllerTest        : Running with Spring Boot v2.1.4.RELEASE, Spring v5.1.6.RELEASE
2019-04-13 15:26:31.861  INFO 17312 --- [main] r.n.j.c.HotelSearchControllerTest        : The following profiles are active: unit-test
2019-04-13 15:26:33.691 DEBUG 17312 --- [main] o.h.v.i.e.resolver.TraversableResolvers  : Cannot find javax.persistence.Persistence on classpath. Assuming non JPA 2 environment. All properties will per default be traversable.
2019-04-13 15:26:33.694 DEBUG 17312 --- [main] .h.v.m.ResourceBundleMessageInterpolator : Loaded expression factory via original TCCL
2019-04-13 15:26:33.704 DEBUG 17312 --- [main] o.h.v.i.e.resolver.TraversableResolvers  : Cannot find javax.persistence.Persistence on classpath. Assuming non JPA 2 environment. All properties will per default be traversable.
2019-04-13 15:26:33.704 DEBUG 17312 --- [main] o.h.v.internal.engine.ConfigurationImpl  : Setting custom MessageInterpolator of type org.springframework.validation.beanvalidation.LocaleContextMessageInterpolator
2019-04-13 15:26:33.705 DEBUG 17312 --- [main] o.h.v.internal.engine.ConfigurationImpl  : Setting custom ConstraintValidatorFactory of type org.springframework.validation.beanvalidation.SpringConstraintValidatorFactory
2019-04-13 15:26:33.707 DEBUG 17312 --- [main] o.h.v.internal.engine.ConfigurationImpl  : Setting custom ParameterNameProvider of type org.springframework.validation.beanvalidation.LocalValidatorFactoryBean$1
2019-04-13 15:26:33.709 DEBUG 17312 --- [main] o.h.v.i.xml.config.ValidationXmlParser   : Trying to load META-INF/validation.xml for XML based Validator configuration.
2019-04-13 15:26:33.710 DEBUG 17312 --- [main] o.h.v.i.xml.config.ResourceLoaderHelper  : Trying to load META-INF/validation.xml via user class loader
2019-04-13 15:26:33.710 DEBUG 17312 --- [main] o.h.v.i.xml.config.ResourceLoaderHelper  : Trying to load META-INF/validation.xml via TCCL
2019-04-13 15:26:33.710 DEBUG 17312 --- [main] o.h.v.i.xml.config.ResourceLoaderHelper  : Trying to load META-INF/validation.xml via Hibernate Validator's class loader
2019-04-13 15:26:33.711 DEBUG 17312 --- [main] o.h.v.i.xml.config.ValidationXmlParser   : No META-INF/validation.xml found. Using annotation based configuration only.
2019-04-13 15:26:33.720 DEBUG 17312 --- [main] o.h.v.i.engine.ValidatorFactoryImpl      : HV000234: Using org.springframework.validation.beanvalidation.LocaleContextMessageInterpolator as ValidatorFactory-scoped message interpolator.
2019-04-13 15:26:33.721 DEBUG 17312 --- [main] o.h.v.i.engine.ValidatorFactoryImpl      : HV000234: Using org.hibernate.validator.internal.engine.resolver.TraverseAllTraversableResolver as ValidatorFactory-scoped traversable resolver.
2019-04-13 15:26:33.723 DEBUG 17312 --- [main] o.h.v.i.engine.ValidatorFactoryImpl      : HV000234: Using org.hibernate.validator.internal.util.ExecutableParameterNameProvider as ValidatorFactory-scoped parameter name provider.
2019-04-13 15:26:33.723 DEBUG 17312 --- [main] o.h.v.i.engine.ValidatorFactoryImpl      : HV000234: Using org.hibernate.validator.internal.engine.DefaultClockProvider as ValidatorFactory-scoped clock provider.
2019-04-13 15:26:33.723 DEBUG 17312 --- [main] o.h.v.i.engine.ValidatorFactoryImpl      : HV000234: Using org.hibernate.validator.internal.engine.scripting.DefaultScriptEvaluatorFactory as ValidatorFactory-scoped script evaluator factory.
2019-04-13 15:26:34.061  INFO 17312 --- [main] o.s.s.concurrent.ThreadPoolTaskExecutor  : Initializing ExecutorService 'applicationTaskExecutor'
2019-04-13 15:26:34.540  INFO 17312 --- [main] o.s.b.t.m.w.SpringBootMockServletContext : Initializing Spring TestDispatcherServlet ''
2019-04-13 15:26:34.541  INFO 17312 --- [main] o.s.t.web.servlet.TestDispatcherServlet  : Initializing Servlet ''
2019-04-13 15:26:34.559  INFO 17312 --- [main] o.s.t.web.servlet.TestDispatcherServlet  : Completed initialization in 18 ms
2019-04-13 15:26:34.592  INFO 17312 --- [main] r.n.j.c.HotelSearchControllerTest        : Started HotelSearchControllerTest in 3.369 seconds (JVM running for 4.523)
2019-04-13 15:26:35.076  INFO 17312 --- [main] r.n.j.controller.HotelSearchController   : <c94e70e8-3365-4f07-8ad8-cd11b3f711f0> GET Request to /hotels. CityCode: PAR
2019-04-13 15:26:35.076  INFO 17312 --- [main] r.n.j.c.validator.HotelSearchValidator   : <c94e70e8-3365-4f07-8ad8-cd11b3f711f0> Validation for CityCode is finished. No validation errors.
2019-04-13 15:26:35.081 DEBUG 17312 --- [main] r.n.j.c.v.CheckInCheckOutDateValidator   : <c94e70e8-3365-4f07-8ad8-cd11b3f711f0> Validation for CheckInDate failed. Format of CheckInDate is wrong.
2019-04-13 15:26:35.082  WARN 17312 --- [main] r.n.j.controller.HotelSearchController   : <c94e70e8-3365-4f07-8ad8-cd11b3f711f0> GET Request to /hotels is rejected. Validation Error.
2019-04-13 15:26:35.200  INFO 17312 --- [main] r.n.j.controller.HotelSearchController   : <3b9083a0-51bd-4691-b90f-f037bfed343b> GET Request to /hotels. CityCode: PAR
2019-04-13 15:26:35.200  INFO 17312 --- [main] r.n.j.c.validator.HotelSearchValidator   : <3b9083a0-51bd-4691-b90f-f037bfed343b> Validation for CityCode is finished. No validation errors.
2019-04-13 15:26:35.201  INFO 17312 --- [main] r.n.j.c.v.CheckInCheckOutDateValidator   : <3b9083a0-51bd-4691-b90f-f037bfed343b> Validation for CheckInDate and CheckOutDate is finished. No validation errors.
2019-04-13 15:26:35.210 DEBUG 17312 --- [pool-1-thread-1] rr.np.job.service.HotelSearchService     : <3b9083a0-51bd-4691-b90f-f037bfed343b> Completed request to Amadeus API. Number of Hotels found: 4
2019-04-13 15:26:35.242  INFO 17312 --- [main] .b.t.c.SpringBootTestContextBootstrapper : Neither @ContextConfiguration nor @ContextHierarchy found for test class [rr.np.job.controller.validator.CheckInCheckOutDateValidatorTest], using SpringBootContextLoader
2019-04-13 15:26:35.244  INFO 17312 --- [main] o.s.t.c.support.AbstractContextLoader    : Could not detect default resource locations for test class [rr.np.job.controller.validator.CheckInCheckOutDateValidatorTest]: no resource found for suffixes {-context.xml, Context.groovy}.
2019-04-13 15:26:35.246  INFO 17312 --- [main] t.c.s.AnnotationConfigContextLoaderUtils : Could not detect default configuration classes for test class [rr.np.job.controller.validator.CheckInCheckOutDateValidatorTest]: CheckInCheckOutDateValidatorTest does not declare any static, non-private, non-final, nested classes annotated with @Configuration.
2019-04-13 15:26:35.224 DEBUG 17312 --- [pool-1-thread-1] rr.np.job.service.HotelSearchService     : <3b9083a0-51bd-4691-b90f-f037bfed343b> HotelSearch request is completed successfully. Response: <200 OK OK,[HotelSearchResponse(hotelName=CONCORDE OPERA PARIS OPERA PARIS, hotelAddress=LEFISTON STREET, PARIS, null, hotelPhoneNumber=1-305-436-1811, roomRate=129.94), HotelSearchResponse(hotelName=BEST WESTERN AU TROCADERO, hotelAddress=3 AVENUE RAYMOND-POINCARE , PARIS, FR75116, hotelPhoneNumber=33-1-47273330, roomRate=151.65), HotelSearchResponse(hotelName=CONCORDE OPERA PARIS OPERA PARIS 2, hotelAddress=LEFISTON STREET 2, PARIS, null, hotelPhoneNumber=1-305-436-1811, roomRate=189.94)],[]>
2019-04-13 15:26:35.278  INFO 17312 --- [main] .b.t.c.SpringBootTestContextBootstrapper : Found @SpringBootConfiguration rr.np.job.NpJobTaskStarter for test class rr.np.job.controller.validator.CheckInCheckOutDateValidatorTest
2019-04-13 15:26:35.281  INFO 17312 --- [main] .b.t.c.SpringBootTestContextBootstrapper : Loaded default TestExecutionListener class names from location [META-INF/spring.factories]: [org.springframework.boot.test.mock.mockito.MockitoTestExecutionListener, org.springframework.boot.test.mock.mockito.ResetMocksTestExecutionListener, org.springframework.boot.test.autoconfigure.restdocs.RestDocsTestExecutionListener, org.springframework.boot.test.autoconfigure.web.client.MockRestServiceServerResetTestExecutionListener, org.springframework.boot.test.autoconfigure.web.servlet.MockMvcPrintOnlyOnFailureTestExecutionListener, org.springframework.boot.test.autoconfigure.web.servlet.WebDriverTestExecutionListener, org.springframework.test.context.web.ServletTestExecutionListener, org.springframework.test.context.support.DirtiesContextBeforeModesTestExecutionListener, org.springframework.test.context.support.DependencyInjectionTestExecutionListener, org.springframework.test.context.support.DirtiesContextTestExecutionListener, org.springframework.test.context.transaction.TransactionalTestExecutionListener, org.springframework.test.context.jdbc.SqlScriptsTestExecutionListener]
2019-04-13 15:26:35.285  INFO 17312 --- [main] .b.t.c.SpringBootTestContextBootstrapper : Using TestExecutionListeners: [org.springframework.test.context.web.ServletTestExecutionListener@365cef67, org.springframework.test.context.support.DirtiesContextBeforeModesTestExecutionListener@27df5806, org.springframework.boot.test.mock.mockito.MockitoTestExecutionListener@69bc9584, org.springframework.boot.test.autoconfigure.SpringBootDependencyInjectionTestExecutionListener@3214bad, org.springframework.test.context.support.DirtiesContextTestExecutionListener@52d7ab79, org.springframework.boot.test.mock.mockito.ResetMocksTestExecutionListener@f95d64d, org.springframework.boot.test.autoconfigure.restdocs.RestDocsTestExecutionListener@288728e, org.springframework.boot.test.autoconfigure.web.client.MockRestServiceServerResetTestExecutionListener@b7d2d51, org.springframework.boot.test.autoconfigure.web.servlet.MockMvcPrintOnlyOnFailureTestExecutionListener@641ed324, org.springframework.boot.test.autoconfigure.web.servlet.WebDriverTestExecutionListener@45984654]
2019-04-13 15:26:35.340  INFO 17312 --- [main] n.j.c.v.CheckInCheckOutDateValidatorTest : Starting CheckInCheckOutDateValidatorTest on RRoschinNB with PID 17312 (started by romros in C:\notwork\np-job-task\np-task-java)
2019-04-13 15:26:35.342 DEBUG 17312 --- [main] n.j.c.v.CheckInCheckOutDateValidatorTest : Running with Spring Boot v2.1.4.RELEASE, Spring v5.1.6.RELEASE
2019-04-13 15:26:35.342  INFO 17312 --- [main] n.j.c.v.CheckInCheckOutDateValidatorTest : The following profiles are active: unit-test
2019-04-13 15:26:35.750 DEBUG 17312 --- [main] o.h.v.i.e.resolver.TraversableResolvers  : Cannot find javax.persistence.Persistence on classpath. Assuming non JPA 2 environment. All properties will per default be traversable.
2019-04-13 15:26:35.751 DEBUG 17312 --- [main] .h.v.m.ResourceBundleMessageInterpolator : Loaded expression factory via original TCCL
2019-04-13 15:26:35.758 DEBUG 17312 --- [main] o.h.v.i.e.resolver.TraversableResolvers  : Cannot find javax.persistence.Persistence on classpath. Assuming non JPA 2 environment. All properties will per default be traversable.
2019-04-13 15:26:35.759 DEBUG 17312 --- [main] o.h.v.internal.engine.ConfigurationImpl  : Setting custom MessageInterpolator of type org.springframework.validation.beanvalidation.LocaleContextMessageInterpolator
2019-04-13 15:26:35.759 DEBUG 17312 --- [main] o.h.v.internal.engine.ConfigurationImpl  : Setting custom ConstraintValidatorFactory of type org.springframework.validation.beanvalidation.SpringConstraintValidatorFactory
2019-04-13 15:26:35.759 DEBUG 17312 --- [main] o.h.v.internal.engine.ConfigurationImpl  : Setting custom ParameterNameProvider of type org.springframework.validation.beanvalidation.LocalValidatorFactoryBean$1
2019-04-13 15:26:35.761 DEBUG 17312 --- [main] o.h.v.i.xml.config.ValidationXmlParser   : Trying to load META-INF/validation.xml for XML based Validator configuration.
2019-04-13 15:26:35.761 DEBUG 17312 --- [main] o.h.v.i.xml.config.ResourceLoaderHelper  : Trying to load META-INF/validation.xml via user class loader
2019-04-13 15:26:35.761 DEBUG 17312 --- [main] o.h.v.i.xml.config.ResourceLoaderHelper  : Trying to load META-INF/validation.xml via TCCL
2019-04-13 15:26:35.762 DEBUG 17312 --- [main] o.h.v.i.xml.config.ResourceLoaderHelper  : Trying to load META-INF/validation.xml via Hibernate Validator's class loader
2019-04-13 15:26:35.763 DEBUG 17312 --- [main] o.h.v.i.xml.config.ValidationXmlParser   : No META-INF/validation.xml found. Using annotation based configuration only.
2019-04-13 15:26:35.772 DEBUG 17312 --- [main] o.h.v.i.engine.ValidatorFactoryImpl      : HV000234: Using org.springframework.validation.beanvalidation.LocaleContextMessageInterpolator as ValidatorFactory-scoped message interpolator.
2019-04-13 15:26:35.772 DEBUG 17312 --- [main] o.h.v.i.engine.ValidatorFactoryImpl      : HV000234: Using org.hibernate.validator.internal.engine.resolver.TraverseAllTraversableResolver as ValidatorFactory-scoped traversable resolver.
2019-04-13 15:26:35.772 DEBUG 17312 --- [main] o.h.v.i.engine.ValidatorFactoryImpl      : HV000234: Using org.hibernate.validator.internal.util.ExecutableParameterNameProvider as ValidatorFactory-scoped parameter name provider.
2019-04-13 15:26:35.774 DEBUG 17312 --- [main] o.h.v.i.engine.ValidatorFactoryImpl      : HV000234: Using org.hibernate.validator.internal.engine.DefaultClockProvider as ValidatorFactory-scoped clock provider.
2019-04-13 15:26:35.775 DEBUG 17312 --- [main] o.h.v.i.engine.ValidatorFactoryImpl      : HV000234: Using org.hibernate.validator.internal.engine.scripting.DefaultScriptEvaluatorFactory as ValidatorFactory-scoped script evaluator factory.
2019-04-13 15:26:35.940  INFO 17312 --- [main] o.s.s.concurrent.ThreadPoolTaskExecutor  : Initializing ExecutorService 'applicationTaskExecutor'
2019-04-13 15:26:36.131  INFO 17312 --- [main] n.j.c.v.CheckInCheckOutDateValidatorTest : Started CheckInCheckOutDateValidatorTest in 0.84 seconds (JVM running for 6.062)
2019-04-13 15:26:36.136 DEBUG 17312 --- [main] r.n.j.c.v.CheckInCheckOutDateValidator   : unit-test Validation for CheckInDate failed. Format of CheckInDate is wrong.
2019-04-13 15:26:36.200  INFO 17312 --- [main] r.n.j.c.v.CheckInCheckOutDateValidator   : unit-test Validation for CheckInDate and CheckOutDate is finished. No validation errors.
2019-04-13 15:26:36.204 DEBUG 17312 --- [main] r.n.j.c.v.CheckInCheckOutDateValidator   : unit-test Validation for CheckInDate failed. Format of CheckOutDate is wrong.
2019-04-13 15:26:36.211 DEBUG 17312 --- [main] r.n.j.c.v.CheckInCheckOutDateValidator   : unit-test Validation for CheckInDate failed. Format of CheckInDate is wrong.
2019-04-13 15:26:36.215 DEBUG 17312 --- [main] r.n.j.c.v.CheckInCheckOutDateValidator   : unit-test Validation for CheckInDate failed. CheckOutDate is before. CheckinDate
2019-04-13 15:26:36.221 DEBUG 17312 --- [main] r.n.j.c.v.CheckInCheckOutDateValidator   : unit-test Validation for CheckInDate failed. CheckInDate is in the past.
2019-04-13 15:26:36.227  INFO 17312 --- [main] .b.t.c.SpringBootTestContextBootstrapper : Neither @ContextConfiguration nor @ContextHierarchy found for test class [rr.np.job.controller.validator.CityCodeValidatorTest], using SpringBootContextLoader
2019-04-13 15:26:36.228  INFO 17312 --- [main] o.s.t.c.support.AbstractContextLoader    : Could not detect default resource locations for test class [rr.np.job.controller.validator.CityCodeValidatorTest]: no resource found for suffixes {-context.xml, Context.groovy}.
2019-04-13 15:26:36.228  INFO 17312 --- [main] t.c.s.AnnotationConfigContextLoaderUtils : Could not detect default configuration classes for test class [rr.np.job.controller.validator.CityCodeValidatorTest]: CityCodeValidatorTest does not declare any static, non-private, non-final, nested classes annotated with @Configuration.
2019-04-13 15:26:36.231  INFO 17312 --- [main] .b.t.c.SpringBootTestContextBootstrapper : Found @SpringBootConfiguration rr.np.job.NpJobTaskStarter for test class rr.np.job.controller.validator.CityCodeValidatorTest
2019-04-13 15:26:36.234  INFO 17312 --- [main] .b.t.c.SpringBootTestContextBootstrapper : Loaded default TestExecutionListener class names from location [META-INF/spring.factories]: [org.springframework.boot.test.mock.mockito.MockitoTestExecutionListener, org.springframework.boot.test.mock.mockito.ResetMocksTestExecutionListener, org.springframework.boot.test.autoconfigure.restdocs.RestDocsTestExecutionListener, org.springframework.boot.test.autoconfigure.web.client.MockRestServiceServerResetTestExecutionListener, org.springframework.boot.test.autoconfigure.web.servlet.MockMvcPrintOnlyOnFailureTestExecutionListener, org.springframework.boot.test.autoconfigure.web.servlet.WebDriverTestExecutionListener, org.springframework.test.context.web.ServletTestExecutionListener, org.springframework.test.context.support.DirtiesContextBeforeModesTestExecutionListener, org.springframework.test.context.support.DependencyInjectionTestExecutionListener, org.springframework.test.context.support.DirtiesContextTestExecutionListener, org.springframework.test.context.transaction.TransactionalTestExecutionListener, org.springframework.test.context.jdbc.SqlScriptsTestExecutionListener]
2019-04-13 15:26:36.236  INFO 17312 --- [main] .b.t.c.SpringBootTestContextBootstrapper : Using TestExecutionListeners: [org.springframework.test.context.web.ServletTestExecutionListener@2b9b17ce, org.springframework.test.context.support.DirtiesContextBeforeModesTestExecutionListener@1d2def55, org.springframework.boot.test.mock.mockito.MockitoTestExecutionListener@274bae2c, org.springframework.boot.test.autoconfigure.SpringBootDependencyInjectionTestExecutionListener@6eeb29c0, org.springframework.test.context.support.DirtiesContextTestExecutionListener@1d3d76b4, org.springframework.boot.test.mock.mockito.ResetMocksTestExecutionListener@6f986501, org.springframework.boot.test.autoconfigure.restdocs.RestDocsTestExecutionListener@15d88c10, org.springframework.boot.test.autoconfigure.web.client.MockRestServiceServerResetTestExecutionListener@22ca1242, org.springframework.boot.test.autoconfigure.web.servlet.MockMvcPrintOnlyOnFailureTestExecutionListener@54b44879, org.springframework.boot.test.autoconfigure.web.servlet.WebDriverTestExecutionListener@78288f83]
2019-04-13 15:26:36.241 DEBUG 17312 --- [main] r.n.j.c.validator.HotelSearchValidator   : unit-test Validation for CityCode failed. CityCode is empty or null.
2019-04-13 15:26:36.244 DEBUG 17312 --- [main] r.n.j.c.validator.HotelSearchValidator   : unit-test Validation for CityCode failed. CityCode is empty or null.
2019-04-13 15:26:36.248 DEBUG 17312 --- [main] r.n.j.c.validator.HotelSearchValidator   : unit-test Validation for CityCode failed. CityCode.lenght = 2.
2019-04-13 15:26:36.253 DEBUG 17312 --- [main] r.n.j.c.validator.HotelSearchValidator   : unit-test Validation for CityCode failed. CityCode.lenght = 5.
2019-04-13 15:26:36.259  INFO 17312 --- [main] r.n.j.c.validator.HotelSearchValidator   : unit-test Validation for CityCode is finished. No validation errors.
2019-04-13 15:26:36.262  INFO 17312 --- [main] .b.t.c.SpringBootTestContextBootstrapper : Neither @ContextConfiguration nor @ContextHierarchy found for test class [rr.np.job.controller.validator.HotelSearchValidatorTest], using SpringBootContextLoader
2019-04-13 15:26:36.263  INFO 17312 --- [main] o.s.t.c.support.AbstractContextLoader    : Could not detect default resource locations for test class [rr.np.job.controller.validator.HotelSearchValidatorTest]: no resource found for suffixes {-context.xml, Context.groovy}.
2019-04-13 15:26:36.264  INFO 17312 --- [main] t.c.s.AnnotationConfigContextLoaderUtils : Could not detect default configuration classes for test class [rr.np.job.controller.validator.HotelSearchValidatorTest]: HotelSearchValidatorTest does not declare any static, non-private, non-final, nested classes annotated with @Configuration.
2019-04-13 15:26:36.268  INFO 17312 --- [main] .b.t.c.SpringBootTestContextBootstrapper : Found @SpringBootConfiguration rr.np.job.NpJobTaskStarter for test class rr.np.job.controller.validator.HotelSearchValidatorTest
2019-04-13 15:26:36.269  INFO 17312 --- [main] .b.t.c.SpringBootTestContextBootstrapper : Loaded default TestExecutionListener class names from location [META-INF/spring.factories]: [org.springframework.boot.test.mock.mockito.MockitoTestExecutionListener, org.springframework.boot.test.mock.mockito.ResetMocksTestExecutionListener, org.springframework.boot.test.autoconfigure.restdocs.RestDocsTestExecutionListener, org.springframework.boot.test.autoconfigure.web.client.MockRestServiceServerResetTestExecutionListener, org.springframework.boot.test.autoconfigure.web.servlet.MockMvcPrintOnlyOnFailureTestExecutionListener, org.springframework.boot.test.autoconfigure.web.servlet.WebDriverTestExecutionListener, org.springframework.test.context.web.ServletTestExecutionListener, org.springframework.test.context.support.DirtiesContextBeforeModesTestExecutionListener, org.springframework.test.context.support.DependencyInjectionTestExecutionListener, org.springframework.test.context.support.DirtiesContextTestExecutionListener, org.springframework.test.context.transaction.TransactionalTestExecutionListener, org.springframework.test.context.jdbc.SqlScriptsTestExecutionListener]
2019-04-13 15:26:36.274  INFO 17312 --- [main] .b.t.c.SpringBootTestContextBootstrapper : Using TestExecutionListeners: [org.springframework.test.context.web.ServletTestExecutionListener@4b544732, org.springframework.test.context.support.DirtiesContextBeforeModesTestExecutionListener@44084713, org.springframework.boot.test.mock.mockito.MockitoTestExecutionListener@6d8b7ea9, org.springframework.boot.test.autoconfigure.SpringBootDependencyInjectionTestExecutionListener@5a39e554, org.springframework.test.context.support.DirtiesContextTestExecutionListener@333d44f6, org.springframework.boot.test.mock.mockito.ResetMocksTestExecutionListener@350bbd5d, org.springframework.boot.test.autoconfigure.restdocs.RestDocsTestExecutionListener@3c3e363, org.springframework.boot.test.autoconfigure.web.client.MockRestServiceServerResetTestExecutionListener@16c5b50a, org.springframework.boot.test.autoconfigure.web.servlet.MockMvcPrintOnlyOnFailureTestExecutionListener@4f8659d0, org.springframework.boot.test.autoconfigure.web.servlet.WebDriverTestExecutionListener@278fe428]
2019-04-13 15:26:36.279  INFO 17312 --- [main] r.n.j.c.validator.HotelSearchValidator   : unit-test Validation for CityCode is finished. No validation errors.
2019-04-13 15:26:36.281  INFO 17312 --- [main] r.n.j.c.v.CheckInCheckOutDateValidator   : unit-test Validation for CheckInDate and CheckOutDate is finished. No validation errors.
2019-04-13 15:26:36.286  INFO 17312 --- [main] r.n.j.c.validator.HotelSearchValidator   : unit-test Validation for CityCode is finished. No validation errors.
2019-04-13 15:26:36.287 DEBUG 17312 --- [main] r.n.j.c.v.CheckInCheckOutDateValidator   : unit-test Validation for CheckInDate failed. Format of CheckInDate is wrong.
2019-04-13 15:26:36.294  INFO 17312 --- [main] .b.t.c.SpringBootTestContextBootstrapper : Neither @ContextConfiguration nor @ContextHierarchy found for test class [rr.np.job.NpJobTaskStarterTest], using SpringBootContextLoader
2019-04-13 15:26:36.299  INFO 17312 --- [main] o.s.t.c.support.AbstractContextLoader    : Could not detect default resource locations for test class [rr.np.job.NpJobTaskStarterTest]: no resource found for suffixes {-context.xml, Context.groovy}.
2019-04-13 15:26:36.299  INFO 17312 --- [main] t.c.s.AnnotationConfigContextLoaderUtils : Could not detect default configuration classes for test class [rr.np.job.NpJobTaskStarterTest]: NpJobTaskStarterTest does not declare any static, non-private, non-final, nested classes annotated with @Configuration.
2019-04-13 15:26:36.311  INFO 17312 --- [main] .b.t.c.SpringBootTestContextBootstrapper : Found @SpringBootConfiguration rr.np.job.NpJobTaskStarter for test class rr.np.job.NpJobTaskStarterTest
2019-04-13 15:26:36.314  INFO 17312 --- [main] .b.t.c.SpringBootTestContextBootstrapper : Loaded default TestExecutionListener class names from location [META-INF/spring.factories]: [org.springframework.boot.test.mock.mockito.MockitoTestExecutionListener, org.springframework.boot.test.mock.mockito.ResetMocksTestExecutionListener, org.springframework.boot.test.autoconfigure.restdocs.RestDocsTestExecutionListener, org.springframework.boot.test.autoconfigure.web.client.MockRestServiceServerResetTestExecutionListener, org.springframework.boot.test.autoconfigure.web.servlet.MockMvcPrintOnlyOnFailureTestExecutionListener, org.springframework.boot.test.autoconfigure.web.servlet.WebDriverTestExecutionListener, org.springframework.test.context.web.ServletTestExecutionListener, org.springframework.test.context.support.DirtiesContextBeforeModesTestExecutionListener, org.springframework.test.context.support.DependencyInjectionTestExecutionListener, org.springframework.test.context.support.DirtiesContextTestExecutionListener, org.springframework.test.context.transaction.TransactionalTestExecutionListener, org.springframework.test.context.jdbc.SqlScriptsTestExecutionListener]
2019-04-13 15:26:36.317  INFO 17312 --- [main] .b.t.c.SpringBootTestContextBootstrapper : Using TestExecutionListeners: [org.springframework.test.context.web.ServletTestExecutionListener@5486ee92, org.springframework.test.context.support.DirtiesContextBeforeModesTestExecutionListener@20820df0, org.springframework.boot.test.mock.mockito.MockitoTestExecutionListener@9e62fb, org.springframework.boot.test.autoconfigure.SpringBootDependencyInjectionTestExecutionListener@205159dc, org.springframework.test.context.support.DirtiesContextTestExecutionListener@43c0c13a, org.springframework.boot.test.mock.mockito.ResetMocksTestExecutionListener@731db93f, org.springframework.boot.test.autoconfigure.restdocs.RestDocsTestExecutionListener@67941d, org.springframework.boot.test.autoconfigure.web.client.MockRestServiceServerResetTestExecutionListener@2ad2b274, org.springframework.boot.test.autoconfigure.web.servlet.MockMvcPrintOnlyOnFailureTestExecutionListener@6fde6f05, org.springframework.boot.test.autoconfigure.web.servlet.WebDriverTestExecutionListener@7114e780]
2019-04-13 15:26:36.491  INFO 17312 --- [Thread-2] o.s.s.concurrent.ThreadPoolTaskExecutor  : Shutting down ExecutorService 'applicationTaskExecutor'
2019-04-13 15:26:36.491  INFO 17312 --- [Thread-4] o.s.s.concurrent.ThreadPoolTaskExecutor  : Shutting down ExecutorService 'applicationTaskExecutor'
2019-04-13 15:28:23.463  INFO 7068 --- [main] r.n.j.c.HotelSearchControllerTest        : Starting HotelSearchControllerTest on RRoschinNB with PID 7068 (started by romros in C:\notwork\np-job-task\np-task-java)
2019-04-13 15:28:23.464 DEBUG 7068 --- [main] r.n.j.c.HotelSearchControllerTest        : Running with Spring Boot v2.1.4.RELEASE, Spring v5.1.6.RELEASE
2019-04-13 15:28:23.464  INFO 7068 --- [main] r.n.j.c.HotelSearchControllerTest        : The following profiles are active: unit-test
2019-04-13 15:28:25.537 DEBUG 7068 --- [main] o.h.v.i.e.resolver.TraversableResolvers  : Cannot find javax.persistence.Persistence on classpath. Assuming non JPA 2 environment. All properties will per default be traversable.
2019-04-13 15:28:25.540 DEBUG 7068 --- [main] .h.v.m.ResourceBundleMessageInterpolator : Loaded expression factory via original TCCL
2019-04-13 15:28:25.551 DEBUG 7068 --- [main] o.h.v.i.e.resolver.TraversableResolvers  : Cannot find javax.persistence.Persistence on classpath. Assuming non JPA 2 environment. All properties will per default be traversable.
2019-04-13 15:28:25.552 DEBUG 7068 --- [main] o.h.v.internal.engine.ConfigurationImpl  : Setting custom MessageInterpolator of type org.springframework.validation.beanvalidation.LocaleContextMessageInterpolator
2019-04-13 15:28:25.554 DEBUG 7068 --- [main] o.h.v.internal.engine.ConfigurationImpl  : Setting custom ConstraintValidatorFactory of type org.springframework.validation.beanvalidation.SpringConstraintValidatorFactory
2019-04-13 15:28:25.556 DEBUG 7068 --- [main] o.h.v.internal.engine.ConfigurationImpl  : Setting custom ParameterNameProvider of type org.springframework.validation.beanvalidation.LocalValidatorFactoryBean$1
2019-04-13 15:28:25.558 DEBUG 7068 --- [main] o.h.v.i.xml.config.ValidationXmlParser   : Trying to load META-INF/validation.xml for XML based Validator configuration.
2019-04-13 15:28:25.559 DEBUG 7068 --- [main] o.h.v.i.xml.config.ResourceLoaderHelper  : Trying to load META-INF/validation.xml via user class loader
2019-04-13 15:28:25.559 DEBUG 7068 --- [main] o.h.v.i.xml.config.ResourceLoaderHelper  : Trying to load META-INF/validation.xml via TCCL
2019-04-13 15:28:25.560 DEBUG 7068 --- [main] o.h.v.i.xml.config.ResourceLoaderHelper  : Trying to load META-INF/validation.xml via Hibernate Validator's class loader
2019-04-13 15:28:25.560 DEBUG 7068 --- [main] o.h.v.i.xml.config.ValidationXmlParser   : No META-INF/validation.xml found. Using annotation based configuration only.
2019-04-13 15:28:25.572 DEBUG 7068 --- [main] o.h.v.i.engine.ValidatorFactoryImpl      : HV000234: Using org.springframework.validation.beanvalidation.LocaleContextMessageInterpolator as ValidatorFactory-scoped message interpolator.
2019-04-13 15:28:25.573 DEBUG 7068 --- [main] o.h.v.i.engine.ValidatorFactoryImpl      : HV000234: Using org.hibernate.validator.internal.engine.resolver.TraverseAllTraversableResolver as ValidatorFactory-scoped traversable resolver.
2019-04-13 15:28:25.574 DEBUG 7068 --- [main] o.h.v.i.engine.ValidatorFactoryImpl      : HV000234: Using org.hibernate.validator.internal.util.ExecutableParameterNameProvider as ValidatorFactory-scoped parameter name provider.
2019-04-13 15:28:25.575 DEBUG 7068 --- [main] o.h.v.i.engine.ValidatorFactoryImpl      : HV000234: Using org.hibernate.validator.internal.engine.DefaultClockProvider as ValidatorFactory-scoped clock provider.
2019-04-13 15:28:25.575 DEBUG 7068 --- [main] o.h.v.i.engine.ValidatorFactoryImpl      : HV000234: Using org.hibernate.validator.internal.engine.scripting.DefaultScriptEvaluatorFactory as ValidatorFactory-scoped script evaluator factory.
2019-04-13 15:28:26.048  INFO 7068 --- [main] o.s.s.concurrent.ThreadPoolTaskExecutor  : Initializing ExecutorService 'applicationTaskExecutor'
2019-04-13 15:28:26.484  INFO 7068 --- [main] o.s.b.t.m.w.SpringBootMockServletContext : Initializing Spring TestDispatcherServlet ''
2019-04-13 15:28:26.485  INFO 7068 --- [main] o.s.t.web.servlet.TestDispatcherServlet  : Initializing Servlet ''
2019-04-13 15:28:26.505  INFO 7068 --- [main] o.s.t.web.servlet.TestDispatcherServlet  : Completed initialization in 19 ms
2019-04-13 15:28:26.538  INFO 7068 --- [main] r.n.j.c.HotelSearchControllerTest        : Started HotelSearchControllerTest in 3.74 seconds (JVM running for 4.9)
2019-04-13 15:28:27.052  INFO 7068 --- [main] r.n.j.controller.HotelSearchController   : <db10ad0b-82fd-48b7-a3ad-35289c6ba61a> GET Request to /hotels. CityCode: PAR
2019-04-13 15:28:27.053  INFO 7068 --- [main] r.n.j.c.validator.HotelSearchValidator   : <db10ad0b-82fd-48b7-a3ad-35289c6ba61a> Validation for CityCode is finished. No validation errors.
2019-04-13 15:28:27.063 DEBUG 7068 --- [main] r.n.j.c.v.CheckInCheckOutDateValidator   : <db10ad0b-82fd-48b7-a3ad-35289c6ba61a> Validation for CheckInDate failed. Format of CheckInDate is wrong.
2019-04-13 15:28:27.063  WARN 7068 --- [main] r.n.j.controller.HotelSearchController   : <db10ad0b-82fd-48b7-a3ad-35289c6ba61a> GET Request to /hotels is rejected. Validation Error.
2019-04-13 15:28:27.226  INFO 7068 --- [main] r.n.j.controller.HotelSearchController   : <67aab250-0caa-4dba-b022-d8fa143b6aed> GET Request to /hotels. CityCode: PAR
2019-04-13 15:28:27.226  INFO 7068 --- [main] r.n.j.c.validator.HotelSearchValidator   : <67aab250-0caa-4dba-b022-d8fa143b6aed> Validation for CityCode is finished. No validation errors.
2019-04-13 15:28:27.227  INFO 7068 --- [main] r.n.j.c.v.CheckInCheckOutDateValidator   : <67aab250-0caa-4dba-b022-d8fa143b6aed> Validation for CheckInDate and CheckOutDate is finished. No validation errors.
2019-04-13 15:28:27.235 DEBUG 7068 --- [pool-1-thread-1] rr.np.job.service.HotelSearchService     : <67aab250-0caa-4dba-b022-d8fa143b6aed> Completed request to Amadeus API. Number of Hotels found: 4
2019-04-13 15:28:27.245 DEBUG 7068 --- [pool-1-thread-1] rr.np.job.service.HotelSearchService     : <67aab250-0caa-4dba-b022-d8fa143b6aed> HotelSearch request is completed successfully. Response: <200 OK OK,[HotelSearchResponse(hotelName=CONCORDE OPERA PARIS OPERA PARIS, hotelAddress=LEFISTON STREET, PARIS, null, hotelPhoneNumber=1-305-436-1811, roomRate=129.94), HotelSearchResponse(hotelName=BEST WESTERN AU TROCADERO, hotelAddress=3 AVENUE RAYMOND-POINCARE , PARIS, FR75116, hotelPhoneNumber=33-1-47273330, roomRate=151.65), HotelSearchResponse(hotelName=CONCORDE OPERA PARIS OPERA PARIS 2, hotelAddress=LEFISTON STREET 2, PARIS, null, hotelPhoneNumber=1-305-436-1811, roomRate=189.94)],[]>
2019-04-13 15:28:27.262  INFO 7068 --- [main] .b.t.c.SpringBootTestContextBootstrapper : Neither @ContextConfiguration nor @ContextHierarchy found for test class [rr.np.job.controller.validator.CheckInCheckOutDateValidatorTest], using SpringBootContextLoader
2019-04-13 15:28:27.265  INFO 7068 --- [main] o.s.t.c.support.AbstractContextLoader    : Could not detect default resource locations for test class [rr.np.job.controller.validator.CheckInCheckOutDateValidatorTest]: no resource found for suffixes {-context.xml, Context.groovy}.
2019-04-13 15:28:27.266  INFO 7068 --- [main] t.c.s.AnnotationConfigContextLoaderUtils : Could not detect default configuration classes for test class [rr.np.job.controller.validator.CheckInCheckOutDateValidatorTest]: CheckInCheckOutDateValidatorTest does not declare any static, non-private, non-final, nested classes annotated with @Configuration.
2019-04-13 15:28:27.292  INFO 7068 --- [main] .b.t.c.SpringBootTestContextBootstrapper : Found @SpringBootConfiguration rr.np.job.NpJobTaskStarter for test class rr.np.job.controller.validator.CheckInCheckOutDateValidatorTest
2019-04-13 15:28:27.294  INFO 7068 --- [main] .b.t.c.SpringBootTestContextBootstrapper : Loaded default TestExecutionListener class names from location [META-INF/spring.factories]: [org.springframework.boot.test.mock.mockito.MockitoTestExecutionListener, org.springframework.boot.test.mock.mockito.ResetMocksTestExecutionListener, org.springframework.boot.test.autoconfigure.restdocs.RestDocsTestExecutionListener, org.springframework.boot.test.autoconfigure.web.client.MockRestServiceServerResetTestExecutionListener, org.springframework.boot.test.autoconfigure.web.servlet.MockMvcPrintOnlyOnFailureTestExecutionListener, org.springframework.boot.test.autoconfigure.web.servlet.WebDriverTestExecutionListener, org.springframework.test.context.web.ServletTestExecutionListener, org.springframework.test.context.support.DirtiesContextBeforeModesTestExecutionListener, org.springframework.test.context.support.DependencyInjectionTestExecutionListener, org.springframework.test.context.support.DirtiesContextTestExecutionListener, org.springframework.test.context.transaction.TransactionalTestExecutionListener, org.springframework.test.context.jdbc.SqlScriptsTestExecutionListener]
2019-04-13 15:28:27.296  INFO 7068 --- [main] .b.t.c.SpringBootTestContextBootstrapper : Using TestExecutionListeners: [org.springframework.test.context.web.ServletTestExecutionListener@69bc9584, org.springframework.test.context.support.DirtiesContextBeforeModesTestExecutionListener@3214bad, org.springframework.boot.test.mock.mockito.MockitoTestExecutionListener@52d7ab79, org.springframework.boot.test.autoconfigure.SpringBootDependencyInjectionTestExecutionListener@f95d64d, org.springframework.test.context.support.DirtiesContextTestExecutionListener@288728e, org.springframework.boot.test.mock.mockito.ResetMocksTestExecutionListener@b7d2d51, org.springframework.boot.test.autoconfigure.restdocs.RestDocsTestExecutionListener@641ed324, org.springframework.boot.test.autoconfigure.web.client.MockRestServiceServerResetTestExecutionListener@45984654, org.springframework.boot.test.autoconfigure.web.servlet.MockMvcPrintOnlyOnFailureTestExecutionListener@4c5406b, org.springframework.boot.test.autoconfigure.web.servlet.WebDriverTestExecutionListener@66b0e207]
2019-04-13 15:28:27.329  INFO 7068 --- [main] n.j.c.v.CheckInCheckOutDateValidatorTest : Starting CheckInCheckOutDateValidatorTest on RRoschinNB with PID 7068 (started by romros in C:\notwork\np-job-task\np-task-java)
2019-04-13 15:28:27.330 DEBUG 7068 --- [main] n.j.c.v.CheckInCheckOutDateValidatorTest : Running with Spring Boot v2.1.4.RELEASE, Spring v5.1.6.RELEASE
2019-04-13 15:28:27.330  INFO 7068 --- [main] n.j.c.v.CheckInCheckOutDateValidatorTest : The following profiles are active: unit-test
2019-04-13 15:28:27.696 DEBUG 7068 --- [main] o.h.v.i.e.resolver.TraversableResolvers  : Cannot find javax.persistence.Persistence on classpath. Assuming non JPA 2 environment. All properties will per default be traversable.
2019-04-13 15:28:27.697 DEBUG 7068 --- [main] .h.v.m.ResourceBundleMessageInterpolator : Loaded expression factory via original TCCL
2019-04-13 15:28:27.703 DEBUG 7068 --- [main] o.h.v.i.e.resolver.TraversableResolvers  : Cannot find javax.persistence.Persistence on classpath. Assuming non JPA 2 environment. All properties will per default be traversable.
2019-04-13 15:28:27.704 DEBUG 7068 --- [main] o.h.v.internal.engine.ConfigurationImpl  : Setting custom MessageInterpolator of type org.springframework.validation.beanvalidation.LocaleContextMessageInterpolator
2019-04-13 15:28:27.704 DEBUG 7068 --- [main] o.h.v.internal.engine.ConfigurationImpl  : Setting custom ConstraintValidatorFactory of type org.springframework.validation.beanvalidation.SpringConstraintValidatorFactory
2019-04-13 15:28:27.704 DEBUG 7068 --- [main] o.h.v.internal.engine.ConfigurationImpl  : Setting custom ParameterNameProvider of type org.springframework.validation.beanvalidation.LocalValidatorFactoryBean$1
2019-04-13 15:28:27.705 DEBUG 7068 --- [main] o.h.v.i.xml.config.ValidationXmlParser   : Trying to load META-INF/validation.xml for XML based Validator configuration.
2019-04-13 15:28:27.706 DEBUG 7068 --- [main] o.h.v.i.xml.config.ResourceLoaderHelper  : Trying to load META-INF/validation.xml via user class loader
2019-04-13 15:28:27.707 DEBUG 7068 --- [main] o.h.v.i.xml.config.ResourceLoaderHelper  : Trying to load META-INF/validation.xml via TCCL
2019-04-13 15:28:27.708 DEBUG 7068 --- [main] o.h.v.i.xml.config.ResourceLoaderHelper  : Trying to load META-INF/validation.xml via Hibernate Validator's class loader
2019-04-13 15:28:27.708 DEBUG 7068 --- [main] o.h.v.i.xml.config.ValidationXmlParser   : No META-INF/validation.xml found. Using annotation based configuration only.
2019-04-13 15:28:27.717 DEBUG 7068 --- [main] o.h.v.i.engine.ValidatorFactoryImpl      : HV000234: Using org.springframework.validation.beanvalidation.LocaleContextMessageInterpolator as ValidatorFactory-scoped message interpolator.
2019-04-13 15:28:27.717 DEBUG 7068 --- [main] o.h.v.i.engine.ValidatorFactoryImpl      : HV000234: Using org.hibernate.validator.internal.engine.resolver.TraverseAllTraversableResolver as ValidatorFactory-scoped traversable resolver.
2019-04-13 15:28:27.717 DEBUG 7068 --- [main] o.h.v.i.engine.ValidatorFactoryImpl      : HV000234: Using org.hibernate.validator.internal.util.ExecutableParameterNameProvider as ValidatorFactory-scoped parameter name provider.
2019-04-13 15:28:27.718 DEBUG 7068 --- [main] o.h.v.i.engine.ValidatorFactoryImpl      : HV000234: Using org.hibernate.validator.internal.engine.DefaultClockProvider as ValidatorFactory-scoped clock provider.
2019-04-13 15:28:27.718 DEBUG 7068 --- [main] o.h.v.i.engine.ValidatorFactoryImpl      : HV000234: Using org.hibernate.validator.internal.engine.scripting.DefaultScriptEvaluatorFactory as ValidatorFactory-scoped script evaluator factory.
2019-04-13 15:28:27.893  INFO 7068 --- [main] o.s.s.concurrent.ThreadPoolTaskExecutor  : Initializing ExecutorService 'applicationTaskExecutor'
2019-04-13 15:28:28.086  INFO 7068 --- [main] n.j.c.v.CheckInCheckOutDateValidatorTest : Started CheckInCheckOutDateValidatorTest in 0.786 seconds (JVM running for 6.448)
2019-04-13 15:28:28.091 DEBUG 7068 --- [main] r.n.j.c.v.CheckInCheckOutDateValidator   : unit-test Validation for CheckInDate failed. Format of CheckInDate is wrong.
2019-04-13 15:28:28.219  INFO 7068 --- [main] r.n.j.c.v.CheckInCheckOutDateValidator   : unit-test Validation for CheckInDate and CheckOutDate is finished. No validation errors.
2019-04-13 15:28:28.229 DEBUG 7068 --- [main] r.n.j.c.v.CheckInCheckOutDateValidator   : unit-test Validation for CheckInDate failed. Format of CheckOutDate is wrong.
2019-04-13 15:28:28.250 DEBUG 7068 --- [main] r.n.j.c.v.CheckInCheckOutDateValidator   : unit-test Validation for CheckInDate failed. Format of CheckInDate is wrong.
2019-04-13 15:28:28.260 DEBUG 7068 --- [main] r.n.j.c.v.CheckInCheckOutDateValidator   : unit-test Validation for CheckInDate failed. CheckOutDate is before. CheckinDate
2019-04-13 15:28:28.271 DEBUG 7068 --- [main] r.n.j.c.v.CheckInCheckOutDateValidator   : unit-test Validation for CheckInDate failed. CheckInDate is in the past.
2019-04-13 15:28:28.286  INFO 7068 --- [main] .b.t.c.SpringBootTestContextBootstrapper : Neither @ContextConfiguration nor @ContextHierarchy found for test class [rr.np.job.controller.validator.CityCodeValidatorTest], using SpringBootContextLoader
2019-04-13 15:28:28.288  INFO 7068 --- [main] o.s.t.c.support.AbstractContextLoader    : Could not detect default resource locations for test class [rr.np.job.controller.validator.CityCodeValidatorTest]: no resource found for suffixes {-context.xml, Context.groovy}.
2019-04-13 15:28:28.289  INFO 7068 --- [main] t.c.s.AnnotationConfigContextLoaderUtils : Could not detect default configuration classes for test class [rr.np.job.controller.validator.CityCodeValidatorTest]: CityCodeValidatorTest does not declare any static, non-private, non-final, nested classes annotated with @Configuration.
2019-04-13 15:28:28.293  INFO 7068 --- [main] .b.t.c.SpringBootTestContextBootstrapper : Found @SpringBootConfiguration rr.np.job.NpJobTaskStarter for test class rr.np.job.controller.validator.CityCodeValidatorTest
2019-04-13 15:28:28.298  INFO 7068 --- [main] .b.t.c.SpringBootTestContextBootstrapper : Loaded default TestExecutionListener class names from location [META-INF/spring.factories]: [org.springframework.boot.test.mock.mockito.MockitoTestExecutionListener, org.springframework.boot.test.mock.mockito.ResetMocksTestExecutionListener, org.springframework.boot.test.autoconfigure.restdocs.RestDocsTestExecutionListener, org.springframework.boot.test.autoconfigure.web.client.MockRestServiceServerResetTestExecutionListener, org.springframework.boot.test.autoconfigure.web.servlet.MockMvcPrintOnlyOnFailureTestExecutionListener, org.springframework.boot.test.autoconfigure.web.servlet.WebDriverTestExecutionListener, org.springframework.test.context.web.ServletTestExecutionListener, org.springframework.test.context.support.DirtiesContextBeforeModesTestExecutionListener, org.springframework.test.context.support.DependencyInjectionTestExecutionListener, org.springframework.test.context.support.DirtiesContextTestExecutionListener, org.springframework.test.context.transaction.TransactionalTestExecutionListener, org.springframework.test.context.jdbc.SqlScriptsTestExecutionListener]
2019-04-13 15:28:28.302  INFO 7068 --- [main] .b.t.c.SpringBootTestContextBootstrapper : Using TestExecutionListeners: [org.springframework.test.context.web.ServletTestExecutionListener@274bae2c, org.springframework.test.context.support.DirtiesContextBeforeModesTestExecutionListener@6eeb29c0, org.springframework.boot.test.mock.mockito.MockitoTestExecutionListener@1d3d76b4, org.springframework.boot.test.autoconfigure.SpringBootDependencyInjectionTestExecutionListener@6f986501, org.springframework.test.context.support.DirtiesContextTestExecutionListener@15d88c10, org.springframework.boot.test.mock.mockito.ResetMocksTestExecutionListener@22ca1242, org.springframework.boot.test.autoconfigure.restdocs.RestDocsTestExecutionListener@54b44879, org.springframework.boot.test.autoconfigure.web.client.MockRestServiceServerResetTestExecutionListener@78288f83, org.springframework.boot.test.autoconfigure.web.servlet.MockMvcPrintOnlyOnFailureTestExecutionListener@29c1249a, org.springframework.boot.test.autoconfigure.web.servlet.WebDriverTestExecutionListener@5beb6be2]
2019-04-13 15:28:28.310 DEBUG 7068 --- [main] r.n.j.c.validator.HotelSearchValidator   : unit-test Validation for CityCode failed. CityCode is empty or null.
2019-04-13 15:28:28.317 DEBUG 7068 --- [main] r.n.j.c.validator.HotelSearchValidator   : unit-test Validation for CityCode failed. CityCode is empty or null.
2019-04-13 15:28:28.322 DEBUG 7068 --- [main] r.n.j.c.validator.HotelSearchValidator   : unit-test Validation for CityCode failed. CityCode.lenght = 2.
2019-04-13 15:28:28.326 DEBUG 7068 --- [main] r.n.j.c.validator.HotelSearchValidator   : unit-test Validation for CityCode failed. CityCode.lenght = 5.
2019-04-13 15:28:28.334  INFO 7068 --- [main] r.n.j.c.validator.HotelSearchValidator   : unit-test Validation for CityCode is finished. No validation errors.
2019-04-13 15:28:28.351  INFO 7068 --- [main] .b.t.c.SpringBootTestContextBootstrapper : Neither @ContextConfiguration nor @ContextHierarchy found for test class [rr.np.job.controller.validator.HotelSearchValidatorTest], using SpringBootContextLoader
2019-04-13 15:28:28.354  INFO 7068 --- [main] o.s.t.c.support.AbstractContextLoader    : Could not detect default resource locations for test class [rr.np.job.controller.validator.HotelSearchValidatorTest]: no resource found for suffixes {-context.xml, Context.groovy}.
2019-04-13 15:28:28.354  INFO 7068 --- [main] t.c.s.AnnotationConfigContextLoaderUtils : Could not detect default configuration classes for test class [rr.np.job.controller.validator.HotelSearchValidatorTest]: HotelSearchValidatorTest does not declare any static, non-private, non-final, nested classes annotated with @Configuration.
2019-04-13 15:28:28.362  INFO 7068 --- [main] .b.t.c.SpringBootTestContextBootstrapper : Found @SpringBootConfiguration rr.np.job.NpJobTaskStarter for test class rr.np.job.controller.validator.HotelSearchValidatorTest
2019-04-13 15:28:28.366  INFO 7068 --- [main] .b.t.c.SpringBootTestContextBootstrapper : Loaded default TestExecutionListener class names from location [META-INF/spring.factories]: [org.springframework.boot.test.mock.mockito.MockitoTestExecutionListener, org.springframework.boot.test.mock.mockito.ResetMocksTestExecutionListener, org.springframework.boot.test.autoconfigure.restdocs.RestDocsTestExecutionListener, org.springframework.boot.test.autoconfigure.web.client.MockRestServiceServerResetTestExecutionListener, org.springframework.boot.test.autoconfigure.web.servlet.MockMvcPrintOnlyOnFailureTestExecutionListener, org.springframework.boot.test.autoconfigure.web.servlet.WebDriverTestExecutionListener, org.springframework.test.context.web.ServletTestExecutionListener, org.springframework.test.context.support.DirtiesContextBeforeModesTestExecutionListener, org.springframework.test.context.support.DependencyInjectionTestExecutionListener, org.springframework.test.context.support.DirtiesContextTestExecutionListener, org.springframework.test.context.transaction.TransactionalTestExecutionListener, org.springframework.test.context.jdbc.SqlScriptsTestExecutionListener]
2019-04-13 15:28:28.369  INFO 7068 --- [main] .b.t.c.SpringBootTestContextBootstrapper : Using TestExecutionListeners: [org.springframework.test.context.web.ServletTestExecutionListener@6d8b7ea9, org.springframework.test.context.support.DirtiesContextBeforeModesTestExecutionListener@5a39e554, org.springframework.boot.test.mock.mockito.MockitoTestExecutionListener@333d44f6, org.springframework.boot.test.autoconfigure.SpringBootDependencyInjectionTestExecutionListener@350bbd5d, org.springframework.test.context.support.DirtiesContextTestExecutionListener@3c3e363, org.springframework.boot.test.mock.mockito.ResetMocksTestExecutionListener@16c5b50a, org.springframework.boot.test.autoconfigure.restdocs.RestDocsTestExecutionListener@4f8659d0, org.springframework.boot.test.autoconfigure.web.client.MockRestServiceServerResetTestExecutionListener@278fe428, org.springframework.boot.test.autoconfigure.web.servlet.MockMvcPrintOnlyOnFailureTestExecutionListener@3b4bd341, org.springframework.boot.test.autoconfigure.web.servlet.WebDriverTestExecutionListener@1d4cc7]
2019-04-13 15:28:28.376  INFO 7068 --- [main] r.n.j.c.validator.HotelSearchValidator   : unit-test Validation for CityCode is finished. No validation errors.
2019-04-13 15:28:28.377  INFO 7068 --- [main] r.n.j.c.v.CheckInCheckOutDateValidator   : unit-test Validation for CheckInDate and CheckOutDate is finished. No validation errors.
2019-04-13 15:28:28.382  INFO 7068 --- [main] r.n.j.c.validator.HotelSearchValidator   : unit-test Validation for CityCode is finished. No validation errors.
2019-04-13 15:28:28.383 DEBUG 7068 --- [main] r.n.j.c.v.CheckInCheckOutDateValidator   : unit-test Validation for CheckInDate failed. Format of CheckInDate is wrong.
2019-04-13 15:28:28.387  INFO 7068 --- [main] .b.t.c.SpringBootTestContextBootstrapper : Neither @ContextConfiguration nor @ContextHierarchy found for test class [rr.np.job.NpJobTaskStarterTest], using SpringBootContextLoader
2019-04-13 15:28:28.388  INFO 7068 --- [main] o.s.t.c.support.AbstractContextLoader    : Could not detect default resource locations for test class [rr.np.job.NpJobTaskStarterTest]: no resource found for suffixes {-context.xml, Context.groovy}.
2019-04-13 15:28:28.388  INFO 7068 --- [main] t.c.s.AnnotationConfigContextLoaderUtils : Could not detect default configuration classes for test class [rr.np.job.NpJobTaskStarterTest]: NpJobTaskStarterTest does not declare any static, non-private, non-final, nested classes annotated with @Configuration.
2019-04-13 15:28:28.397  INFO 7068 --- [main] .b.t.c.SpringBootTestContextBootstrapper : Found @SpringBootConfiguration rr.np.job.NpJobTaskStarter for test class rr.np.job.NpJobTaskStarterTest
2019-04-13 15:28:28.399  INFO 7068 --- [main] .b.t.c.SpringBootTestContextBootstrapper : Loaded default TestExecutionListener class names from location [META-INF/spring.factories]: [org.springframework.boot.test.mock.mockito.MockitoTestExecutionListener, org.springframework.boot.test.mock.mockito.ResetMocksTestExecutionListener, org.springframework.boot.test.autoconfigure.restdocs.RestDocsTestExecutionListener, org.springframework.boot.test.autoconfigure.web.client.MockRestServiceServerResetTestExecutionListener, org.springframework.boot.test.autoconfigure.web.servlet.MockMvcPrintOnlyOnFailureTestExecutionListener, org.springframework.boot.test.autoconfigure.web.servlet.WebDriverTestExecutionListener, org.springframework.test.context.web.ServletTestExecutionListener, org.springframework.test.context.support.DirtiesContextBeforeModesTestExecutionListener, org.springframework.test.context.support.DependencyInjectionTestExecutionListener, org.springframework.test.context.support.DirtiesContextTestExecutionListener, org.springframework.test.context.transaction.TransactionalTestExecutionListener, org.springframework.test.context.jdbc.SqlScriptsTestExecutionListener]
2019-04-13 15:28:28.401  INFO 7068 --- [main] .b.t.c.SpringBootTestContextBootstrapper : Using TestExecutionListeners: [org.springframework.test.context.web.ServletTestExecutionListener@9e62fb, org.springframework.test.context.support.DirtiesContextBeforeModesTestExecutionListener@205159dc, org.springframework.boot.test.mock.mockito.MockitoTestExecutionListener@43c0c13a, org.springframework.boot.test.autoconfigure.SpringBootDependencyInjectionTestExecutionListener@731db93f, org.springframework.test.context.support.DirtiesContextTestExecutionListener@67941d, org.springframework.boot.test.mock.mockito.ResetMocksTestExecutionListener@2ad2b274, org.springframework.boot.test.autoconfigure.restdocs.RestDocsTestExecutionListener@6fde6f05, org.springframework.boot.test.autoconfigure.web.client.MockRestServiceServerResetTestExecutionListener@7114e780, org.springframework.boot.test.autoconfigure.web.servlet.MockMvcPrintOnlyOnFailureTestExecutionListener@4def42c3, org.springframework.boot.test.autoconfigure.web.servlet.WebDriverTestExecutionListener@72110818]
2019-04-13 15:28:28.522  INFO 7068 --- [Thread-2] o.s.s.concurrent.ThreadPoolTaskExecutor  : Shutting down ExecutorService 'applicationTaskExecutor'
2019-04-13 15:28:28.522  INFO 7068 --- [Thread-4] o.s.s.concurrent.ThreadPoolTaskExecutor  : Shutting down ExecutorService 'applicationTaskExecutor'
2019-04-13 15:40:28.622  INFO 14952 --- [main] r.n.j.c.HotelSearchControllerTest        : Starting HotelSearchControllerTest on RRoschinNB with PID 14952 (started by romros in C:\notwork\np-job-task\np-task-java)
2019-04-13 15:40:28.624 DEBUG 14952 --- [main] r.n.j.c.HotelSearchControllerTest        : Running with Spring Boot v2.1.4.RELEASE, Spring v5.1.6.RELEASE
2019-04-13 15:40:28.625  INFO 14952 --- [main] r.n.j.c.HotelSearchControllerTest        : The following profiles are active: unit-test
2019-04-13 15:40:31.623 DEBUG 14952 --- [main] o.h.v.i.e.resolver.TraversableResolvers  : Cannot find javax.persistence.Persistence on classpath. Assuming non JPA 2 environment. All properties will per default be traversable.
2019-04-13 15:40:31.628 DEBUG 14952 --- [main] .h.v.m.ResourceBundleMessageInterpolator : Loaded expression factory via original TCCL
2019-04-13 15:40:31.644 DEBUG 14952 --- [main] o.h.v.i.e.resolver.TraversableResolvers  : Cannot find javax.persistence.Persistence on classpath. Assuming non JPA 2 environment. All properties will per default be traversable.
2019-04-13 15:40:31.645 DEBUG 14952 --- [main] o.h.v.internal.engine.ConfigurationImpl  : Setting custom MessageInterpolator of type org.springframework.validation.beanvalidation.LocaleContextMessageInterpolator
2019-04-13 15:40:31.647 DEBUG 14952 --- [main] o.h.v.internal.engine.ConfigurationImpl  : Setting custom ConstraintValidatorFactory of type org.springframework.validation.beanvalidation.SpringConstraintValidatorFactory
2019-04-13 15:40:31.650 DEBUG 14952 --- [main] o.h.v.internal.engine.ConfigurationImpl  : Setting custom ParameterNameProvider of type org.springframework.validation.beanvalidation.LocalValidatorFactoryBean$1
2019-04-13 15:40:31.653 DEBUG 14952 --- [main] o.h.v.i.xml.config.ValidationXmlParser   : Trying to load META-INF/validation.xml for XML based Validator configuration.
2019-04-13 15:40:31.653 DEBUG 14952 --- [main] o.h.v.i.xml.config.ResourceLoaderHelper  : Trying to load META-INF/validation.xml via user class loader
2019-04-13 15:40:31.653 DEBUG 14952 --- [main] o.h.v.i.xml.config.ResourceLoaderHelper  : Trying to load META-INF/validation.xml via TCCL
2019-04-13 15:40:31.654 DEBUG 14952 --- [main] o.h.v.i.xml.config.ResourceLoaderHelper  : Trying to load META-INF/validation.xml via Hibernate Validator's class loader
2019-04-13 15:40:31.655 DEBUG 14952 --- [main] o.h.v.i.xml.config.ValidationXmlParser   : No META-INF/validation.xml found. Using annotation based configuration only.
2019-04-13 15:40:31.670 DEBUG 14952 --- [main] o.h.v.i.engine.ValidatorFactoryImpl      : HV000234: Using org.springframework.validation.beanvalidation.LocaleContextMessageInterpolator as ValidatorFactory-scoped message interpolator.
2019-04-13 15:40:31.671 DEBUG 14952 --- [main] o.h.v.i.engine.ValidatorFactoryImpl      : HV000234: Using org.hibernate.validator.internal.engine.resolver.TraverseAllTraversableResolver as ValidatorFactory-scoped traversable resolver.
2019-04-13 15:40:31.672 DEBUG 14952 --- [main] o.h.v.i.engine.ValidatorFactoryImpl      : HV000234: Using org.hibernate.validator.internal.util.ExecutableParameterNameProvider as ValidatorFactory-scoped parameter name provider.
2019-04-13 15:40:31.673 DEBUG 14952 --- [main] o.h.v.i.engine.ValidatorFactoryImpl      : HV000234: Using org.hibernate.validator.internal.engine.DefaultClockProvider as ValidatorFactory-scoped clock provider.
2019-04-13 15:40:31.673 DEBUG 14952 --- [main] o.h.v.i.engine.ValidatorFactoryImpl      : HV000234: Using org.hibernate.validator.internal.engine.scripting.DefaultScriptEvaluatorFactory as ValidatorFactory-scoped script evaluator factory.
2019-04-13 15:40:32.201  INFO 14952 --- [main] o.s.s.concurrent.ThreadPoolTaskExecutor  : Initializing ExecutorService 'applicationTaskExecutor'
2019-04-13 15:40:32.873  INFO 14952 --- [main] o.s.b.t.m.w.SpringBootMockServletContext : Initializing Spring TestDispatcherServlet ''
2019-04-13 15:40:32.874  INFO 14952 --- [main] o.s.t.web.servlet.TestDispatcherServlet  : Initializing Servlet ''
2019-04-13 15:40:32.907  INFO 14952 --- [main] o.s.t.web.servlet.TestDispatcherServlet  : Completed initialization in 33 ms
2019-04-13 15:40:32.953  INFO 14952 --- [main] r.n.j.c.HotelSearchControllerTest        : Started HotelSearchControllerTest in 5.29 seconds (JVM running for 6.741)
2019-04-13 15:40:33.587  INFO 14952 --- [main] r.n.j.controller.HotelSearchController   : <098e088e-89e8-4fdf-b591-3903d1d0d2b0> GET Request to /hotels. CityCode: PAR
2019-04-13 15:40:33.587  INFO 14952 --- [main] r.n.j.c.validator.HotelSearchValidator   : <098e088e-89e8-4fdf-b591-3903d1d0d2b0> Validation for CityCode is finished. No validation errors.
2019-04-13 15:40:33.596 DEBUG 14952 --- [main] r.n.j.c.v.CheckInCheckOutDateValidator   : <098e088e-89e8-4fdf-b591-3903d1d0d2b0> Validation for CheckInDate failed. Format of CheckInDate is wrong.
2019-04-13 15:40:33.596  WARN 14952 --- [main] r.n.j.controller.HotelSearchController   : <098e088e-89e8-4fdf-b591-3903d1d0d2b0> GET Request to /hotels is rejected. Validation Error.
2019-04-13 15:40:33.760  INFO 14952 --- [main] r.n.j.controller.HotelSearchController   : <08674f79-3cf7-4b75-89cc-b86398ebc8bb> GET Request to /hotels. CityCode: PAR
2019-04-13 15:40:33.762  INFO 14952 --- [main] r.n.j.c.validator.HotelSearchValidator   : <08674f79-3cf7-4b75-89cc-b86398ebc8bb> Validation for CityCode is finished. No validation errors.
2019-04-13 15:40:33.764  INFO 14952 --- [main] r.n.j.c.v.CheckInCheckOutDateValidator   : <08674f79-3cf7-4b75-89cc-b86398ebc8bb> Validation for CheckInDate and CheckOutDate is finished. No validation errors.
2019-04-13 15:40:33.776 DEBUG 14952 --- [pool-1-thread-1] rr.np.job.service.HotelSearchService     : <08674f79-3cf7-4b75-89cc-b86398ebc8bb> Completed request to Amadeus API. Number of Hotels found: 4
2019-04-13 15:40:33.811  INFO 14952 --- [main] .b.t.c.SpringBootTestContextBootstrapper : Neither @ContextConfiguration nor @ContextHierarchy found for test class [rr.np.job.controller.validator.CheckInCheckOutDateValidatorTest], using SpringBootContextLoader
2019-04-13 15:40:33.788 DEBUG 14952 --- [pool-1-thread-1] rr.np.job.service.HotelSearchService     : <08674f79-3cf7-4b75-89cc-b86398ebc8bb> HotelSearch request is completed successfully. Response: <200 OK OK,[HotelSearchResponse(hotelName=CONCORDE OPERA PARIS OPERA PARIS, hotelAddress=LEFISTON STREET, PARIS, null, hotelPhoneNumber=1-305-436-1811, roomRate=129.94), HotelSearchResponse(hotelName=BEST WESTERN AU TROCADERO, hotelAddress=3 AVENUE RAYMOND-POINCARE , PARIS, FR75116, hotelPhoneNumber=33-1-47273330, roomRate=151.65), HotelSearchResponse(hotelName=CONCORDE OPERA PARIS OPERA PARIS 2, hotelAddress=LEFISTON STREET 2, PARIS, null, hotelPhoneNumber=1-305-436-1811, roomRate=189.94)],[]>
2019-04-13 15:40:33.814  INFO 14952 --- [main] o.s.t.c.support.AbstractContextLoader    : Could not detect default resource locations for test class [rr.np.job.controller.validator.CheckInCheckOutDateValidatorTest]: no resource found for suffixes {-context.xml, Context.groovy}.
2019-04-13 15:40:33.815  INFO 14952 --- [main] t.c.s.AnnotationConfigContextLoaderUtils : Could not detect default configuration classes for test class [rr.np.job.controller.validator.CheckInCheckOutDateValidatorTest]: CheckInCheckOutDateValidatorTest does not declare any static, non-private, non-final, nested classes annotated with @Configuration.
2019-04-13 15:40:33.846  INFO 14952 --- [main] .b.t.c.SpringBootTestContextBootstrapper : Found @SpringBootConfiguration rr.np.job.NpJobTaskStarter for test class rr.np.job.controller.validator.CheckInCheckOutDateValidatorTest
2019-04-13 15:40:33.848  INFO 14952 --- [main] .b.t.c.SpringBootTestContextBootstrapper : Loaded default TestExecutionListener class names from location [META-INF/spring.factories]: [org.springframework.boot.test.mock.mockito.MockitoTestExecutionListener, org.springframework.boot.test.mock.mockito.ResetMocksTestExecutionListener, org.springframework.boot.test.autoconfigure.restdocs.RestDocsTestExecutionListener, org.springframework.boot.test.autoconfigure.web.client.MockRestServiceServerResetTestExecutionListener, org.springframework.boot.test.autoconfigure.web.servlet.MockMvcPrintOnlyOnFailureTestExecutionListener, org.springframework.boot.test.autoconfigure.web.servlet.WebDriverTestExecutionListener, org.springframework.test.context.web.ServletTestExecutionListener, org.springframework.test.context.support.DirtiesContextBeforeModesTestExecutionListener, org.springframework.test.context.support.DependencyInjectionTestExecutionListener, org.springframework.test.context.support.DirtiesContextTestExecutionListener, org.springframework.test.context.transaction.TransactionalTestExecutionListener, org.springframework.test.context.jdbc.SqlScriptsTestExecutionListener]
2019-04-13 15:40:33.851  INFO 14952 --- [main] .b.t.c.SpringBootTestContextBootstrapper : Using TestExecutionListeners: [org.springframework.test.context.web.ServletTestExecutionListener@14d1737a, org.springframework.test.context.support.DirtiesContextBeforeModesTestExecutionListener@482a58c7, org.springframework.boot.test.mock.mockito.MockitoTestExecutionListener@3e74fd84, org.springframework.boot.test.autoconfigure.SpringBootDependencyInjectionTestExecutionListener@147efd9, org.springframework.test.context.support.DirtiesContextTestExecutionListener@1e120628, org.springframework.boot.test.mock.mockito.ResetMocksTestExecutionListener@4e4894d, org.springframework.boot.test.autoconfigure.restdocs.RestDocsTestExecutionListener@1de5cc88, org.springframework.boot.test.autoconfigure.web.client.MockRestServiceServerResetTestExecutionListener@23e2c1ca, org.springframework.boot.test.autoconfigure.web.servlet.MockMvcPrintOnlyOnFailureTestExecutionListener@2d4fb0d8, org.springframework.boot.test.autoconfigure.web.servlet.WebDriverTestExecutionListener@dc1fadd]
2019-04-13 15:40:33.934  INFO 14952 --- [main] n.j.c.v.CheckInCheckOutDateValidatorTest : Starting CheckInCheckOutDateValidatorTest on RRoschinNB with PID 14952 (started by romros in C:\notwork\np-job-task\np-task-java)
2019-04-13 15:40:33.935 DEBUG 14952 --- [main] n.j.c.v.CheckInCheckOutDateValidatorTest : Running with Spring Boot v2.1.4.RELEASE, Spring v5.1.6.RELEASE
2019-04-13 15:40:33.936  INFO 14952 --- [main] n.j.c.v.CheckInCheckOutDateValidatorTest : The following profiles are active: unit-test
2019-04-13 15:40:34.534 DEBUG 14952 --- [main] o.h.v.i.e.resolver.TraversableResolvers  : Cannot find javax.persistence.Persistence on classpath. Assuming non JPA 2 environment. All properties will per default be traversable.
2019-04-13 15:40:34.535 DEBUG 14952 --- [main] .h.v.m.ResourceBundleMessageInterpolator : Loaded expression factory via original TCCL
2019-04-13 15:40:34.544 DEBUG 14952 --- [main] o.h.v.i.e.resolver.TraversableResolvers  : Cannot find javax.persistence.Persistence on classpath. Assuming non JPA 2 environment. All properties will per default be traversable.
2019-04-13 15:40:34.545 DEBUG 14952 --- [main] o.h.v.internal.engine.ConfigurationImpl  : Setting custom MessageInterpolator of type org.springframework.validation.beanvalidation.LocaleContextMessageInterpolator
2019-04-13 15:40:34.545 DEBUG 14952 --- [main] o.h.v.internal.engine.ConfigurationImpl  : Setting custom ConstraintValidatorFactory of type org.springframework.validation.beanvalidation.SpringConstraintValidatorFactory
2019-04-13 15:40:34.546 DEBUG 14952 --- [main] o.h.v.internal.engine.ConfigurationImpl  : Setting custom ParameterNameProvider of type org.springframework.validation.beanvalidation.LocalValidatorFactoryBean$1
2019-04-13 15:40:34.549 DEBUG 14952 --- [main] o.h.v.i.xml.config.ValidationXmlParser   : Trying to load META-INF/validation.xml for XML based Validator configuration.
2019-04-13 15:40:34.549 DEBUG 14952 --- [main] o.h.v.i.xml.config.ResourceLoaderHelper  : Trying to load META-INF/validation.xml via user class loader
2019-04-13 15:40:34.550 DEBUG 14952 --- [main] o.h.v.i.xml.config.ResourceLoaderHelper  : Trying to load META-INF/validation.xml via TCCL
2019-04-13 15:40:34.550 DEBUG 14952 --- [main] o.h.v.i.xml.config.ResourceLoaderHelper  : Trying to load META-INF/validation.xml via Hibernate Validator's class loader
2019-04-13 15:40:34.551 DEBUG 14952 --- [main] o.h.v.i.xml.config.ValidationXmlParser   : No META-INF/validation.xml found. Using annotation based configuration only.
2019-04-13 15:40:34.564 DEBUG 14952 --- [main] o.h.v.i.engine.ValidatorFactoryImpl      : HV000234: Using org.springframework.validation.beanvalidation.LocaleContextMessageInterpolator as ValidatorFactory-scoped message interpolator.
2019-04-13 15:40:34.564 DEBUG 14952 --- [main] o.h.v.i.engine.ValidatorFactoryImpl      : HV000234: Using org.hibernate.validator.internal.engine.resolver.TraverseAllTraversableResolver as ValidatorFactory-scoped traversable resolver.
2019-04-13 15:40:34.565 DEBUG 14952 --- [main] o.h.v.i.engine.ValidatorFactoryImpl      : HV000234: Using org.hibernate.validator.internal.util.ExecutableParameterNameProvider as ValidatorFactory-scoped parameter name provider.
2019-04-13 15:40:34.567 DEBUG 14952 --- [main] o.h.v.i.engine.ValidatorFactoryImpl      : HV000234: Using org.hibernate.validator.internal.engine.DefaultClockProvider as ValidatorFactory-scoped clock provider.
2019-04-13 15:40:34.567 DEBUG 14952 --- [main] o.h.v.i.engine.ValidatorFactoryImpl      : HV000234: Using org.hibernate.validator.internal.engine.scripting.DefaultScriptEvaluatorFactory as ValidatorFactory-scoped script evaluator factory.
2019-04-13 15:40:34.768  INFO 14952 --- [main] o.s.s.concurrent.ThreadPoolTaskExecutor  : Initializing ExecutorService 'applicationTaskExecutor'
2019-04-13 15:40:34.958  INFO 14952 --- [main] n.j.c.v.CheckInCheckOutDateValidatorTest : Started CheckInCheckOutDateValidatorTest in 1.102 seconds (JVM running for 8.746)
2019-04-13 15:40:34.963 DEBUG 14952 --- [main] r.n.j.c.v.CheckInCheckOutDateValidator   : unit-test Validation for CheckInDate failed. Format of CheckInDate is wrong.
2019-04-13 15:40:35.031  INFO 14952 --- [main] r.n.j.c.v.CheckInCheckOutDateValidator   : unit-test Validation for CheckInDate and CheckOutDate is finished. No validation errors.
2019-04-13 15:40:35.035 DEBUG 14952 --- [main] r.n.j.c.v.CheckInCheckOutDateValidator   : unit-test Validation for CheckInDate failed. Format of CheckOutDate is wrong.
2019-04-13 15:40:35.039 DEBUG 14952 --- [main] r.n.j.c.v.CheckInCheckOutDateValidator   : unit-test Validation for CheckInDate failed. Format of CheckInDate is wrong.
2019-04-13 15:40:35.044 DEBUG 14952 --- [main] r.n.j.c.v.CheckInCheckOutDateValidator   : unit-test Validation for CheckInDate failed. CheckOutDate is before. CheckinDate
2019-04-13 15:40:35.047 DEBUG 14952 --- [main] r.n.j.c.v.CheckInCheckOutDateValidator   : unit-test Validation for CheckInDate failed. CheckInDate is in the past.
2019-04-13 15:40:35.051  INFO 14952 --- [main] .b.t.c.SpringBootTestContextBootstrapper : Neither @ContextConfiguration nor @ContextHierarchy found for test class [rr.np.job.controller.validator.CityCodeValidatorTest], using SpringBootContextLoader
2019-04-13 15:40:35.052  INFO 14952 --- [main] o.s.t.c.support.AbstractContextLoader    : Could not detect default resource locations for test class [rr.np.job.controller.validator.CityCodeValidatorTest]: no resource found for suffixes {-context.xml, Context.groovy}.
2019-04-13 15:40:35.053  INFO 14952 --- [main] t.c.s.AnnotationConfigContextLoaderUtils : Could not detect default configuration classes for test class [rr.np.job.controller.validator.CityCodeValidatorTest]: CityCodeValidatorTest does not declare any static, non-private, non-final, nested classes annotated with @Configuration.
2019-04-13 15:40:35.056  INFO 14952 --- [main] .b.t.c.SpringBootTestContextBootstrapper : Found @SpringBootConfiguration rr.np.job.NpJobTaskStarter for test class rr.np.job.controller.validator.CityCodeValidatorTest
2019-04-13 15:40:35.058  INFO 14952 --- [main] .b.t.c.SpringBootTestContextBootstrapper : Loaded default TestExecutionListener class names from location [META-INF/spring.factories]: [org.springframework.boot.test.mock.mockito.MockitoTestExecutionListener, org.springframework.boot.test.mock.mockito.ResetMocksTestExecutionListener, org.springframework.boot.test.autoconfigure.restdocs.RestDocsTestExecutionListener, org.springframework.boot.test.autoconfigure.web.client.MockRestServiceServerResetTestExecutionListener, org.springframework.boot.test.autoconfigure.web.servlet.MockMvcPrintOnlyOnFailureTestExecutionListener, org.springframework.boot.test.autoconfigure.web.servlet.WebDriverTestExecutionListener, org.springframework.test.context.web.ServletTestExecutionListener, org.springframework.test.context.support.DirtiesContextBeforeModesTestExecutionListener, org.springframework.test.context.support.DependencyInjectionTestExecutionListener, org.springframework.test.context.support.DirtiesContextTestExecutionListener, org.springframework.test.context.transaction.TransactionalTestExecutionListener, org.springframework.test.context.jdbc.SqlScriptsTestExecutionListener]
2019-04-13 15:40:35.060  INFO 14952 --- [main] .b.t.c.SpringBootTestContextBootstrapper : Using TestExecutionListeners: [org.springframework.test.context.web.ServletTestExecutionListener@16c5b50a, org.springframework.test.context.support.DirtiesContextBeforeModesTestExecutionListener@4f8659d0, org.springframework.boot.test.mock.mockito.MockitoTestExecutionListener@278fe428, org.springframework.boot.test.autoconfigure.SpringBootDependencyInjectionTestExecutionListener@3b4bd341, org.springframework.test.context.support.DirtiesContextTestExecutionListener@1d4cc7, org.springframework.boot.test.mock.mockito.ResetMocksTestExecutionListener@7d28cdcd, org.springframework.boot.test.autoconfigure.restdocs.RestDocsTestExecutionListener@255ed8e4, org.springframework.boot.test.autoconfigure.web.client.MockRestServiceServerResetTestExecutionListener@406ad6d5, org.springframework.boot.test.autoconfigure.web.servlet.MockMvcPrintOnlyOnFailureTestExecutionListener@2a7bc16b, org.springframework.boot.test.autoconfigure.web.servlet.WebDriverTestExecutionListener@1186374c]
2019-04-13 15:40:35.065 DEBUG 14952 --- [main] r.n.j.c.validator.HotelSearchValidator   : unit-test Validation for CityCode failed. CityCode is empty or null.
2019-04-13 15:40:35.070 DEBUG 14952 --- [main] r.n.j.c.validator.HotelSearchValidator   : unit-test Validation for CityCode failed. CityCode is empty or null.
2019-04-13 15:40:35.074 DEBUG 14952 --- [main] r.n.j.c.validator.HotelSearchValidator   : unit-test Validation for CityCode failed. CityCode.lenght = 2.
2019-04-13 15:40:35.078 DEBUG 14952 --- [main] r.n.j.c.validator.HotelSearchValidator   : unit-test Validation for CityCode failed. CityCode.lenght = 5.
2019-04-13 15:40:35.082  INFO 14952 --- [main] r.n.j.c.validator.HotelSearchValidator   : unit-test Validation for CityCode is finished. No validation errors.
2019-04-13 15:40:35.088  INFO 14952 --- [main] .b.t.c.SpringBootTestContextBootstrapper : Neither @ContextConfiguration nor @ContextHierarchy found for test class [rr.np.job.controller.validator.HotelSearchValidatorTest], using SpringBootContextLoader
2019-04-13 15:40:35.091  INFO 14952 --- [main] o.s.t.c.support.AbstractContextLoader    : Could not detect default resource locations for test class [rr.np.job.controller.validator.HotelSearchValidatorTest]: no resource found for suffixes {-context.xml, Context.groovy}.
2019-04-13 15:40:35.092  INFO 14952 --- [main] t.c.s.AnnotationConfigContextLoaderUtils : Could not detect default configuration classes for test class [rr.np.job.controller.validator.HotelSearchValidatorTest]: HotelSearchValidatorTest does not declare any static, non-private, non-final, nested classes annotated with @Configuration.
2019-04-13 15:40:35.097  INFO 14952 --- [main] .b.t.c.SpringBootTestContextBootstrapper : Found @SpringBootConfiguration rr.np.job.NpJobTaskStarter for test class rr.np.job.controller.validator.HotelSearchValidatorTest
2019-04-13 15:40:35.098  INFO 14952 --- [main] .b.t.c.SpringBootTestContextBootstrapper : Loaded default TestExecutionListener class names from location [META-INF/spring.factories]: [org.springframework.boot.test.mock.mockito.MockitoTestExecutionListener, org.springframework.boot.test.mock.mockito.ResetMocksTestExecutionListener, org.springframework.boot.test.autoconfigure.restdocs.RestDocsTestExecutionListener, org.springframework.boot.test.autoconfigure.web.client.MockRestServiceServerResetTestExecutionListener, org.springframework.boot.test.autoconfigure.web.servlet.MockMvcPrintOnlyOnFailureTestExecutionListener, org.springframework.boot.test.autoconfigure.web.servlet.WebDriverTestExecutionListener, org.springframework.test.context.web.ServletTestExecutionListener, org.springframework.test.context.support.DirtiesContextBeforeModesTestExecutionListener, org.springframework.test.context.support.DependencyInjectionTestExecutionListener, org.springframework.test.context.support.DirtiesContextTestExecutionListener, org.springframework.test.context.transaction.TransactionalTestExecutionListener, org.springframework.test.context.jdbc.SqlScriptsTestExecutionListener]
2019-04-13 15:40:35.100  INFO 14952 --- [main] .b.t.c.SpringBootTestContextBootstrapper : Using TestExecutionListeners: [org.springframework.test.context.web.ServletTestExecutionListener@67941d, org.springframework.test.context.support.DirtiesContextBeforeModesTestExecutionListener@2ad2b274, org.springframework.boot.test.mock.mockito.MockitoTestExecutionListener@6fde6f05, org.springframework.boot.test.autoconfigure.SpringBootDependencyInjectionTestExecutionListener@7114e780, org.springframework.test.context.support.DirtiesContextTestExecutionListener@4def42c3, org.springframework.boot.test.mock.mockito.ResetMocksTestExecutionListener@72110818, org.springframework.boot.test.autoconfigure.restdocs.RestDocsTestExecutionListener@6eabe718, org.springframework.boot.test.autoconfigure.web.client.MockRestServiceServerResetTestExecutionListener@38d525aa, org.springframework.boot.test.autoconfigure.web.servlet.MockMvcPrintOnlyOnFailureTestExecutionListener@f9b8129, org.springframework.boot.test.autoconfigure.web.servlet.WebDriverTestExecutionListener@7530090a]
2019-04-13 15:40:35.108  INFO 14952 --- [main] r.n.j.c.validator.HotelSearchValidator   : unit-test Validation for CityCode is finished. No validation errors.
2019-04-13 15:40:35.108  INFO 14952 --- [main] r.n.j.c.v.CheckInCheckOutDateValidator   : unit-test Validation for CheckInDate and CheckOutDate is finished. No validation errors.
2019-04-13 15:40:35.112  INFO 14952 --- [main] r.n.j.c.validator.HotelSearchValidator   : unit-test Validation for CityCode is finished. No validation errors.
2019-04-13 15:40:35.112 DEBUG 14952 --- [main] r.n.j.c.v.CheckInCheckOutDateValidator   : unit-test Validation for CheckInDate failed. Format of CheckInDate is wrong.
2019-04-13 15:40:35.117  INFO 14952 --- [main] .b.t.c.SpringBootTestContextBootstrapper : Neither @ContextConfiguration nor @ContextHierarchy found for test class [rr.np.job.NpJobTaskStarterTest], using SpringBootContextLoader
2019-04-13 15:40:35.118  INFO 14952 --- [main] o.s.t.c.support.AbstractContextLoader    : Could not detect default resource locations for test class [rr.np.job.NpJobTaskStarterTest]: no resource found for suffixes {-context.xml, Context.groovy}.
2019-04-13 15:40:35.118  INFO 14952 --- [main] t.c.s.AnnotationConfigContextLoaderUtils : Could not detect default configuration classes for test class [rr.np.job.NpJobTaskStarterTest]: NpJobTaskStarterTest does not declare any static, non-private, non-final, nested classes annotated with @Configuration.
2019-04-13 15:40:35.126  INFO 14952 --- [main] .b.t.c.SpringBootTestContextBootstrapper : Found @SpringBootConfiguration rr.np.job.NpJobTaskStarter for test class rr.np.job.NpJobTaskStarterTest
2019-04-13 15:40:35.128  INFO 14952 --- [main] .b.t.c.SpringBootTestContextBootstrapper : Loaded default TestExecutionListener class names from location [META-INF/spring.factories]: [org.springframework.boot.test.mock.mockito.MockitoTestExecutionListener, org.springframework.boot.test.mock.mockito.ResetMocksTestExecutionListener, org.springframework.boot.test.autoconfigure.restdocs.RestDocsTestExecutionListener, org.springframework.boot.test.autoconfigure.web.client.MockRestServiceServerResetTestExecutionListener, org.springframework.boot.test.autoconfigure.web.servlet.MockMvcPrintOnlyOnFailureTestExecutionListener, org.springframework.boot.test.autoconfigure.web.servlet.WebDriverTestExecutionListener, org.springframework.test.context.web.ServletTestExecutionListener, org.springframework.test.context.support.DirtiesContextBeforeModesTestExecutionListener, org.springframework.test.context.support.DependencyInjectionTestExecutionListener, org.springframework.test.context.support.DirtiesContextTestExecutionListener, org.springframework.test.context.transaction.TransactionalTestExecutionListener, org.springframework.test.context.jdbc.SqlScriptsTestExecutionListener]
2019-04-13 15:40:35.129  INFO 14952 --- [main] .b.t.c.SpringBootTestContextBootstrapper : Using TestExecutionListeners: [org.springframework.test.context.web.ServletTestExecutionListener@5353dd09, org.springframework.test.context.support.DirtiesContextBeforeModesTestExecutionListener@320ff86f, org.springframework.boot.test.mock.mockito.MockitoTestExecutionListener@192b472d, org.springframework.boot.test.autoconfigure.SpringBootDependencyInjectionTestExecutionListener@84f51d9, org.springframework.test.context.support.DirtiesContextTestExecutionListener@45b96e4c, org.springframework.boot.test.mock.mockito.ResetMocksTestExecutionListener@8383a14, org.springframework.boot.test.autoconfigure.restdocs.RestDocsTestExecutionListener@4b691611, org.springframework.boot.test.autoconfigure.web.client.MockRestServiceServerResetTestExecutionListener@395a573c, org.springframework.boot.test.autoconfigure.web.servlet.MockMvcPrintOnlyOnFailureTestExecutionListener@379f9555, org.springframework.boot.test.autoconfigure.web.servlet.WebDriverTestExecutionListener@7e3ee128]
2019-04-13 15:40:35.226  INFO 14952 --- [Thread-2] o.s.s.concurrent.ThreadPoolTaskExecutor  : Shutting down ExecutorService 'applicationTaskExecutor'
2019-04-13 15:40:35.226  INFO 14952 --- [Thread-4] o.s.s.concurrent.ThreadPoolTaskExecutor  : Shutting down ExecutorService 'applicationTaskExecutor'
